114,235 115,236 116,235 116,234 115,233 114,234
45,130 45,131 45,132 45,133 45,134 45,135 45,136 46,137 47,138 48,139 49,138 50,139 51,138 52,137 52,136 52,135 52,134 52,133 51,132 50,131 49,130 48,129 47,128 46,129
216,7 217,8 217,9 218,10 219,11 220,12 221,13 222,12 223,13 224,12 225,13 226,13 227,12 228,12 229,11 230,10 230,9 230,8 230,7 229,6 228,5 227,6 226,6 225,7 224,6 223,5 222,6 221,5 220,6 219,5 218,5 217,5 216,6
63,139 64,140 65,141 66,142 67,143 68,144 67,145 68,146 67,147 68,148 67,149 68,150 69,151 70,152 71,153 72,152 73,151 74,150 75,149 76,148 77,148 78,147 79,147 80,146 81,146 82,145 83,145 84,144 85,143 86,142 87,141 88,140 89,139 89,138 89,137 88,136 87,135 86,134 87,133 87,132 86,131 87,130 86,129 85,128 84,127 83,127 82,128 81,129 80,130 79,129 78,130 77,129 76,130 75,129 74,130 73,129 72,130 71,131 70,131 69,132 68,133 67,134 66,135 65,136 64,137 63,138
210,74 211,75 212,76 213,77 214,76 215,76 216,75 217,74 218,74 219,75 220,74 221,74 222,73 223,72 224,71 224,70 223,69 222,68 221,67 220,66 219,66 218,66 217,67 216,68 215,69 214,70 213,71 212,70 211,71 210,72 210,73
120,27 121,28 122,27 121,26
63,109 64,110 65,111 65,112 66,113 67,112 68,111 69,110 70,109 71,108 72,109 73,108 74,109 75,108 76,109 77,108 78,109 79,108 80,109 81,108 82,107 82,106 81,105 80,104 79,103 80,102 79,101 80,100 79,99 79,98 79,97 78,96 79,95 78,94 79,93 78,92 78,91 77,90 76,89 75,89 74,89 73,90 72,91 71,92 70,93 69,94 69,95 68,96 67,97 66,98 65,99 64,100 63,101 64,102 64,103 63,104 63,105 63,106 64,107 63,108
71,248 72,249 73,249 74,249 75,249 76,249 77,249 78,249 79,249 80,249 81,248 81,247 81,246 81,245 80,244 79,243 79,242 78,241 77,241 76,241 75,241 74,242 73,243 72,244 71,245 72,246 71,247
219,164 220,165 221,166 222,167 223,168 224,169 225,168 226,169 227,168 228,169 229,168 230,169 231,168 232,169 233,168 234,169 235,168 236,169 237,168 238,169 239,169 240,169 241,169 242,168 243,167 244,166 245,165 245,164 245,163 245,162 244,161 243,160 242,159 241,158 240,157 241,156 241,155 240,154 241,153 240,152 241,151 240,150 241,149 240,148 239,147 239,146 238,145 238,144 237,143 236,142 235,141 234,141 233,141 232,142 231,142 230,143 229,144 228,145 227,146 226,147 225,148 224,149 223,150 222,151 221,152 220,153 219,154 220,155 219,156 219,157 219,158 220,159 219,160 220,161 219,162 219,163
206,177 207,178 208,179 209,180 210,180 211,180 212,180 213,180 214,180 215,179 216,178 217,177 218,176 219,176 220,176 221,175 222,174 223,173 222,172 221,171 220,170 219,170 218,170 217,170 216,170 215,171 214,172 213,173 212,172 211,173 210,173 209,174 208,173 207,174 206,175 206,176
230,192 231,193 232,194 233,195 234,196 235,197 236,198 237,199 236,200 237,201 237,202 238,203 239,204 240,205 241,204 242,203 243,203 244,204 245,203 246,204 247,203 248,204 249,203 249,202 249,201 249,200 249,199 249,198 248,197 247,196 246,195 245,194 245,193 244,192 243,191 242,190 241,189 242,188 242,187 241,186 242,185 241,184 242,183 241,182 240,181 239,180 239,179 238,178 237,178 236,178 235,178 234,179 233,180 232,181 231,182 230,183 231,184 230,185 231,186 230,187 231,188 230,189 231,190 230,191
225,237 226,238 227,239 228,239 229,238 230,237 231,237 232,236 233,236 234,236 235,235 236,235 237,234 236,233 237,232 236,231 236,230 235,229 234,228 234,227 233,226 232,225 231,225 230,225 229,225 228,225 227,226 226,227 225,228 226,229 225,230 226,231 225,232 226,233 225,234 225,235 225,236
140,185 141,186 140,187 141,188 141,189 142,190 143,191 144,192 145,192 146,192 147,192 148,191 149,190 150,189 151,188 151,187 150,186 151,185 150,184 151,183 151,182 150,181 149,180 148,179 147,178 146,178 145,179 144,179 143,180 142,181 141,182 140,183 141,184
126,91 127,92 128,92 129,93 130,94 131,95 132,96 133,97 134,96 135,95 136,94 136,93 136,92 136,91 136,90 136,89 136,88 136,87 135,86 134,85 133,85 132,85 131,86 130,86 129,87 128,88 127,89 126,90
226,180 227,181 228,182 229,182 230,181 231,181 232,180 233,179 233,178 232,177 231,176 230,175 229,175 228,176 227,177 226,178 227,179
0,124 0,125 1,126 2,127 3,128 4,129 5,129 6,128 7,127 8,127 9,126 10,125 10,124 9,123 8,122 7,121 8,120 7,119 7,118 6,117 5,118 4,119 3,120 2,121 1,122 0,123
215,118 216,119 217,120 218,121 219,122 220,123 221,123 222,124 223,125 224,125 225,124 226,123 226,122 226,121 226,120 226,119 226,118 226,117 226,116 226,115 226,114 226,113 225,112 224,111 223,110 222,109 221,110 220,109 219,110 218,109 217,110 216,111 215,112 216,113 215,114 216,115 215,116 215,117
40,154 40,155 41,156 42,157 43,158 44,159 45,160 46,161 47,162 48,161 49,162 50,161 51,162 52,161 53,160 54,160 55,159 56,158 57,157 57,156 57,155 57,154 56,153 55,152 54,151 53,150 52,151 51,150 50,151 49,150 48,151 47,150 46,151 45,150 44,150 43,150 42,151 41,152 40,153
2,50 3,51 4,50 3,49
87,81 87,82 87,83 88,84 89,84 90,84 91,83 92,82 93,81 93,80 92,79 91,79 90,79 89,79 88,80
210,61 210,62 211,63 212,64 213,64 214,63 215,63 216,62 217,63 218,62 219,62 220,61 219,60 218,59 217,58 216,57 215,58 214,57 213,58 212,58 211,59 210,60
66,168 67,169 68,170 69,169 70,170 71,170 72,169 73,168 73,167 72,166 71,165 70,165 69,165 68,165 67,166 66,167
73,55 73,56 74,57 75,58 76,59 77,59 78,60 79,61 80,62 81,63 82,64 83,64 84,64 85,64 86,64 87,64 88,64 89,64 90,64 91,64 92,64 93,63 92,62 91,61 90,60 89,59 88,58 87,57 86,56 87,55 88,54 87,53 88,52 87,51 88,50 87,49 87,48 86,47 85,46 84,47 83,48 82,49 81,50 80,50 79,49 78,50 77,49 76,50 75,51 74,52 73,53 74,54
63,94 63,95 63,96 64,97 65,98 66,98 67,97 68,96 69,95 68,94 67,93 66,92 65,93 64,93
217,42 217,43 218,44 219,45 220,46 221,47 222,48 223,49 224,50 225,51 226,51 227,50 228,49 228,48 228,47 228,46 227,45 226,44 225,43 224,42 223,41 222,40 221,41 220,40 219,40 218,41
100,78 101,79 100,80 100,81 100,82 100,83 100,84 101,85 102,86 103,87 104,88 105,89 106,89 107,89 108,88 109,87 110,86 111,86 112,85 113,84 114,83 115,82 116,81 117,80 118,79 119,78 120,77 121,76 120,75 121,74 120,73 121,72 122,71 122,70 121,69 122,68 122,67 121,66 120,65 119,64 118,64 117,64 116,65 115,65 114,66 113,66 112,67 111,68 110,69 109,70 108,71 107,72 106,73 106,74 105,75 104,76 103,77 102,77 101,77
21,234 22,235 23,236 24,237 25,238 26,239 27,240 28,241 29,241 30,240 31,239 32,238 33,237 32,236 33,235 32,234 33,233 32,232 33,231 33,230 33,229 32,228 31,227 30,226 31,225 32,224 31,223 32,222 31,221 32,220 31,219 32,218 31,217 32,216 31,215 32,214 33,213 32,212 33,211 33,210 32,209 33,208 33,207 32,206 31,206 30,206 29,206 28,206 27,207 26,208 25,208 24,209 23,210 22,211 21,212 21,213 21,214 21,215 21,216 21,217 21,218 21,219 21,220 21,221 21,222 21,223 21,224 22,225 21,226 22,227 21,228 21,229 21,230 22,231 21,232 21,233
0,234 1,235 0,236 1,237 0,238 1,239 0,240 0,241 0,242 0,243 0,244 0,245 1,246 1,247 2,248 3,249 4,249 5,249 6,249 7,249 8,249 9,249 10,249 11,249 12,248 11,247 12,246 12,245 11,244 12,243 11,242 12,241 11,240 12,239 12,238 12,237 12,236 12,235 11,234 11,233 10,232 9,231 8,230 7,230 6,230 5,230 4,231 3,231 2,232 1,233
115,51 115,52 115,53 116,54 117,55 118,55 119,55 120,54 121,53 122,52 123,51 124,51 125,52 126,51 127,52 128,51 129,50 130,49 131,48 132,47 133,46 134,45 135,44 136,43 137,42 138,41 138,40 139,39 139,38 138,37 139,36 138,35 139,34 139,33 138,32 137,31 136,30 135,29 134,29 133,30 132,30 131,31 130,31 129,32 128,31 127,32 126,31 125,32 124,33 123,34 122,35 121,36 120,37 119,38 118,39 119,40 119,41 118,42 117,43 116,44 115,45 116,46 115,47 116,48 115,49 116,50
178,176 178,177 179,178 180,179 181,180 182,181 183,181 184,181 185,181 186,180 187,181 188,180 189,181 190,180 191,181 192,180 193,181 194,180 195,180 196,179 197,178 197,177 197,176 196,175 195,174 195,173 194,172 194,171 193,170 192,170 191,170 190,171 189,172 188,172 187,173 186,174 185,175 184,174 183,175 182,174 181,175 180,174 179,175
147,32 147,33 148,34 148,35 147,36 148,37 147,38 148,39 149,40 150,41 151,42 152,43 153,42 154,43 155,44 156,45 157,46 157,47 158,48 158,49 157,50 158,51 157,52 158,53 157,54 158,55 157,56 158,57 158,58 159,59 160,60 161,61 162,62 163,63 164,62 165,61 166,62 167,63 168,64 169,63 170,64 171,63 172,64 173,64 174,64 175,64 176,63 177,63 178,62 179,61 180,60 180,59 180,58 180,57 179,56 178,55 177,54 176,53 175,52 174,51 173,50 172,49 171,48 170,47 171,46 170,45 171,44 170,43 171,42 170,41 171,40 170,39 169,38 168,37 167,36 168,35 169,34 168,33 169,32 168,31 169,30 169,29 170,28 169,27 168,26 167,25 166,24 165,24 164,24 163,24 162,25 161,24 160,25 159,26 158,27 157,28 156,29 155,30 154,31 153,30 152,31 151,30 150,31 149,30 148,31
195,78 195,79 195,80 195,81 195,82 196,83 197,84 198,84 199,83 200,82 200,81 200,80 199,79 198,78 197,77 196,76 195,77
31,200 32,201 33,202 34,203 35,204 36,204 37,203 38,202 39,201 40,200 41,199 42,198 43,197 43,196 43,195 43,194 42,193 41,192 40,192 39,193 38,194 37,195 36,196 35,197 34,197 33,196 32,197 31,198 31,199
63,1 64,2 63,3 64,4 63,5 64,6 64,7 65,8 66,9 67,9 68,9 69,8 70,7 71,6 72,5 73,4 74,3 75,2 76,2 77,1 76,0 75,0 74,0 73,0 72,0 71,0 70,0 69,0 68,0 67,0 66,0 65,0 64,0
135,150 135,151 135,152 135,153 136,154 137,155 138,155 139,155 140,154 141,154 142,153 143,152 143,151 143,150 143,149 142,148 141,147 140,148 139,147 138,148 137,149 136,149
95,130 96,131 96,132 97,133 98,134 99,135 100,135 101,135 102,135 103,134 102,133 103,132 102,131 103,130 102,129 103,128 102,127 102,126 101,125 100,125 99,125 98,125 97,126 96,127 95,128 95,129
109,229 109,230 110,231 111,232 112,233 113,234 114,235 115,236 116,237 117,238 118,239 119,240 120,240 121,241 122,240 123,241 124,241 125,241 126,241 127,240 128,239 129,238 130,237 130,236 129,235 128,234 127,233 126,232 125,231 124,230 123,229 122,228 121,227 120,226 119,227 118,226 117,227 116,226 115,227 114,226 113,227 112,226 111,226 110,226 109,227 109,228
153,70 154,71 155,70 154,69
166,120 166,121 166,122 166,123 167,124 166,125 167,126 166,127 167,128 166,129 167,130 166,131 167,132 166,133 167,134 166,135 167,136 168,137 169,138 170,139 171,140 172,141 173,142 174,143 175,144 176,143 177,144 178,143 179,144 180,144 181,143 182,142 183,141 184,140 185,139 186,138 187,137 188,136 189,135 190,134 191,133 192,132 193,131 194,130 195,129 194,128 195,127 194,126 195,125 194,124 195,123 196,122 196,121 195,120 196,119 195,118 196,117 196,116 196,115 195,114 194,113 193,112 192,111 191,110 190,111 189,110 188,110 187,110 186,111 185,110 184,111 183,111 182,112 181,112 180,113 179,114 178,115 177,116 176,117 175,118 174,118 173,117 172,118 171,117 170,118 169,117 168,118 167,119
24,165 24,166 24,167 24,168 25,169 26,169 27,170 28,170 29,170 30,169 31,168 32,167 33,166 34,165 35,164 36,163 36,162 36,161 36,160 35,159 34,159 33,159 32,159 31,159 30,160 29,161 28,162 27,162 26,163 25,164
151,119 151,120 151,121 151,122 151,123 152,124 153,124 154,123 155,123 156,122 157,123 158,122 159,123 160,122 161,121 162,120 163,119 164,118 165,117 166,116 167,115 168,114 169,113 169,112 168,111 169,110 169,109 168,108 169,107 168,106 169,105 168,104 169,103 169,102 169,101 169,100 169,99 169,98 168,97 167,97 166,98 165,99 164,100 163,101 162,102 161,103 160,104 159,105 158,106 157,107 156,108 155,109 154,110 153,111 152,112 151,113 151,114 151,115 152,116 151,117 152,118
79,186 80,187 81,186 80,185
117,170 117,171 117,172 117,173 118,174 118,175 119,176 118,177 119,178 120,179 121,180 122,181 123,182 124,183 125,184 126,185 127,186 128,187 129,186 130,187 131,187 132,187 133,187 134,187 135,186 136,185 135,184 135,183 134,182 133,181 132,180 131,180 130,179 129,178 128,177 127,176 126,175 125,174 124,173 123,172 122,171 121,170 120,169 119,168 118,168 117,169
129,135 129,136 129,137 130,138 130,139 131,140 132,141 133,141 134,140 135,139 136,138 137,137 138,136 139,135 140,135 141,134 142,133 141,132 140,131 139,130 138,129 137,128 136,129 135,128 134,128 133,128 132,129 131,130 130,131 129,132 130,133 129,134
147,147 148,148 149,149 150,150 151,151 152,150 153,151 154,151 155,151 156,150 156,149 156,148 155,147 154,146 153,145 152,144 151,143 152,142 151,141 150,140 149,139 148,140 147,141 148,142 147,143 148,144 147,145 148,146
17,8 18,9 19,10 20,11 21,12 22,13 23,14 24,15 25,16 26,17 27,18 28,19 28,20 27,21 28,22 28,23 29,24 30,25 31,25 32,24 33,24 34,23 35,22 36,21 35,20 36,19 35,18 36,17 36,16 36,15 36,14 36,13 35,12 34,11 33,10 32,9 32,8 31,7 30,6 30,5 29,4 30,3 29,2 29,1 28,0 27,0 26,0 25,0 24,1 23,2 22,3 21,4 20,5 19,5 18,6 17,7
172,34 173,35 174,36 175,36 176,36 177,36 178,35 179,35 180,34 181,33 181,32 180,31 179,30 178,29 177,28 176,28 175,28 174,28 173,29 172,30 172,31 172,32 172,33
9,143 9,144 10,145 11,144 12,144 13,143 14,143 15,142 16,143 17,142 18,142 19,141 19,140 18,139 17,138 16,137 15,137 14,137 13,138 12,139 11,140 10,141 9,142
63,216 64,217 65,218 66,219 67,220 68,221 69,222 70,223 71,224 72,225 73,226 74,227 75,228 75,229 74,230 75,231 74,232 75,233 74,234 74,235 74,236 75,237 76,238 77,238 78,238 79,237 80,237 81,236 82,237 83,236 84,237 85,236 86,237 87,236 88,235 89,235 90,235 91,234 92,233 92,232 92,231 92,230 92,229 92,228 92,227 91,226 92,225 92,224 91,223 90,222 89,221 88,220 87,221 86,220 85,220 84,219 83,218 82,217 81,216 80,215 79,214 78,213 77,212 76,213 75,212 74,213 73,212 72,213 71,212 70,213 69,212 68,213 67,212 66,212 65,212 64,213 63,214 63,215
101,42 101,43 101,44 102,45 103,45 104,45 105,45 106,44 107,45 108,44 109,45 110,45 111,45 112,45 113,44 113,43 112,42 111,41 110,40 109,39 108,40 107,39 106,39 105,39 104,39 103,39 102,40 101,41
157,96 158,97 159,97 160,97 161,96 162,97 163,96 164,97 165,96 166,95 167,94 166,93 167,92 167,91 166,90 165,90 164,90 163,90 162,90 161,91 160,91 159,92 158,93 157,94 157,95
178,190 179,191 180,192 181,191 182,192 183,192 184,191 185,190 186,190 187,190 188,189 189,188 190,187 191,187 192,186 193,186 194,185 194,184 193,183 192,182 191,182 190,183 189,182 188,183 187,183 186,184 185,184 184,185 183,184 182,185 181,186 180,186 179,187 178,188 178,189
141,89 141,90 141,91 141,92 142,93 143,94 144,94 145,94 146,94 147,94 148,93 149,93 150,92 150,91 149,90 148,89 149,88 148,87 147,86 148,85 147,84 147,83 146,82 145,82 144,83 143,84 142,85 141,86 142,87 141,88
28,117 29,118 30,119 31,120 32,121 33,122 34,123 35,124 36,125 37,126 38,125 39,126 40,125 41,126 42,125 43,126 44,125 45,126 46,125 47,126 48,125 49,126 50,125 51,126 52,125 53,126 54,125 55,126 56,125 57,126 58,125 59,126 60,125 61,124 61,123 60,122 60,121 59,120 60,119 59,118 58,117 57,116 56,115 55,114 56,113 55,112 54,111 53,110 52,109 51,108 50,107 49,106 48,105 47,104 46,103 45,102 44,101 44,100 43,99 42,98 41,98 40,98 39,99 38,100 37,101 36,102 35,102 34,103 33,104 32,105 31,106 30,107 29,108 28,109 29,110 28,111 29,112 28,113 29,114 28,115 29,116
0,6 1,7 2,6 3,5 4,4 3,3 4,2 3,1 2,0 1,0 0,1 0,2 0,3 0,4 0,5
103,241 103,242 104,243 105,244 106,245 107,245 108,245 109,245 110,245 111,245 112,245 113,245 114,244 113,243 112,242 111,241 110,240 109,239 108,239 107,239 106,240 105,239 104,240
26,191 27,192 28,193 29,193 30,193 31,192 32,191 33,191 34,190 35,189 36,188 37,187 38,186 39,185 39,184 38,183 37,183 36,183 35,183 34,183 33,184 32,185 31,186 30,186 29,187 28,187 27,188 26,189 26,190
169,155 170,156 169,157 170,158 170,159 171,160 170,161 171,162 170,163 171,164 170,165 171,166 170,167 171,168 172,169 173,170 174,171 175,170 176,171 177,171 178,171 179,171 180,171 181,171 182,171 183,171 184,170 184,169 183,168 182,167 181,166 182,165 182,164 181,163 182,162 181,161 182,160 181,159 182,158 181,157 181,156 180,155 179,154 180,153 181,152 180,151 181,150 181,149 182,148 181,147 180,146 179,145 178,146 177,147 176,148 175,148 174,149 173,149 172,150 171,151 170,152 169,153 169,154
65,83 66,84 67,83 66,82
240,235 241,236 242,237 243,237 244,236 245,236 246,235 247,234 247,233 248,232 249,231 249,230 248,229 249,228 249,227 248,226 247,225 246,226 245,227 244,228 243,229 242,230 241,231 240,232 241,233 240,234
20,244 21,245 21,246 22,247 23,247 24,248 25,249 26,249 27,249 28,248 29,247 29,246 28,245 27,244 27,243 26,242 25,241 24,241 23,241 22,241 21,242 20,243
138,229 139,230 140,231 141,230 142,229 143,228 144,227 145,226 146,225 147,224 148,223 149,222 150,221 151,222 152,223 153,222 154,223 155,222 156,221 157,222 158,223 159,222 160,223 161,222 162,223 163,222 164,222 165,221 166,220 167,219 166,218 167,217 167,216 167,215 166,214 165,213 164,212 163,211 162,210 161,211 160,210 159,209 158,208 157,209 156,208 155,209 154,208 153,209 152,208 151,209 150,208 149,209 148,208 147,208 146,208 145,208 144,209 143,210 142,211 141,212 141,213 140,214 139,215 138,216 139,217 138,218 139,219 138,220 139,221 138,222 139,223 138,224 138,225 139,226 138,227 139,228
216,197 217,198 218,199 219,200 220,201 221,202 222,203 223,204 224,203 225,204 226,203 227,204 228,204 229,203 230,203 231,202 231,201 231,200 230,199 229,198 228,197 227,196 226,195 225,194 225,193 224,192 223,191 222,191 221,191 220,191 219,191 218,192 217,193 216,194 217,195 216,196
131,201 131,202 131,203 132,204 133,203 134,204 135,203 136,202 136,201 135,200 134,199 133,199 132,200
116,215 116,216 117,217 118,216 119,215 120,214 121,213 120,212 119,212 118,212 117,213 116,214
203,33 203,34 204,35 205,36 206,37 207,38 207,39 206,40 207,41 207,42 208,43 209,42 210,41 211,40 212,40 213,39 214,40 215,39 216,39 217,38 217,37 216,36 215,35 214,34 214,33 213,32 212,31 211,30 210,29 209,28 208,29 207,28 206,29 205,28 204,28 203,29 203,30 203,31 203,32
91,195 92,196 93,197 94,198 95,197 96,197 97,198 98,199 99,198 100,199 101,199 102,199 103,198 104,197 104,196 105,195 106,194 107,193 106,192 107,191 106,190 107,189 106,188 107,187 106,186 107,185 107,184 106,183 105,182 104,183 103,182 102,183 101,184 100,184 99,185 98,186 97,187 96,188 95,189 94,190 93,191 92,192 91,193 91,194
91,68 92,69 93,70 94,71 95,72 96,73 96,74 97,75 98,76 99,77 100,76 101,77 102,77 103,76 104,75 103,74 104,73 103,72 103,71 102,70 101,69 100,68 99,67 98,66 97,65 96,64 95,65 94,64 93,64 92,64 91,65 92,66 91,67
190,30 191,31 192,30 191,29
190,233 190,234 191,235 192,236 193,235 194,235 195,234 196,233 195,232 195,231 194,230 193,229 192,228 191,229 190,230 190,231 190,232
194,133 195,134 196,135 195,136 196,137 197,138 198,139 199,140 200,141 201,140 202,139 203,138 202,137 203,136 203,135 203,134 203,133 202,132 201,131 200,130 199,129 198,130 197,129 196,129 195,129 194,130 194,131 194,132
53,46 54,47 55,46 54,45
104,172 104,173 104,174 104,175 104,176 104,177 105,178 105,179 106,180 107,181 108,182 109,183 110,184 111,185 112,186 113,187 114,188 115,187 116,188 117,187 118,188 119,188 120,187 121,186 121,185 120,184 119,183 118,182 117,181 116,180 115,179 114,178 113,177 112,176 111,175 110,174 109,173 110,172 109,171 110,170 109,169 110,168 109,167 109,166 108,165 107,165 106,165 105,166 104,167 105,168 104,169 105,170 104,171
179,212 179,213 179,214 180,215 181,215 182,214 183,214 184,213 185,212 186,211 187,210 188,209 189,208 190,207 189,206 190,205 190,204 190,203 190,202 190,201 189,200 189,199 188,198 187,197 186,196 185,196 184,197 183,198 182,199 181,200 180,201 179,202 180,203 179,204 179,205 180,206 179,207 180,208 179,209 180,210 179,211
39,82 40,83 41,84 42,85 43,86 44,87 45,88 46,89 47,90 48,91 49,92 49,93 50,94 51,95 52,96 53,97 53,98 54,99 54,100 55,101 56,101 57,101 58,100 59,99 59,98 60,97 61,96 62,95 61,94 62,93 61,92 62,91 61,90 62,89 61,88 62,87 61,86 62,85 61,84 62,83 61,82 62,81 61,80 62,79 61,78 62,77 62,76 62,75 61,74 60,73 59,74 58,73 57,74 56,75 55,76 54,77 53,78 52,79 51,79 50,78 49,79 48,78 47,79 46,78 45,79 44,78 43,79 42,79 41,80 40,81
164,148 165,149 166,149 167,148 168,147 167,146 166,145 165,145 164,146 164,147
25,176 26,177 27,176 26,175
181,48 182,49 182,50 183,51 184,52 185,53 184,54 185,55 184,56 185,57 184,58 185,59 184,60 185,61 186,62 187,62 188,62 189,61 190,60 191,59 192,58 193,57 192,56 193,55 192,54 193,53 192,52 191,51 190,50 189,49 188,49 187,48 186,47 185,46 184,45 183,44 182,45 181,46 181,47
121,75 122,76 123,76 124,77 125,78 126,79 127,80 128,79 129,80 130,80 131,80 132,80 133,80 134,79 135,78 136,77 137,76 138,76 139,77 140,76 141,77 142,76 143,76 144,76 145,75 146,74 147,73 148,72 149,71 150,72 151,72 152,73 153,72 154,73 155,72 156,73 157,72 158,73 159,73 160,74 161,73 162,72 163,71 163,70 163,69 162,68 161,67 160,66 159,65 158,64 157,63 156,62 155,61 154,60 153,61 152,60 151,60 150,60 149,60 148,61 147,62 146,63 145,64 144,65 143,66 142,67 141,66 140,67 139,66 138,67 137,67 136,68 135,67 134,68 133,67 132,68 131,67 130,67 129,66 128,67 127,66 126,67 125,67 124,68 123,69 122,70 121,71 121,72 121,73 121,74
234,225 235,226 236,227 237,228 238,227 239,226 240,225 241,226 242,225 243,225 244,224 245,225 246,224 247,223 248,222 249,221 248,220 249,219 248,218 249,217 248,216 249,215 249,214 248,213 247,212 246,213 245,212 244,212 243,213 242,214 241,215 240,216 239,217 238,218 237,219 236,220 235,221 234,222 235,223 234,224
124,217 125,218 126,219 126,220 125,221 126,222 125,223 126,224 125,225 126,226 125,227 126,228 127,229 128,230 129,230 130,229 131,229 132,228 133,227 134,226 135,225 134,224 135,223 134,222 135,221 134,220 135,219 135,218 135,217 135,216 134,215 133,214 132,213 131,212 130,211 129,210 128,210 127,211 126,210 125,211 124,212 125,213 124,214 124,215 124,216
123,160 124,161 125,160 124,159
76,34 77,35 76,36 77,37 78,38 79,39 80,39 81,38 82,37 82,36 82,35 82,34 82,33 82,32 82,31 81,30 80,29 79,29 78,29 77,30 76,31 76,32 76,33
107,95 108,96 107,97 108,98 107,99 108,100 107,101 108,102 107,103 108,104 107,105 108,106 108,107 107,108 107,109 107,110 107,111 108,112 109,113 110,114 111,115 112,116 112,117 113,118 114,119 115,120 116,120 117,119 118,119 119,118 120,117 121,116 122,115 123,114 124,113 125,114 126,113 127,114 128,113 129,112 129,111 129,110 128,109 127,108 126,107 125,106 124,105 125,104 125,103 124,102 125,101 124,100 123,99 122,98 121,97 120,96 119,95 118,94 117,93 116,92 115,91 114,90 113,89 112,88 111,89 110,88 109,89 108,88 107,89 107,90 107,91 107,92 107,93 107,94
187,137 187,138 187,139 188,140 189,141 190,140 191,139 192,139 193,138 193,137 192,136 191,136 190,136 189,136 188,136
244,24 244,25 244,26 244,27 245,28 246,29 247,29 248,29 249,28 249,27 249,26 249,25 249,24 249,23 249,22 249,21 249,20 249,19 249,18 248,17 247,17 246,18 245,19 244,20 245,21 244,22 245,23
244,2 245,3 246,2 245,1
172,144 173,145 174,144 173,143
119,227 120,228 121,227 120,226
243,186 244,187 245,187 246,187 247,187 248,186 249,185 249,184 249,183 249,182 248,181 247,181 246,182 245,182 244,183 243,184 243,185
180,4 181,5 182,6 183,7 184,8 185,9 186,9 187,9 188,8 189,7 189,6 189,5 188,4 187,3 186,2 186,1 185,0 184,0 183,0 182,0 181,0 180,1 180,2 180,3
90,212 91,213 92,214 93,215 93,216 94,217 95,218 96,217 97,217 98,216 99,215 100,215 101,216 102,215 103,214 104,213 105,212 106,211 107,210 108,209 109,208 110,208 111,209 112,208 113,209 114,208 115,209 116,208 117,207 118,206 119,207 120,206 121,207 122,206 123,205 124,204 123,203 122,202 121,201 120,200 121,199 120,198 121,197 120,196 119,195 118,194 117,194 116,194 115,195 114,196 113,196 112,195 111,196 110,196 109,197 108,198 107,199 106,200 105,201 104,202 103,203 102,204 101,205 100,206 99,206 98,205 97,206 96,205 95,206 94,205 93,206 92,207 91,208 90,209 91,210 90,211
193,138 194,139 195,138 194,137
78,90 79,91 80,92 81,92 82,92 83,92 84,92 85,91 85,90 85,89 85,88 84,87 83,87 82,87 81,87 80,88 79,89
240,68 240,69 241,70 242,69 243,68 242,67 241,67
66,78 66,79 67,80 68,79 68,78 67,77
146,245 147,246 147,247 148,248 149,249 150,249 151,249 152,249 153,249 154,249 155,249 156,248 157,247 156,246 156,245 155,244 156,243 155,242 155,241 154,240 153,240 152,240 151,240 150,240 149,241 148,241 147,242 146,243 146,244
71,10 71,11 71,12 72,13 73,14 74,15 74,16 75,17 74,18 75,19 76,20 77,21 78,21 79,20 80,19 81,18 82,17 83,16 84,15 83,14 84,13 85,12 85,11 84,10 85,9 84,8 85,7 84,6 85,5 85,4 85,3 85,2 84,1 83,0 82,0 81,1 80,1 79,2 78,3 77,4 76,5 75,6 74,7 73,8 72,9
105,135 105,136 106,137 107,138 108,137 109,138 110,137 111,138 112,137 113,138 114,138 115,138 116,138 117,138 118,137 118,136 118,135 118,134 117,133 116,132 116,131 115,130 114,129 113,130 112,129 111,130 110,131 109,131 108,132 107,133 106,134
0,219 0,220 0,221 0,222 0,223 0,224 0,225 1,226 2,225 3,224 4,223 4,222 4,221 4,220 4,219 3,218 3,217 2,216 1,216 0,217 0,218
