97,129 98,130 99,130 100,131 101,131 102,132 103,133 104,134 105,135 106,135 107,134 108,133 108,132 108,131 108,130 107,129 107,128 106,127 106,126 107,125 107,124 107,123 107,122 108,121 109,121 110,121 111,121 112,121 113,121 114,121 115,120 115,119 115,118 115,117 115,116 115,115 116,114 116,113 116,112 115,111 115,110 114,109 113,108 112,107 111,106 111,105 112,104 112,103 112,102 111,101 110,100 109,99 108,100 107,100 106,99 105,98 104,97 103,97 102,97 101,98 100,99 101,100 102,101 103,102 104,102 105,103 106,103 107,104 108,105 109,106 109,107 108,108 108,109 107,110 107,111 107,112 107,113 107,114 107,115 106,116 106,117 105,118 104,119 103,120 102,121 102,122 101,123 101,124 100,125 99,126 98,127 97,128
11,100 12,101 11,102 11,103 11,104 12,105 13,105 14,106 15,105 15,104 16,103 17,102 17,101 16,100 15,99 14,99 13,99 12,99
227,133 228,134 229,134 230,134 231,134 232,134 233,134 234,133 234,132 233,131 232,130 231,130 230,130 229,131 228,131 227,132
55,195 56,196 56,197 56,198 57,199 58,200 59,200 60,201 61,201 62,202 63,202 64,202 65,202 66,201 67,200 68,200 69,200 70,200 71,200 72,200 73,199 73,198 73,197 73,196 72,195 71,195 70,195 69,194 68,193 67,192 67,191 67,190 68,189 68,188 68,187 68,186 67,185 66,185 65,185 64,185 63,185 62,185 61,186 60,187 60,188 60,189 60,190 61,191 61,192 60,193 59,193 58,193 57,193 56,193 55,194
132,72 132,73 132,74 133,75 134,75 135,75 136,74 137,74 138,74 139,75 140,75 141,75 142,74 143,73 142,72 141,71 140,71 139,70 138,70 137,70 136,69 135,69 134,70 133,71
212,108 212,109 212,110 212,111 212,112 213,113 213,114 214,115 215,115 216,115 217,114 218,113 219,112 219,111 219,110 220,109 221,108 220,107 219,106 218,106 217,105 216,105 215,105 214,106 213,107
4,157 4,158 5,159 6,160 7,160 8,160 9,161 10,162 11,163 12,163 13,163 14,164 15,164 16,164 17,164 18,165 18,166 18,167 18,168 18,169 18,170 19,171 20,171 21,171 22,170 23,169 23,168 24,167 24,166 23,165 22,164 21,164 20,163 20,162 20,161 19,160 19,159 18,158 17,157 16,157 15,157 14,157 13,157 12,157 11,157 10,158 9,158 8,157 7,157 6,156 5,156
98,208 99,209 100,210 101,211 100,212 100,213 100,214 100,215 100,216 100,217 100,218 99,219 99,220 99,221 99,222 100,223 101,223 102,223 103,223 104,222 105,222 106,222 107,221 108,221 109,220 110,219 111,218 111,217 110,216 109,215 108,215 107,214 107,213 106,212 105,211 104,210 104,209 103,208 103,207 102,206 101,205 100,205 99,205 98,206 98,207
132,118 133,119 133,120 134,121 134,122 135,123 136,124 137,123 137,122 137,121 138,120 139,119 138,118 137,118 136,117 135,117 134,117 133,117
161,154 162,155 163,156 164,157 165,157 166,157 167,156 168,155 169,154 170,154 171,154 172,154 173,153 173,152 174,151 174,150 174,149 174,148 173,147 172,146 171,145 170,145 169,145 168,146 168,147 167,148 167,149 166,150 165,150 164,150 163,149 162,150 161,151 161,152 161,153
22,219 23,220 23,221 24,222 25,223 25,224 25,225 25,226 26,227 27,227 28,227 29,227 30,227 31,227 32,226 32,225 33,224 34,223 35,222 36,221 37,220 38,219 38,218 39,217 40,216 41,217 42,218 43,217 44,217 45,217 46,217 47,216 48,216 49,215 50,215 51,215 52,214 52,213 52,212 52,211 51,210 50,209 49,209 48,209 47,209 46,208 46,207 45,206 45,205 44,204 43,203 42,203 41,202 40,201 39,200 38,199 37,199 36,199 35,199 34,200 35,201 36,202 36,203 36,204 36,205 37,206 38,207 39,208 40,208 41,208 42,208 43,209 42,210 42,211 41,212 40,213 39,214 38,214 37,214 36,214 35,213 35,212 34,211 34,210 34,209 33,208 32,208 31,209 31,210 30,211 30,212 30,213 31,214 31,215 30,216 31,217 32,217 33,218 33,219 32,220 31,221 30,221 29,220 29,219 28,218 28,217 27,216 26,216 25,215 24,216 24,217 23,218
186,108 186,109 187,110 188,110 189,110 190,109 191,109 192,109 193,109 194,109 195,109 196,109 197,109 198,109 199,108 200,107 200,106 200,105 199,104 198,104 197,104 196,104 195,105 194,105 193,104 192,103 191,103 190,102 189,101 188,102 188,103 188,104 187,105 187,106 187,107
151,185 151,186 151,187 151,188 152,189 153,189 154,189 155,189 156,189 157,189 158,189 159,188 159,187 159,186 160,185 160,184 160,183 160,182 160,181 159,180 158,180 157,180 156,180 155,181 154,182 153,183 152,184
68,83 68,84 68,85 68,86 68,87 68,88 68,89 68,90 69,91 70,91 71,91 72,90 72,89 72,88 72,87 72,86 72,85 73,84 74,83 75,83 76,83 77,83 78,83 79,82 80,81 79,80 79,79 78,78 77,79 76,79 75,79 74,79 73,79 72,80 71,80 70,81 69,82
158,207 158,208 158,209 158,210 159,211 159,212 159,213 158,214 158,215 158,216 159,217 160,217 161,216 162,215 162,214 162,213 162,212 163,211 164,211 165,210 166,210 167,211 168,212 168,213 168,214 168,215 168,216 168,217 168,218 169,219 170,219 171,220 172,220 173,221 174,221 175,221 176,220 176,219 175,218 175,217 175,216 175,215 175,214 175,213 174,212 173,211 172,211 171,210 170,210 169,209 170,208 169,207 169,206 168,205 167,205 166,205 165,205 164,206 163,206 162,205 161,205 160,205 159,206
98,73 99,74 100,74 101,73 102,72 101,71 100,70 99,70 98,71 98,72
44,201 45,202 46,203 47,203 48,203 49,204 50,205 51,205 52,206 53,206 54,206 55,206 56,205 56,204 56,203 56,202 55,201 54,200 53,200 52,199 51,199 50,199 49,198 48,198 47,198 46,198 45,199 45,200
5,229 5,230 6,231 7,230 8,230 9,231 10,230 11,229 12,228 13,227 14,226 14,225 14,224 13,223 12,222 11,221 10,221 9,220 8,219 7,220 7,221 7,222 7,223 7,224 7,225 7,226 6,227 6,228
236,219 236,220 237,221 238,222 239,223 240,222 241,221 242,220 242,219 242,218 242,217 241,216 240,216 239,216 238,216 237,217 237,218
26,112 27,113 28,114 29,114 30,114 31,114 32,114 33,114 34,113 35,113 36,114 37,114 38,114 39,114 40,113 40,112 40,111 39,110 39,109 38,108 37,108 36,108 35,108 34,108 33,108 32,107 32,106 31,105 30,105 29,106 28,107 28,108 28,109 27,110 27,111
119,40 120,41 121,40 120,39
220,245 221,246 222,247 223,247 224,247 225,248 226,248 227,248 228,247 228,246 228,245 229,244 230,243 231,243 232,242 232,241 233,240 233,239 233,238 234,237 234,236 234,235 234,234 235,233 235,232 234,231 233,230 232,230 231,230 230,230 229,231 228,232 227,233 228,234 229,235 229,236 229,237 229,238 228,239 228,240 227,241 226,241 225,241 224,242 223,242 222,243 221,244
192,28 193,29 194,29 195,30 196,29 196,28 197,27 198,26 199,25 200,25 201,25 202,25 203,24 203,23 203,22 204,21 203,20 203,19 203,18 202,17 201,16 200,16 199,17 198,18 198,19 198,20 197,21 197,22 196,23 195,23 194,24 193,25 193,26 193,27
29,2 29,3 30,4 31,4 32,4 33,3 34,3 35,2 36,2 37,2 38,3 39,4 38,5 39,6 40,6 41,7 42,7 43,8 44,8 45,8 46,8 47,7 47,6 47,5 48,4 47,3 47,2 46,1 45,1 44,0 43,1 42,1 41,1 40,1 39,0 38,0 37,0 36,0 35,0 34,0 33,0 32,0 31,0 30,1
95,26 96,27 97,28 98,29 99,29 100,29 101,30 101,31 101,32 101,33 101,34 102,35 103,35 104,35 105,35 106,35 107,34 107,33 107,32 107,31 107,30 106,29 105,28 104,28 103,27 103,26 104,25 105,24 106,24 107,25 107,26 108,27 109,26 110,25 110,24 110,23 110,22 111,21 110,20 110,19 109,18 108,18 107,17 106,16 106,15 106,14 106,13 106,12 105,11 104,11 103,11 102,12 101,11 100,12 100,13 100,14 100,15 100,16 101,17 101,18 101,19 100,20 100,21 100,22 99,23 98,23 97,24 96,25
36,148 37,149 38,149 39,150 40,150 41,150 42,150 43,150 44,151 45,152 45,153 46,154 46,155 47,156 48,157 49,158 50,159 51,160 52,160 53,161 54,162 55,162 56,162 57,163 58,163 59,163 60,164 61,164 62,165 63,164 64,163 64,162 65,161 64,160 63,159 62,160 61,160 60,160 59,159 58,159 57,158 56,158 55,157 54,156 55,155 55,154 54,153 53,154 52,153 51,152 50,151 50,150 49,149 48,148 47,148 46,147 45,147 44,146 43,145 42,145 41,145 40,145 39,145 38,145 37,146 37,147
64,133 65,134 66,135 67,136 68,136 69,137 69,138 70,139 71,140 72,141 73,142 74,142 75,142 76,143 77,144 77,145 77,146 76,147 76,148 75,149 74,148 73,148 72,147 71,146 70,146 69,147 69,148 68,149 68,150 69,151 70,152 71,153 72,154 73,155 74,156 75,156 76,156 77,157 78,158 79,159 80,160 81,161 82,160 83,161 84,161 85,162 84,163 85,164 84,165 84,166 85,167 86,167 87,167 88,166 89,165 89,164 90,163 90,162 90,161 89,160 88,159 87,159 86,159 85,159 84,158 84,157 83,156 82,155 81,154 80,153 81,152 80,151 81,150 81,149 82,148 83,147 84,147 85,147 86,146 86,145 85,144 84,143 83,142 82,141 82,140 81,139 81,138 80,137 81,136 82,135 83,136 84,135 85,134 86,133 87,132 88,131 89,130 89,129 89,128 90,127 91,126 91,125 92,124 93,123 94,122 93,121 92,121 91,120 90,120 89,120 88,121 87,121 86,122 85,123 84,124 83,125 83,126 84,127 84,128 84,129 83,130 82,130 81,130 80,130 79,131 78,130 77,131 76,131 75,131 74,131 73,131 72,131 71,131 70,132 69,132 68,132 67,132 66,132 65,132
128,157 129,158 129,159 129,160 130,161 131,160 132,159 133,158 133,157 133,156 132,155 132,154 132,153 131,152 130,153 129,154 128,155 128,156
180,45 181,46 182,47 183,48 184,47 184,46 185,45 185,44 185,43 184,42 183,42 182,42 181,43 181,44
128,30 129,31 129,32 130,33 131,34 132,33 132,32 133,31 134,30 135,29 136,29 137,29 138,29 139,28 140,27 140,26 140,25 140,24 141,23 142,23 143,22 144,21 145,20 144,19 143,18 142,18 141,18 140,18 139,18 138,18 137,18 136,18 135,18 134,19 134,20 135,21 135,22 135,23 134,24 133,25 132,25 131,25 130,25 129,26 128,27 128,28 128,29
25,37 26,38 26,39 27,40 28,41 29,41 30,41 31,40 32,40 33,39 34,39 35,39 36,38 37,37 38,36 38,35 37,34 36,33 35,33 34,34 33,34 32,35 31,35 30,34 30,33 30,32 30,31 30,30 29,29 29,28 28,27 27,28 26,29 25,30 26,31 26,32 26,33 26,34 26,35 26,36
86,56 86,57 86,58 87,59 88,60 89,61 90,60 91,59 92,60 93,59 93,58 93,57 94,56 93,55 92,55 91,54 90,55 89,55 88,56 87,55
244,96 244,97 244,98 245,99 246,100 247,100 248,100 249,99 249,98 249,97 249,96 249,95 249,94 248,93 247,93 246,93 245,94 245,95
206,153 207,154 208,154 209,154 210,154 211,154 212,153 211,152 210,151 209,151 208,151 207,152
43,243 43,244 44,245 45,246 46,247 46,248 47,249 48,249 49,249 50,249 51,249 52,249 53,249 54,249 55,249 56,249 57,248 57,247 57,246 57,245 57,244 57,243 57,242 58,241 58,240 59,239 59,238 58,237 57,236 56,236 55,237 54,237 53,237 52,237 51,238 50,239 50,240 50,241 50,242 51,243 52,244 51,245 50,245 49,245 48,245 47,244 46,243 45,242 44,242
86,187 87,188 88,188 89,189 90,189 91,190 91,191 91,192 91,193 91,194 92,195 93,195 94,195 95,194 96,193 97,192 96,191 95,190 94,190 93,189 92,188 92,187 92,186 93,185 93,184 94,183 95,183 96,182 96,181 97,180 97,179 97,178 98,177 99,176 100,175 101,175 102,174 102,173 103,172 102,171 101,171 100,170 99,170 98,171 97,170 96,171 96,172 95,173 94,174 93,174 92,175 91,176 91,177 91,178 91,179 91,180 90,181 90,182 89,183 88,184 87,184 86,185 86,186
7,207 7,208 7,209 7,210 8,211 9,212 10,211 11,211 12,210 13,211 14,210 15,209 16,210 17,210 18,209 19,209 20,208 19,207 18,207 17,206 16,206 15,205 14,205 13,205 12,205 11,205 10,205 9,206 8,206
188,228 189,229 190,229 191,230 192,230 193,231 194,231 195,232 196,233 197,233 198,232 199,231 199,230 199,229 199,228 198,227 197,226 196,225 195,225 194,225 193,225 192,226 191,226 190,226 189,227
27,140 28,141 29,142 30,142 31,141 32,140 33,139 34,138 34,137 34,136 34,135 34,134 33,133 32,132 31,132 30,133 29,133 28,134 28,135 28,136 28,137 27,138 27,139
146,108 146,109 146,110 147,111 148,111 149,111 150,112 151,112 152,112 153,112 154,112 155,111 156,110 155,109 155,108 154,107 153,106 152,106 151,106 150,105 149,105 148,106 147,107
54,50 55,51 56,51 57,51 58,50 59,49 60,48 61,47 62,46 62,45 61,44 61,43 60,42 59,43 58,44 57,45 56,46 56,47 55,48 55,49
175,68 176,69 177,69 178,69 179,69 180,69 181,70 182,69 182,68 182,67 182,66 181,65 180,64 179,64 178,64 177,64 176,65 175,66 175,67
239,182 239,183 240,184 241,185 242,186 242,187 243,188 244,189 244,190 243,191 242,192 242,193 242,194 242,195 243,196 243,197 244,198 245,198 246,199 247,198 248,197 249,196 249,195 249,194 249,193 249,192 249,191 249,190 249,189 249,188 249,187 249,186 249,185 249,184 249,183 248,182 247,181 247,180 247,179 246,178 245,177 244,178 243,179 242,179 241,180 240,181
107,159 108,160 109,160 110,159 111,159 112,159 113,159 114,160 115,161 116,162 117,163 118,163 119,164 119,165 120,166 121,166 122,166 123,165 123,164 123,163 123,162 122,161 121,160 120,160 119,159 118,158 117,158 116,157 115,156 116,155 117,154 118,154 119,154 120,153 121,152 120,151 119,150 118,150 117,149 116,148 115,148 114,147 113,147 112,148 111,149 111,150 111,151 111,152 111,153 111,154 110,155 109,155 108,156 107,157 107,158
67,39 67,40 67,41 68,42 69,43 70,43 71,42 72,41 72,40 73,39 74,38 75,39 76,40 77,40 78,40 79,40 80,39 81,38 81,37 80,36 79,36 78,35 77,34 76,33 76,32 76,31 75,30 76,29 75,28 74,28 73,27 73,26 73,25 73,24 74,23 75,22 76,22 77,21 78,20 78,19 79,18 79,17 79,16 78,15 77,14 77,13 77,12 77,11 77,10 76,9 75,8 74,8 73,7 72,8 71,9 71,10 71,11 72,12 72,13 73,14 73,15 73,16 73,17 72,18 72,19 72,20 71,21 70,22 69,22 68,23 67,24 67,25 67,26 67,27 68,28 69,29 70,30 71,31 71,32 70,33 70,34 70,35 70,36 69,37 68,38
178,83 179,84 180,85 181,85 182,84 182,83 182,82 181,81 180,82 179,82
174,130 175,131 175,132 176,133 177,134 178,134 179,134 180,135 181,135 182,135 183,135 184,134 185,133 186,132 187,132 188,133 189,133 190,132 190,131 190,130 190,129 190,128 190,127 189,126 188,125 187,125 186,124 185,123 184,122 184,121 183,120 182,120 181,120 180,121 179,122 178,123 179,124 180,125 181,125 182,125 183,125 184,126 184,127 183,128 182,128 181,128 180,128 179,127 178,127 177,127 176,127 175,127 174,128 174,129
115,134 116,135 116,136 117,137 117,138 117,139 117,140 118,141 119,142 120,142 121,142 122,142 123,142 124,142 125,142 126,143 127,144 128,145 129,145 130,144 131,143 131,142 130,141 129,140 128,139 127,138 126,138 125,138 124,138 123,137 122,137 121,136 121,135 121,134 122,133 122,132 123,131 123,130 123,129 122,128 121,128 120,128 119,128 118,128 117,129 116,130 115,131 115,132 115,133
13,236 14,237 15,237 16,237 17,236 18,235 19,234 19,233 20,232 21,231 22,230 22,229 23,228 23,227 22,226 21,226 20,226 19,227 18,228 17,229 17,230 16,231 16,232 15,233 14,234 14,235
140,61 140,62 140,63 141,64 142,65 143,65 144,65 145,64 146,63 146,62 145,61 144,60 143,59 142,59 141,60
0,198 0,199 0,200 0,201 0,202 1,203 2,202 3,202 4,202 5,201 6,201 7,201 8,201 9,200 10,199 11,198 11,197 10,196 9,196 8,195 7,194 7,193 6,192 5,191 5,190 4,189 3,190 2,191 1,192 1,193 1,194 1,195 1,196 1,197
68,236 69,237 70,238 71,239 72,239 73,239 74,238 74,237 74,236 74,235 73,234 72,233 71,232 70,232 69,233 68,234 68,235
60,225 61,226 62,225 61,224
206,71 207,72 208,73 209,74 210,75 211,75 212,75 213,75 214,75 215,75 216,75 217,75 218,75 219,75 220,74 221,73 221,72 221,71 220,70 219,70 218,70 217,71 216,71 215,71 214,70 214,69 213,68 212,67 213,66 212,65 213,64 213,63 212,62 211,61 210,60 209,61 208,62 208,63 209,64 210,65 209,66 209,67 208,68 207,69 207,70
120,240 120,241 120,242 121,243 122,244 123,244 124,245 125,244 125,243 125,242 125,241 125,240 125,239 126,238 127,238 128,238 129,238 130,238 131,237 131,236 130,235 129,234 128,233 127,234 126,235 125,236 124,237 123,237 122,237 121,238 121,239
213,90 213,91 214,92 215,92 216,92 217,92 218,92 219,91 219,90 219,89 219,88 218,87 217,86 216,86 215,86 214,87 214,88 214,89
171,9 172,10 171,11 171,12 172,13 173,12 174,12 175,11 176,11 177,12 178,13 179,14 179,15 178,16 177,16 176,17 175,18 175,19 175,20 175,21 176,22 176,23 177,24 178,25 178,26 179,27 180,28 181,29 181,30 182,31 183,31 184,30 184,29 184,28 184,27 184,26 184,25 183,24 183,23 182,22 182,21 181,20 180,19 180,18 181,17 182,17 183,17 184,17 185,18 186,18 187,18 188,17 188,16 188,15 187,14 186,13 185,12 184,11 183,10 182,9 182,8 182,7 182,6 182,5 183,4 183,3 182,2 181,2 180,1 179,1 178,0 177,0 176,0 175,0 174,0 173,0 172,1 171,2 171,3 172,4 172,5 173,6 173,7 172,8
101,40 102,41 102,42 103,43 104,44 105,45 105,46 104,47 105,48 106,48 107,48 108,48 109,48 110,47 111,47 112,48 112,49 112,50 112,51 111,52 110,53 109,54 108,54 107,55 107,56 107,57 107,58 107,59 107,60 107,61 107,62 108,63 107,64 107,65 107,66 107,67 107,68 108,69 109,70 110,70 111,69 112,69 113,69 114,69 115,69 116,68 116,67 116,66 115,65 115,64 114,63 113,62 112,61 111,60 111,59 111,58 111,57 112,56 113,56 114,56 115,56 116,55 117,54 117,53 117,52 117,51 117,50 118,49 118,48 118,47 118,46 118,45 117,44 116,43 115,43 114,43 113,44 112,44 111,44 110,43 111,42 110,41 109,40 109,39 108,38 107,38 106,37 105,37 104,37 103,37 102,38 101,39
30,117 30,118 30,119 31,120 31,121 31,122 32,123 32,124 32,125 33,126 34,127 35,128 36,129 36,130 37,131 37,132 36,133 37,134 37,135 37,136 36,137 36,138 36,139 37,140 38,141 39,140 40,139 41,139 42,138 42,137 43,136 42,135 42,134 42,133 42,132 41,131 41,130 41,129 42,128 43,127 44,126 45,126 46,125 45,124 44,124 43,124 42,123 41,122 42,121 42,120 42,119 41,118 40,118 39,119 38,120 37,121 36,121 35,120 34,119 34,118 33,117 32,116 31,116
221,83 222,84 223,84 224,83 225,82 226,81 226,80 227,79 228,78 228,77 229,76 230,75 231,75 232,76 233,77 234,78 235,79 236,80 237,80 238,80 239,80 240,81 241,82 242,83 243,84 243,85 244,86 244,87 245,88 245,89 246,90 247,90 248,90 249,89 249,88 249,87 249,86 249,85 249,84 249,83 249,82 249,81 249,80 249,79 249,78 249,77 249,76 248,75 247,76 246,77 245,77 244,77 243,77 242,76 241,77 240,76 239,75 238,74 237,73 236,72 235,71 234,71 233,70 232,71 231,71 230,71 229,72 228,73 227,74 226,75 225,76 224,76 223,76 222,77 221,78 221,79 221,80 221,81 221,82
196,91 197,92 197,93 198,94 198,95 199,96 199,97 200,98 200,99 201,100 202,101 203,102 204,102 205,102 206,102 207,103 208,103 209,103 210,102 211,102 212,102 213,102 214,102 215,103 216,102 216,101 216,100 216,99 215,98 214,97 213,97 212,97 211,97 210,97 209,97 208,96 207,97 206,98 205,98 204,97 203,96 202,95 202,94 201,93 201,92 201,91 200,90 199,89 198,89 197,89 196,90
166,110 166,111 167,112 168,112 169,113 170,113 171,112 172,112 173,112 174,111 174,110 173,109 172,108 171,107 170,107 169,108 168,108 167,109
78,231 79,232 80,233 81,233 82,233 83,234 84,235 85,236 86,236 87,236 88,235 89,235 90,235 91,234 92,233 92,232 92,231 92,230 92,229 92,228 92,227 92,226 93,225 92,224 91,224 90,223 89,223 88,222 87,222 86,222 85,222 84,223 83,224 83,225 82,226 81,226 80,226 79,227 79,228 78,229 78,230
131,4 132,5 133,6 134,7 135,7 136,8 136,9 137,10 138,11 139,10 140,9 141,9 142,8 143,7 144,7 145,6 145,5 145,4 145,3 145,2 144,1 143,0 142,0 141,0 140,0 139,1 138,1 137,1 136,0 135,0 134,1 133,1 132,2 132,3
140,228 141,229 142,229 143,230 144,230 145,230 146,231 147,232 148,233 149,232 150,232 151,232 152,232 153,232 154,231 155,230 154,229 153,228 152,227 151,227 150,227 149,226 148,225 148,224 148,223 149,222 149,221 149,220 148,219 147,219 146,219 145,220 145,221 145,222 146,223 145,224 144,224 143,224 142,225 141,225 140,226 140,227
200,9 201,10 202,10 203,9 203,8 203,7 202,6 201,6 200,7 200,8
243,143 244,144 245,144 246,144 247,143 248,142 248,141 249,140 249,139 249,138 249,137 249,136 248,135 247,135 246,135 245,136 244,137 244,138 244,139 244,140 244,141 244,142
28,83 28,84 28,85 28,86 29,87 30,88 31,88 32,89 31,90 32,91 33,91 34,92 33,93 34,94 33,95 33,96 33,97 33,98 34,99 35,100 36,100 37,101 38,102 39,103 40,103 41,103 42,102 43,101 44,100 45,99 46,98 47,97 48,96 47,95 47,94 47,93 46,92 46,91 46,90 47,89 47,88 48,87 48,86 47,85 46,84 45,84 44,85 44,86 43,87 43,88 43,89 43,90 42,91 41,91 40,91 39,90 38,89 38,88 37,87 37,86 37,85 38,84 39,84 40,83 41,82 40,81 39,81 38,81 37,81 36,81 35,81 34,81 33,81 32,81 31,81 30,81 29,82
202,3 203,4 204,4 205,4 206,4 207,4 208,3 209,2 209,1 208,0 207,0 206,0 205,0 204,0 203,0 202,1 203,2
215,8 215,9 215,10 216,11 216,12 217,13 218,13 219,13 220,12 221,12 222,11 223,10 224,10 225,11 225,12 226,13 227,12 228,12 229,11 230,10 230,9 230,8 230,7 231,6 232,6 233,6 234,6 235,5 236,4 237,3 238,2 239,1 238,0 237,0 236,0 235,0 234,0 233,0 232,0 231,1 230,2 229,2 228,3 227,3 226,3 225,2 224,2 223,2 222,3 221,3 220,3 219,4 218,5 217,6 216,7
112,201 113,202 114,202 115,203 116,202 117,202 118,202 119,201 120,201 121,201 122,202 123,202 124,202 125,202 126,203 127,204 128,205 129,206 129,207 128,208 128,209 127,210 127,211 128,212 128,213 129,214 130,215 131,216 132,215 132,214 133,213 133,212 134,211 134,210 133,209 133,208 133,207 133,206 134,205 133,204 133,203 132,202 131,201 130,200 129,200 128,200 127,199 127,198 127,197 127,196 128,195 129,194 128,193 127,193 126,192 125,192 124,191 123,192 122,192 121,193 120,194 119,193 118,194 117,195 116,196 115,197 114,198 114,199 113,200
61,105 62,106 63,107 64,108 65,109 66,110 66,111 67,112 68,112 69,111 69,110 70,109 70,108 71,107 72,108 73,107 73,106 74,105 74,104 74,103 73,102 72,101 71,101 70,101 69,101 68,102 67,103 66,104 65,103 64,103 63,103 62,104
131,193 131,194 132,195 133,196 134,196 135,196 136,197 137,198 138,198 139,198 140,199 141,198 142,197 142,196 142,195 143,194 142,193 141,193 140,193 139,193 138,193 137,193 136,193 135,192 134,192 133,192 132,192
125,129 126,130 127,131 128,132 129,133 130,134 131,134 132,134 133,134 134,133 134,132 134,131 134,130 133,129 132,128 131,127 130,127 129,126 128,125 127,125 126,126 125,127 125,128
94,89 95,90 96,90 97,89 98,89 99,88 100,87 101,86 101,85 100,84 99,83 98,83 97,84 96,84 95,85 95,86 94,87 94,88
62,113 63,114 64,113 64,112 63,111 62,112
216,213 216,214 216,215 216,216 217,217 218,217 219,217 220,217 221,216 222,217 223,217 224,218 225,217 226,217 227,216 227,215 227,214 227,213 226,212 226,211 225,210 224,209 223,208 222,207 221,206 220,207 219,208 219,209 219,210 218,211 217,212
169,193 170,194 171,195 172,195 173,196 173,197 173,198 174,199 175,200 175,201 174,202 173,203 172,204 171,205 171,206 172,207 173,208 174,208 175,208 176,208 177,209 178,208 179,209 180,209 181,210 182,211 183,211 184,212 185,212 186,213 187,213 188,213 189,213 190,212 191,211 191,210 190,209 189,208 188,208 187,208 186,208 185,207 184,206 183,206 182,205 181,205 180,204 179,203 178,202 179,201 179,200 179,199 179,198 179,197 179,196 179,195 178,194 177,193 177,192 177,191 176,190 175,189 174,188 173,188 172,189 171,190 170,191 169,192
136,112 137,113 138,113 139,113 140,112 141,111 141,110 140,109 139,109 138,109 137,109 136,110 136,111
0,233 0,234 0,235 1,236 2,236 3,236 4,236 5,237 6,237 7,238 8,237 9,237 10,236 9,235 8,235 7,234 7,233 6,232 6,231 5,230 4,230 3,231 2,231 1,232
212,40 212,41 212,42 213,43 213,44 214,45 215,46 216,46 217,46 218,46 219,46 220,47 221,48 222,48 223,47 224,46 224,45 225,44 224,43 223,42 222,42 221,42 220,42 219,42 218,41 217,40 217,39 216,38 215,38 214,38 213,39
222,30 222,31 222,32 222,33 223,34 224,34 225,34 226,34 227,34 228,35 229,36 229,37 230,38 230,39 231,40 231,41 232,42 233,42 234,41 234,40 234,39 234,38 235,37 235,36 236,35 237,35 238,36 239,36 240,36 241,35 242,34 242,33 242,32 241,31 240,30 239,30 238,30 237,30 236,31 235,32 234,33 233,32 232,32 231,32 230,32 229,32 228,31 228,30 228,29 229,28 229,27 230,26 230,25 229,24 228,23 227,23 226,22 225,22 224,22 223,23 223,24 223,25 223,26 223,27 223,28 223,29
22,196 22,197 23,198 24,199 25,200 26,201 27,201 28,201 29,201 30,201 31,202 32,202 33,201 34,200 35,199 34,198 33,198 32,197 31,197 30,196 29,195 28,194 27,194 26,193 25,193 24,194 23,195
220,53 221,54 222,53 221,52
186,176 187,177 187,178 187,179 187,180 188,181 189,182 189,183 189,184 189,185 189,186 189,187 190,188 191,188 192,188 193,188 194,187 195,187 196,186 196,185 196,184 195,183 195,182 194,181 193,180 194,179 195,178 196,178 197,177 197,176 198,175 199,174 200,174 201,174 202,175 203,175 204,175 205,174 206,173 207,172 208,171 209,171 210,171 211,171 212,171 213,171 214,170 215,170 216,169 215,168 214,167 213,167 212,167 211,167 210,167 209,167 208,167 207,166 207,165 206,164 205,163 204,163 203,164 203,165 202,166 202,167 202,168 201,169 200,170 199,170 198,171 197,171 196,171 195,171 194,171 193,172 192,173 191,174 190,174 189,174 188,173 187,174 187,175
129,79 130,80 131,79 130,78
183,70 184,71 185,72 186,73 187,73 188,74 189,75 190,76 191,77 192,77 193,77 194,76 194,75 194,74 194,73 193,72 192,72 191,71 190,72 189,71 188,70 187,69 186,68 185,68 184,69
97,143 98,144 99,144 100,144 101,145 102,146 103,147 104,148 105,149 106,148 107,148 108,147 108,146 109,145 110,145 111,145 112,145 113,144 114,143 114,142 113,141 112,141 111,141 110,141 109,140 108,139 108,138 108,137 107,136 106,135 105,136 104,137 104,138 104,139 103,140 102,140 101,140 100,140 99,140 98,140 97,141 97,142
176,157 177,158 177,159 177,160 178,161 178,162 178,163 179,164 180,165 181,166 182,166 183,165 184,164 184,163 184,162 184,161 184,160 183,159 183,158 182,157 182,156 182,155 181,154 180,154 179,154 178,155 177,156
32,5 33,6 34,5 33,4
112,17 113,18 114,19 115,19 116,19 117,19 118,18 119,17 120,18 121,19 120,20 120,21 120,22 120,23 120,24 119,25 118,26 118,27 119,28 119,29 120,30 121,30 122,30 123,29 123,28 124,27 124,26 124,25 125,24 125,23 126,22 126,21 126,20 126,19 126,18 126,17 126,16 126,15 126,14 126,13 125,12 124,12 123,12 122,12 121,13 120,13 119,13 118,13 117,13 116,13 115,13 114,13 113,14 113,15 113,16
139,127 140,128 140,129 140,130 141,131 142,132 143,132 144,132 145,131 145,130 146,129 147,129 148,130 149,130 150,130 151,130 152,129 153,129 154,128 153,127 152,126 152,125 152,124 152,123 152,122 151,121 150,121 149,121 148,120 147,120 146,120 145,121 144,121 143,122 142,122 141,123 140,124 139,125 139,126
211,24 212,25 213,26 213,27 213,28 214,29 214,30 215,31 216,31 217,31 218,30 218,29 219,28 219,27 218,26 217,25 216,24 215,23 214,22 213,22 212,23
49,198 50,199 51,198 50,197
12,32 13,33 14,34 15,35 16,36 17,36 18,37 19,36 20,36 21,35 22,34 22,33 22,32 22,31 22,30 22,29 21,28 21,27 20,26 19,25 18,25 17,26 16,27 16,28 15,29 14,30 13,30 12,31
72,109 73,110 74,109 73,108
12,191 13,192 13,193 13,194 13,195 13,196 13,197 14,198 14,199 15,200 16,201 17,201 18,201 19,200 19,199 19,198 20,197 20,196 20,195 19,194 20,193 19,192 19,191 19,190 18,189 17,188 16,188 15,187 14,188 13,188 12,189 12,190
16,48 17,49 17,50 18,51 19,51 20,51 21,51 22,50 23,50 24,50 25,50 26,50 27,51 27,52 28,53 28,54 29,55 30,55 31,56 32,55 33,54 33,53 33,52 33,51 32,50 31,49 30,48 29,47 28,47 27,46 26,45 25,45 24,45 23,45 22,44 21,44 20,44 19,45 18,46 17,47
0,172 1,173 2,173 3,172 4,172 5,172 6,172 7,172 8,171 9,170 10,169 11,168 11,167 10,166 9,165 8,166 7,166 6,166 5,167 4,167 3,167 2,167 1,167 0,168 0,169 0,170 0,171
26,64 27,65 28,64 27,63
