238,58 239,59 240,60 241,60 242,60 243,60 244,60 245,59 246,58 247,58 248,58 249,57 249,56 249,55 249,54 249,53 248,52 247,53 246,53 245,54 244,54 243,55 242,56 241,56 240,56 239,57
40,2 41,3 42,4 43,5 44,4 45,5 46,4 47,5 48,5 49,5 50,5 51,4 52,3 52,2 52,1 51,0 50,0 49,0 48,0 47,0 46,0 45,0 44,0 43,0 42,0 41,0 40,1
22,235 23,236 24,237 25,238 26,239 27,240 28,239 29,239 30,240 31,240 32,240 33,240 34,240 35,239 36,238 36,237 35,236 34,235 33,234 32,233 31,232 32,231 31,230 32,229 33,228 32,227 32,226 31,225 30,224 29,224 28,224 27,224 26,224 25,224 24,225 23,226 22,227 22,228 23,229 22,230 23,231 22,232 23,233 22,234
9,162 10,163 11,164 12,165 13,166 14,167 15,166 16,166 17,167 18,168 19,169 20,169 21,170 22,171 23,172 24,173 25,174 26,173 27,174 28,173 29,174 30,173 31,174 32,174 33,174 34,173 35,174 36,173 37,174 38,174 39,173 40,172 40,171 40,170 39,169 38,168 37,167 36,166 35,165 34,164 33,163 32,162 31,161 30,161 29,160 28,160 27,159 26,158 25,157 24,156 23,155 22,154 21,153 20,152 19,151 18,150 17,151 16,150 15,150 14,150 13,151 12,152 11,153 10,154 9,155 10,156 9,157 10,158 9,159 9,160 10,161
97,227 98,228 99,229 99,230 98,231 99,232 98,233 99,234 98,235 99,236 98,237 99,238 98,239 99,240 99,241 100,242 101,242 102,242 103,242 104,241 105,240 106,240 107,239 108,238 109,237 110,237 111,236 110,235 111,234 111,233 110,232 111,231 110,230 111,229 111,228 111,227 110,226 111,225 110,224 111,223 110,222 111,221 110,220 109,219 109,218 108,217 107,217 106,218 105,219 104,220 103,220 102,221 101,220 100,221 99,222 98,223 97,224 98,225 97,226
46,13 47,14 46,15 47,16 46,17 47,18 46,19 47,20 47,21 48,22 49,23 50,23 51,24 52,25 53,26 54,27 55,28 56,29 57,30 58,31 59,32 60,33 61,32 62,32 63,33 64,33 65,32 66,32 67,31 68,30 69,29 70,28 71,27 72,26 73,25 74,26 75,25 76,24 76,23 77,22 78,21 79,20 80,19 81,18 82,17 83,16 83,15 83,14 83,13 83,12 82,11 81,10 80,9 79,8 78,7 77,6 76,7 75,6 74,7 73,6 72,7 71,6 70,7 69,6 68,6 67,6 66,6 65,7 64,7 63,8 62,9 61,10 60,9 59,10 58,10 57,11 56,10 55,9 54,10 53,10 52,9 51,10 50,9 49,10 48,11 47,12
212,8 213,9 214,10 215,11 216,12 217,13 218,14 219,13 220,14 221,13 222,14 223,13 224,14 225,14 226,13 227,12 227,11 228,10 229,9 230,8 231,7 232,6 231,5 232,4 231,3 232,2 232,1 231,0 230,0 229,0 228,0 227,0 226,0 225,0 224,0 223,0 222,0 221,0 220,0 219,0 218,0 217,0 216,0 215,1 214,2 213,3 212,4 213,5 212,6 213,7
238,146 239,147 239,148 240,149 241,150 242,151 243,152 244,151 245,150 246,149 247,148 248,148 249,147 249,146 249,145 248,144 247,143 246,142 245,141 244,140 243,140 242,141 241,142 240,143 239,144 238,145
27,3 28,4 29,5 30,5 31,4 32,4 33,3 33,2 32,1 31,0 30,1 29,1 28,2
139,128 140,129 141,130 142,130 143,129 143,128 142,127 141,126 140,127
0,144 0,145 0,146 0,147 0,148 0,149 0,150 1,151 1,152 2,153 3,153 4,152 5,151 6,150 7,149 8,149 9,149 10,148 11,147 12,146 11,145 12,144 11,143 10,142 9,141 8,140 7,140 6,141 5,142 4,141 3,142 2,141 1,142 0,143
147,41 147,42 148,43 149,42 150,42 151,41 152,40 152,39 152,38 151,37 150,37 149,37 148,38 147,39 147,40
144,45 145,46 144,47 145,48 146,49 147,49 148,49 149,48 150,47 149,46 148,45 147,44 146,44 145,44
48,129 49,130 48,131 49,132 48,133 49,134 48,135 49,136 48,137 49,138 49,139 50,140 51,141 52,142 53,141 54,142 55,142 56,142 57,141 58,142 59,141 60,142 61,141 62,142 63,141 64,142 65,141 66,140 66,139 65,138 64,137 63,136 64,135 64,134 63,133 64,132 63,131 64,130 63,129 62,128 61,127 60,126 59,125 58,124 57,125 56,124 55,125 54,124 53,125 52,124 51,124 50,124 49,125 48,126 49,127 48,128
11,235 12,236 13,235 12,234
197,123 198,124 199,124 200,124 201,123 202,122 202,121 202,120 202,119 202,118 201,117 200,117 199,118 198,119 197,120 197,121 197,122
196,32 196,33 197,34 197,35 198,36 199,36 200,36 201,35 202,34 203,33 203,32 204,31 205,30 206,29 205,28 206,27 205,26 206,25 206,24 206,23 206,22 205,21 204,21 203,21 202,21 201,22 200,23 199,24 198,25 197,26 196,27 197,28 196,29 197,30 196,31
101,214 101,215 102,216 103,217 104,217 105,216 106,217 107,216 108,217 109,216 110,217 111,216 112,217 113,216 114,215 115,215 116,214 115,213 114,212 113,211 112,211 111,211 110,211 109,211 108,211 107,212 106,211 105,212 104,211 103,212 102,213
68,47 69,48 69,49 70,50 71,51 72,52 73,53 74,52 75,53 76,53 77,52 78,51 79,50 78,49 79,48 80,47 80,46 79,45 80,44 80,43 80,42 80,41 79,40 78,39 77,38 76,38 75,39 74,40 73,41 72,42 71,43 70,44 69,45 68,46
183,126 184,127 185,127 186,127 187,127 188,126 189,126 190,125 191,126 192,125 193,125 194,124 195,123 195,122 195,121 194,120 194,119 193,118 192,117 191,116 190,116 189,117 188,118 187,119 186,120 185,121 184,122 183,123 184,124 183,125
159,169 160,170 159,171 160,172 161,173 162,174 163,175 164,176 165,175 166,175 167,176 168,177 169,176 170,177 171,176 172,177 173,177 174,176 175,175 175,174 175,173 175,172 175,171 174,170 173,169 172,168 173,167 173,166 172,165 173,164 172,163 173,162 172,161 171,160 170,161 169,160 168,161 167,160 166,160 165,160 164,160 163,160 162,161 161,161 160,162 160,163 159,164 159,165 159,166 159,167 160,168
11,35 12,36 13,37 14,38 15,37 16,38 17,37 18,36 18,35 18,34 18,33 17,32 16,31 15,31 14,31 13,31 12,31 11,32 11,33 11,34
76,106 77,107 77,108 78,109 79,110 80,111 81,112 81,113 81,114 82,115 83,116 84,116 85,116 86,115 87,114 87,113 87,112 87,111 87,110 87,109 87,108 86,107 85,106 84,105 83,104 82,105 81,104 80,104 79,105 78,104 77,105
196,112 197,113 197,114 198,115 199,116 200,116 201,116 202,116 203,116 204,116 205,115 206,114 207,113 207,112 207,111 206,110 206,109 205,108 205,107 204,106 203,105 202,105 201,106 200,106 199,107 198,108 197,109 196,110 196,111
153,214 153,215 153,216 153,217 153,218 154,219 155,220 156,220 157,219 158,218 159,217 160,216 160,215 159,214 160,213 160,212 160,211 160,210 159,209 158,208 157,207 156,207 155,207 154,208 153,209 154,210 153,211 154,212 153,213
108,247 109,248 110,248 111,248 112,247 112,246 112,245 111,244 110,244 109,244 108,245 108,246
158,28 159,29 160,30 160,31 161,32 162,33 163,34 164,35 165,36 166,37 166,38 167,39 168,40 169,41 170,42 171,43 172,44 173,45 174,46 175,46 176,46 177,46 178,45 179,44 180,43 181,42 182,41 181,40 182,39 181,38 182,37 182,36 182,35 182,34 182,33 181,32 181,31 180,30 179,29 178,28 177,27 176,26 175,26 174,25 173,24 172,23 171,22 170,23 169,22 168,23 167,22 166,23 165,22 164,22 163,23 162,22 161,23 160,22 159,23 158,24 158,25 158,26 158,27
238,84 239,85 240,86 240,87 239,88 240,89 240,90 240,91 240,92 241,93 240,94 241,95 240,96 241,97 242,98 242,99 243,100 244,101 245,101 246,100 247,99 248,99 249,98 249,97 249,96 249,95 249,94 249,93 249,92 249,91 249,90 249,89 248,88 247,87 246,86 245,85 244,84 243,83 242,82 241,82 240,82 239,82 238,83
86,153 87,154 88,155 89,155 90,155 91,155 92,155 93,155 94,154 94,153 94,152 93,151 92,150 91,150 90,150 89,151 88,151 87,152
106,81 107,82 108,81 107,80
7,78 8,79 9,80 10,80 11,80 12,79 13,79 14,78 14,77 14,76 13,75 12,74 11,74 10,74 9,75 8,76 7,77
34,200 34,201 34,202 35,203 34,204 35,205 34,206 35,207 36,208 37,209 38,208 39,209 40,208 41,209 42,208 43,209 44,209 45,209 46,208 47,208 48,207 49,206 50,205 49,204 50,203 50,202 50,201 50,200 49,199 48,198 47,199 46,198 45,199 44,198 43,199 42,198 41,199 40,198 39,199 38,198 37,199 36,198 35,199
107,58 107,59 108,60 109,61 110,62 111,63 111,64 110,65 111,66 110,67 111,68 110,69 111,70 110,71 111,72 111,73 112,74 113,75 114,76 115,77 116,78 117,79 118,80 119,80 120,80 121,79 122,78 122,77 122,76 121,75 122,74 122,73 121,72 122,71 121,70 122,69 121,68 122,67 122,66 121,65 120,64 119,63 118,62 119,61 118,60 118,59 117,58 116,57 115,56 114,55 113,56 112,55 111,56 110,55 109,56 108,57
164,79 165,80 164,81 165,82 166,83 167,84 166,85 167,86 166,87 167,88 166,89 167,90 168,91 169,91 170,91 171,91 172,90 173,91 174,90 175,91 176,91 177,91 178,91 179,90 180,91 181,90 182,91 183,90 184,91 185,90 186,91 187,90 188,89 189,88 190,87 191,86 192,85 192,84 191,83 192,82 191,81 192,80 191,79 192,78 192,77 192,76 191,75 192,74 192,73 192,72 191,71 190,70 189,69 188,70 187,69 186,70 185,69 184,70 183,69 182,69 181,70 180,71 179,72 178,71 177,72 176,71 175,72 174,73 173,74 172,75 171,76 170,77 169,77 168,76 167,77 166,77 165,78
115,140 115,141 116,142 117,141 118,142 119,141 120,142 121,141 122,142 123,142 124,142 125,142 126,142 127,141 128,141 129,140 130,141 131,142 132,141 133,142 134,141 135,140 136,140 137,139 138,138 139,137 139,136 138,135 137,134 136,133 135,132 134,131 133,130 132,131 131,130 130,131 129,130 128,131 127,132 126,133 125,134 124,135 123,134 122,135 121,134 120,135 119,135 118,136 117,137 116,138 115,139
114,188 114,189 114,190 114,191 115,192 114,193 115,194 114,195 114,196 114,197 115,198 115,199 116,200 116,201 115,202 116,203 115,204 116,205 115,206 116,207 115,208 116,209 115,210 116,211 116,212 117,213 116,214 115,215 114,216 115,217 114,218 115,219 114,220 115,221 115,222 116,223 115,224 116,225 115,226 116,227 117,228 118,228 119,228 120,228 121,228 122,228 123,228 124,228 125,228 126,227 127,226 128,225 129,224 130,223 131,222 132,221 133,220 134,219 135,218 136,217 137,216 138,215 139,214 140,213 141,212 142,213 143,212 144,213 145,212 146,211 147,210 147,209 146,208 145,207 144,206 143,205 142,204 141,203 140,202 139,201 140,200 139,199 139,198 138,197 137,196 136,195 135,194 134,193 133,192 132,191 131,190 130,190 129,189 128,188 127,189 126,190 125,189 124,189 123,188 122,187 121,188 120,187 119,188 118,188 117,187 116,187 115,187
170,127 170,128 170,129 171,130 171,131 172,132 173,132 174,131 175,130 176,129 177,128 178,128 179,129 180,128 181,129 182,128 183,127 182,126 183,125 183,124 182,123 183,122 182,121 183,120 182,119 183,118 183,117 183,116 182,115 183,114 182,113 183,112 183,111 183,110 183,109 183,108 182,107 181,108 180,109 179,110 178,111 177,112 176,113 175,114 174,115 173,116 172,117 171,118 170,119 170,120 171,121 170,122 171,123 170,124 171,125 170,126
222,241 223,242 224,243 224,244 225,245 226,245 227,246 228,245 229,246 230,245 231,246 232,246 233,245 234,244 234,243 233,242 232,241 231,240 232,239 233,238 232,237 233,236 232,235 231,234 230,234 229,234 228,235 227,234 226,234 225,235 224,236 223,237 222,238 223,239 222,240
154,69 155,70 156,70 157,71 158,72 159,73 160,74 161,75 162,76 163,76 164,76 165,75 166,74 167,73 168,72 169,71 169,70 169,69 169,68 169,67 169,66 168,65 167,64 168,63 169,62 168,61 169,60 168,59 169,58 168,57 167,56 166,55 165,55 164,55 163,55 162,56 161,55 160,56 159,57 158,58 157,59 156,60 155,61 154,62 155,63 154,64 155,65 154,66 155,67 154,68
9,14 10,15 11,16 12,17 13,18 14,19 14,20 15,21 16,22 17,23 18,24 19,25 20,26 20,27 19,28 20,29 19,30 20,31 21,32 22,33 23,34 24,35 25,36 26,37 27,37 28,37 29,37 30,37 31,36 32,35 33,34 33,33 33,32 32,31 31,30 30,29 29,28 28,27 27,26 26,25 27,24 26,23 27,22 28,21 28,20 29,19 29,18 28,17 29,16 28,15 28,14 27,13 26,12 25,11 24,10 23,11 22,10 21,11 20,10 19,11 18,10 17,11 16,10 15,11 14,10 13,11 12,10 11,10 10,11 9,12 9,13
97,81 97,82 98,83 99,84 100,85 101,86 102,87 103,88 104,89 103,90 104,91 103,92 104,93 103,94 104,95 103,96 104,97 103,98 104,99 105,100 106,100 107,99 108,100 109,99 110,100 111,99 112,100 113,99 114,98 115,98 116,99 117,98 118,99 119,98 120,98 121,97 122,96 121,95 120,94 121,93 120,92 121,91 120,90 121,89 120,88 119,87 118,86 117,85 117,84 116,83 115,82 114,81 113,80 112,79 111,80 110,79 109,80 108,79 107,80 106,79 105,80 104,79 103,80 102,79 101,80 100,79 99,80 98,79 97,80
207,158 207,159 207,160 208,161 209,162 210,162 211,161 212,160 213,159 213,158 213,157 213,156 212,155 211,155 210,155 209,156 208,157
152,49 152,50 152,51 152,52 153,53 154,54 155,53 156,52 156,51 156,50 155,49 155,48 154,47 153,48
141,226 142,227 141,228 142,229 141,230 142,231 141,232 141,233 141,234 142,235 143,236 144,237 145,238 146,239 147,240 148,241 149,242 150,243 151,244 152,245 153,246 154,245 155,246 156,246 157,246 158,245 159,244 159,243 158,242 159,241 158,240 159,239 159,238 159,237 159,236 159,235 158,234 157,233 156,232 155,231 154,230 153,229 152,228 151,227 150,226 149,225 150,224 149,223 150,222 149,221 149,220 148,219 147,218 146,217 145,217 144,218 143,219 143,220 142,221 141,222 142,223 141,224 141,225
218,58 219,59 220,60 221,61 222,62 222,63 223,64 224,65 225,65 226,64 227,63 228,62 229,61 230,60 230,59 229,58 230,57 230,56 230,55 229,54 228,54 227,55 226,54 225,55 224,54 223,55 222,54 221,55 220,54 219,55 218,56 218,57
91,107 92,108 93,109 93,110 92,111 93,112 93,113 93,114 94,115 95,116 96,117 97,117 98,118 99,119 100,120 101,120 102,120 103,119 104,118 104,117 103,116 104,115 103,114 104,113 104,112 103,111 102,110 101,109 100,108 99,107 98,106 97,105 97,104 96,103 95,102 94,102 93,102 92,103 91,104 91,105 91,106
134,41 135,42 136,42 137,42 138,41 139,40 140,39 141,38 142,37 142,36 142,35 141,34 140,34 139,35 138,35 137,36 136,37 135,38 134,39 134,40
20,222 21,223 22,224 23,224 24,223 25,222 25,221 26,220 27,219 28,218 29,217 30,216 31,215 32,214 32,213 32,212 31,211 30,210 29,209 28,210 27,209 26,209 25,209 24,209 23,210 22,211 21,212 20,213 21,214 20,215 21,216 20,217 21,218 20,219 20,220 20,221
174,11 175,12 174,13 175,14 174,15 175,16 174,17 175,18 176,19 177,20 178,19 179,18 180,18 181,19 182,18 183,17 184,17 185,18 186,17 187,16 188,15 189,14 189,13 189,12 188,11 187,10 186,9 185,8 184,9 183,8 182,9 181,8 180,9 179,8 178,8 177,8 176,8 175,8 174,9 174,10
204,16 205,17 205,18 206,19 207,20 208,21 207,22 208,23 209,24 210,25 209,26 210,27 209,28 210,29 209,30 210,31 209,32 210,33 209,34 210,35 211,36 211,37 212,38 213,39 214,40 215,41 216,42 217,43 218,42 219,42 220,41 221,41 222,40 223,39 224,38 225,37 226,36 227,35 227,34 226,33 227,32 226,31 227,30 227,29 227,28 227,27 226,26 225,25 224,24 223,23 222,22 221,21 220,20 219,19 218,18 217,17 216,16 215,16 214,15 213,14 212,13 211,14 210,13 209,13 208,14 207,13 206,14 205,15
205,51 206,52 207,51 206,50
104,174 104,175 104,176 105,177 106,178 107,179 108,180 109,179 110,179 111,178 112,177 113,176 114,175 115,174 116,173 117,172 117,171 117,170 116,169 115,168 114,167 113,166 112,167 111,166 110,166 109,166 108,166 107,166 106,167 105,168 104,169 105,170 104,171 105,172 104,173
128,235 128,236 129,237 130,238 131,238 132,237 133,236 133,235 133,234 132,233 131,233 130,233 129,234
182,89 183,90 184,89 183,88
220,141 220,142 220,143 221,144 220,145 221,146 220,147 221,148 222,149 222,150 223,151 224,152 225,152 226,152 227,152 228,152 229,152 230,152 231,152 232,152 233,152 234,151 235,150 236,149 237,148 238,147 238,146 239,145 240,144 241,143 242,142 242,141 241,140 242,139 241,138 242,137 241,136 242,135 241,134 242,133 241,132 242,131 242,130 242,129 241,128 240,129 239,128 238,129 237,128 236,129 235,128 234,129 233,130 232,130 231,129 230,130 229,131 228,131 227,132 226,132 225,133 224,134 223,135 222,136 221,137 220,138 221,139 220,140
38,90 39,91 40,92 41,93 42,94 43,93 44,94 45,95 46,96 47,97 48,98 49,97 50,98 51,97 52,98 53,97 54,98 55,97 56,98 57,97 58,98 59,98 60,98 61,98 62,97 62,96 62,95 61,94 60,93 59,92 58,91 57,90 56,89 55,88 56,87 55,86 54,85 53,84 52,83 51,82 50,83 49,82 48,83 47,82 46,83 45,82 44,83 43,84 42,85 41,84 40,85 39,86 38,87 38,88 38,89
23,94 24,95 24,96 25,97 25,98 26,99 26,100 27,101 28,101 29,100 30,99 31,98 32,97 33,96 33,95 33,94 33,93 33,92 32,91 31,90 30,90 29,90 28,91 27,90 26,91 25,92 24,93
106,8 106,9 106,10 106,11 107,12 108,12 109,11 110,10 110,9 110,8 109,7 108,6 107,6 106,7
238,231 238,232 238,233 239,234 240,233 241,232 241,231 241,230 240,229 239,230
129,96 130,97 129,98 130,99 130,100 131,101 132,102 132,103 133,104 134,105 133,106 134,107 135,108 136,109 137,109 138,109 139,108 140,107 141,106 142,106 143,105 144,104 145,103 146,102 147,102 148,101 148,100 148,99 147,98 147,97 146,96 147,95 146,94 147,93 146,92 145,91 144,90 143,90 142,90 141,90 140,91 139,92 138,93 137,94 136,93 135,92 134,93 133,92 132,93 131,94 130,95
13,206 14,207 15,208 16,208 17,207 18,206 19,205 19,204 18,203 17,202 16,202 15,202 14,202 13,203 13,204 13,205
136,165 136,166 136,167 137,168 138,169 139,170 140,171 141,171 142,172 143,173 144,174 145,175 146,175 147,174 148,173 149,172 150,171 151,170 150,169 151,168 151,167 150,166 149,165 148,164 147,163 146,164 145,163 144,164 143,163 142,164 141,163 140,164 139,163 138,164 137,164
160,45 161,46 162,47 163,47 164,47 165,47 166,47 167,47 168,47 169,47 170,47 171,46 170,45 169,44 168,43 167,42 166,41 166,40 165,39 164,39 163,39 162,39 161,40 160,41 161,42 160,43 160,44
59,198 59,199 59,200 60,201 61,202 62,203 63,204 64,205 65,206 66,207 67,206 68,207 69,207 70,207 71,207 72,206 73,205 73,204 73,203 72,202 71,201 70,200 69,199 68,198 69,197 69,196 68,195 67,194 66,193 65,192 64,192 63,192 62,192 61,192 60,193 59,194 60,195 59,196 60,197
47,62 47,63 48,64 49,65 50,66 51,66 52,67 53,68 54,69 55,68 56,69 57,69 58,68 59,68 60,67 61,66 61,65 60,64 59,63 58,62 57,61 56,60 55,59 54,60 53,59 52,60 51,59 50,59 49,60 48,61
235,41 236,42 236,43 237,44 238,45 238,46 237,47 238,48 239,49 240,50 241,51 242,50 243,51 244,50 244,49 244,48 244,47 243,46 244,45 243,44 244,43 243,42 243,41 242,40 241,39 240,40 239,39 238,40 237,39 236,39 235,40
196,205 197,206 198,207 199,208 200,209 201,210 202,209 203,210 204,209 205,210 206,209 207,210 208,209 209,210 210,209 211,210 212,210 213,210 214,210 215,209 216,210 217,209 218,208 219,207 220,207 221,206 222,206 223,205 224,204 224,203 224,202 223,201 222,200 221,199 220,200 219,201 218,201 217,200 216,199 215,200 214,199 213,200 212,199 211,200 210,201 209,201 208,201 207,202 206,201 205,202 204,201 203,202 202,203 201,203 200,204 199,204 198,203 197,204
226,37 227,38 228,39 229,40 230,40 231,40 232,40 233,40 234,40 235,40 236,39 235,38 236,37 235,36 236,35 235,34 235,33 234,32 233,32 232,32 231,32 230,32 229,33 228,33 227,34 226,35 227,36
32,52 33,53 34,52 33,51
176,82 177,83 178,82 177,81
120,182 121,183 120,184 121,185 122,186 123,187 123,188 124,189 125,189 126,189 127,188 128,187 129,186 129,185 129,184 128,183 127,182 126,181 125,181 124,180 123,179 122,179 121,180 120,181
157,102 158,103 158,104 159,105 160,106 161,106 162,105 163,104 163,103 163,102 163,101 163,100 163,99 163,98 162,97 161,98 160,99 159,99 158,100 157,101
167,8 168,9 169,9 170,9 171,9 172,8 173,8 174,7 173,6 173,5 172,4 171,3 170,2 169,2 168,3 167,4 168,5 167,6 168,7
225,170 226,171 227,172 228,173 229,174 230,175 231,175 232,175 233,175 234,174 235,175 236,175 237,175 238,175 239,175 240,175 241,175 242,174 242,173 242,172 242,171 241,170 241,169 240,168 239,167 238,166 237,165 236,166 235,165 234,166 233,165 232,166 231,165 230,166 229,165 228,165 227,165 226,166 225,167 225,168 225,169
148,108 149,109 150,108 149,107
201,92 202,93 202,94 203,95 204,95 205,95 206,94 207,95 208,94 209,94 210,93 211,92 212,91 213,90 213,89 212,88 213,87 212,86 213,85 212,84 213,83 213,82 213,81 213,80 212,79 211,78 210,78 209,79 208,80 207,80 206,80 205,81 204,81 203,82 202,83 201,84 201,85 202,86 201,87 202,88 201,89 201,90 201,91
166,177 167,178 168,177 167,176
182,37 182,38 183,39 184,40 185,40 186,41 187,42 188,42 189,42 190,41 191,40 191,39 190,38 189,37 188,36 187,35 186,34 185,35 184,35 183,36
0,239 1,240 2,241 3,242 4,241 5,242 6,242 7,242 8,242 9,241 10,240 9,239 10,238 9,237 10,236 9,235 10,234 9,233 10,232 9,231 10,230 10,229 10,228 10,227 9,226 8,225 7,225 6,226 5,226 4,227 3,228 2,229 1,230 0,231 0,232 0,233 0,234 0,235 0,236 0,237 0,238
79,139 80,140 81,141 82,142 83,143 84,144 85,143 86,144 87,143 88,144 89,144 90,144 91,143 92,142 93,141 93,140 93,139 92,138 91,137 92,136 92,135 91,134 92,133 91,132 92,131 91,130 92,129 91,128 91,127 90,126 89,125 89,124 88,123 87,122 86,121 87,120 86,119 85,118 84,117 83,117 82,118 81,119 80,120 79,121 80,122 79,123 80,124 79,125 80,126 79,127 80,128 79,129 80,130 79,131 80,132 79,133 80,134 79,135 79,136 79,137 79,138
95,33 95,34 96,35 97,36 98,37 98,38 99,39 100,40 100,41 100,42 101,43 102,44 103,45 104,46 105,47 106,48 107,47 108,48 109,48 110,48 111,48 112,47 113,46 112,45 113,44 113,43 113,42 112,41 111,40 110,39 109,38 108,37 107,36 106,35 105,34 104,33 103,32 104,31 103,30 103,29 102,28 101,27 100,27 99,28 98,29 97,30 96,31 95,32
177,94 178,95 179,94 178,93
1,50 2,51 2,52 3,53 4,54 5,55 6,56 7,57 8,58 8,59 8,60 9,61 9,62 10,63 11,63 12,62 13,62 14,61 15,60 16,59 17,59 18,58 19,58 20,57 20,56 20,55 19,54 18,53 17,52 16,51 15,50 14,49 13,48 12,49 11,48 10,49 9,48 8,49 7,48 6,49 5,48 4,48 3,48 2,49
243,36 243,37 244,38 245,39 246,40 247,39 248,40 249,39 249,38 249,37 249,36 249,35 249,34 248,33 247,33 246,33 245,34 244,35
64,59 65,60 66,61 67,61 68,61 69,60 69,59 69,58 69,57 69,56 68,55 67,55 66,55 65,56 64,57 64,58
198,132 199,133 200,134 201,134 202,134 203,133 204,132 204,131 203,130 202,130 201,130 200,131 199,131
68,138 69,139 70,140 71,140 72,139 73,138 73,137 73,136 72,135 71,134 70,134 69,135 68,136 68,137
149,185 150,186 151,185 150,184
60,105 61,106 62,107 63,108 63,109 64,110 65,111 66,112 67,113 68,113 69,112 70,111 70,110 70,109 70,108 69,107 68,106 67,105 68,104 67,103 66,102 65,101 64,100 63,100 62,100 61,101 60,102 60,103 60,104
187,192 188,193 188,194 189,195 190,196 191,195 192,196 193,195 194,196 195,195 196,196 197,195 198,196 199,196 200,196 201,195 201,194 201,193 200,192 200,191 199,190 199,189 198,188 197,188 196,188 195,188 194,188 193,189 192,188 191,189 190,188 189,189 188,190 187,191
137,248 138,249 139,249 140,249 141,249 142,249 143,248 143,247 143,246 142,245 141,244 142,243 143,242 142,241 143,240 142,239 141,238 140,239 139,239 138,240 137,241 138,242 137,243 138,244 137,245 138,246 137,247
164,144 164,145 164,146 165,147 166,148 167,149 168,149 169,149 170,148 171,148 172,147 173,148 174,147 175,146 176,145 177,144 177,143 177,142 176,141 175,140 174,139 173,138 174,137 173,136 172,135 171,134 170,134 169,134 168,135 167,136 166,137 165,138 164,139 165,140 165,141 164,142 165,143
81,210 82,211 83,212 84,213 85,214 86,213 87,214 88,213 89,213 90,212 90,211 89,210 89,209 88,208 87,207 86,207 85,207 84,207 83,207 82,207 81,208 81,209
199,236 200,237 201,237 202,236 203,236 204,235 204,234 204,233 204,232 203,231 202,232 201,232 200,233 199,234 199,235
69,99 69,100 69,101 70,102 71,102 72,102 73,102 74,101 75,100 74,99 73,98 72,97 71,97 70,98
69,146 69,147 69,148 70,149 71,149 72,149 73,149 74,149 75,149 76,148 77,148 78,147 79,146 79,145 79,144 78,143 77,142 76,141 75,142 74,143 73,143 72,144 71,145 70,145
4,125 5,126 6,127 7,128 8,129 9,130 10,131 11,132 12,133 13,132 14,133 15,133 16,133 17,132 18,131 19,130 20,129 21,128 22,127 23,126 24,125 24,124 24,123 24,122 23,121 22,120 21,119 20,118 19,117 18,116 17,117 16,116 15,116 14,117 13,116 12,117 11,116 10,117 9,116 8,117 7,116 6,116 5,117 4,118 4,119 4,120 4,121 5,122 4,123 5,124
197,217 197,218 198,219 199,219 200,219 201,219 202,219 203,218 203,217 202,216 201,215 200,214 199,215 198,216
70,219 70,220 71,221 72,222 73,222 74,222 75,222 76,221 77,220 77,219 76,218 75,217 74,217 73,217 72,217 71,218
135,153 135,154 136,155 137,156 138,156 139,156 140,156 141,155 142,154 142,153 142,152 142,151 142,150 142,149 141,148 140,148 139,149 138,150 137,151 136,152
