56,59 56,60 56,61 56,62 56,63 57,64 57,65 57,66 58,67 58,68 59,69 60,70 61,70 62,69 62,68 63,67 62,66 62,65 61,64 61,63 61,62 60,61 60,60 59,59 58,58 57,58
87,49 88,50 89,49 88,48
11,7 12,8 13,9 12,10 12,11 11,12 11,13 11,14 12,15 13,16 14,16 15,17 16,17 17,16 16,15 17,14 17,13 17,12 17,11 18,10 19,10 20,10 21,9 22,8 22,7 21,6 20,6 19,6 18,5 17,5 16,4 16,3 15,2 14,2 13,2 12,2 11,3 11,4 11,5 11,6
9,63 9,64 10,65 11,66 12,66 13,66 14,65 15,64 16,63 15,62 14,61 13,61 12,61 11,62 10,62
48,15 49,16 50,17 51,17 52,18 52,19 52,20 52,21 53,22 54,23 55,23 56,22 57,22 58,21 59,21 60,22 61,23 62,23 63,24 64,24 65,25 66,25 67,25 68,25 69,25 70,25 71,26 72,26 73,27 74,27 75,27 76,27 77,26 78,25 78,24 77,23 76,22 76,21 77,20 78,19 79,18 80,17 81,17 82,16 83,15 84,14 84,13 84,12 83,11 82,11 81,10 80,10 79,9 78,10 78,11 77,12 76,13 76,14 75,15 74,16 74,17 74,18 74,19 73,20 72,20 71,20 70,21 69,21 68,21 67,21 66,20 65,19 65,18 64,17 63,17 62,16 61,16 60,15 59,14 58,14 57,14 56,13 55,12 54,11 54,10 53,9 52,9 51,10 50,11 50,12 49,13 48,14
49,33 50,34 51,33 50,32
0,60 1,61 1,62 2,63 3,63 4,63 5,62 6,61 6,60 7,59 8,59 9,59 10,58 11,57 12,56 13,56 14,56 15,56 16,56 17,56 18,56 19,56 20,55 20,54 20,53 20,52 19,51 18,50 17,50 16,50 15,49 14,48 13,48 12,48 11,49 10,50 10,51 10,52 9,53 8,53 7,54 6,54 5,53 4,52 3,51 2,51 1,50 0,51 0,52 0,53 0,54 0,55 0,56 0,57 0,58 0,59
75,85 76,86 76,87 77,88 77,89 78,90 79,91 80,91 81,92 82,92 83,92 84,92 85,92 86,92 87,93 88,92 89,91 90,90 90,89 90,88 90,87 90,86 89,85 88,86 87,86 86,86 85,86 84,86 83,86 82,85 82,84 81,83 80,83 79,83 78,82 77,83 76,84
63,1 64,2 65,3 66,4 67,4 68,5 69,5 70,5 71,6 72,6 73,6 74,5 75,5 76,4 77,4 78,5 79,5 80,4 81,3 81,2 80,1 79,0 78,0 77,0 76,0 75,0 74,0 73,0 72,0 71,0 70,0 69,0 68,0 67,0 66,0 65,0 64,0
57,13 58,14 59,14 60,15 61,15 62,15 63,15 64,14 65,13 66,13 67,13 68,14 69,14 70,13 71,12 71,11 71,10 71,9 71,8 70,7 69,6 68,6 67,5 66,5 65,5 64,5 63,5 62,5 61,5 60,6 59,7 59,8 58,9 58,10 58,11 58,12
7,77 8,78 9,79 10,80 11,80 12,80 13,79 13,78 14,77 14,76 13,75 12,74 11,73 10,73 9,74 8,75 7,76
23,60 23,61 23,62 24,63 25,64 26,65 27,65 28,65 29,65 30,65 31,65 32,66 33,67 32,68 33,69 34,70 35,71 36,71 37,71 38,70 39,70 40,70 41,70 42,71 43,71 44,72 45,73 46,73 47,74 48,74 49,73 50,72 50,71 49,70 49,69 48,68 47,68 46,68 45,68 44,68 43,67 42,67 41,67 40,67 39,67 38,67 37,66 36,65 35,64 35,63 34,62 33,63 32,62 31,61 30,61 29,60 28,60 27,59 26,59 25,59 24,59
65,58 65,59 65,60 65,61 65,62 65,63 65,64 66,65 67,66 67,67 68,68 69,69 69,70 70,71 71,71 72,72 73,72 74,72 75,71 75,70 75,69 74,68 73,67 72,66 72,65 72,64 73,63 74,62 75,62 76,61 77,60 78,59 78,58 77,57 77,56 76,55 75,54 74,54 73,55 72,56 72,57 71,58 70,58 69,57 68,57 67,57 66,57
40,21 41,22 41,23 42,24 43,25 43,26 42,27 43,28 43,29 44,30 45,29 46,29 47,29 48,28 49,27 49,26 48,25 47,24 46,24 45,23 44,22 44,21 45,20 44,19 44,18 44,17 44,16 45,15 46,14 46,13 45,12 45,11 44,10 43,9 42,9 41,10 40,11 40,12 40,13 40,14 40,15 41,16 41,17 41,18 40,19 40,20
89,27 90,28 91,29 92,30 93,29 93,28 93,27 94,26 95,25 96,24 97,23 97,22 96,21 95,20 94,20 93,21 92,22 92,23 91,24 90,25 89,26
35,62 36,63 37,63 38,63 39,64 40,64 41,64 42,64 43,63 44,62 44,61 43,60 42,59 41,58 40,58 39,58 38,57 37,57 36,57 35,58 35,59 35,60 35,61
47,89 47,90 47,91 48,92 49,92 50,92 51,92 52,92 53,92 54,91 55,90 55,89 56,88 57,88 58,87 59,88 60,89 61,89 62,89 63,88 63,87 64,86 64,85 65,84 65,83 64,82 63,81 62,81 61,81 60,81 59,82 58,82 57,81 56,81 55,81 54,81 53,82 52,83 52,84 51,85 50,85 49,86 48,87 48,88
74,37 75,38 76,37 75,36
0,97 1,98 2,99 3,99 4,98 5,99 6,99 7,99 8,98 9,97 10,96 9,95 8,94 7,93 6,93 5,92 4,91 3,90 2,90 1,90 0,91 0,92 0,93 0,94 0,95 0,96
6,20 6,21 6,22 6,23 7,24 8,25 9,25 10,25 11,25 12,24 11,23 11,22 10,21 9,20 8,19 7,19
68,45 69,46 70,47 71,47 72,47 73,46 74,45 75,44 74,43 73,42 72,41 71,40 70,41 69,42 68,43 68,44
91,63 92,64 92,65 93,66 93,67 94,68 95,68 96,67 96,66 96,65 96,64 96,63 95,62 94,62 93,62 92,62
62,29 63,30 64,29 63,28
16,86 17,87 18,88 19,88 20,89 21,90 21,91 22,92 23,93 24,94 25,94 26,94 27,93 28,92 29,91 30,90 30,89 31,88 31,87 31,86 30,85 29,85 28,84 27,83 26,82 25,82 24,82 23,83 23,84 23,85 22,86 21,86 20,85 19,84 18,84 17,84 16,85
34,34 35,35 35,36 36,37 37,37 38,37 39,36 40,35 40,34 40,33 41,32 41,31 41,30 40,29 39,28 38,28 37,28 36,29 35,30 35,31 35,32 35,33
77,73 77,74 77,75 78,76 79,76 80,76 81,76 82,76 83,76 84,75 85,74 86,74 87,73 88,73 89,72 89,71 89,70 89,69 88,68 87,69 86,69 85,68 84,68 83,69 82,68 81,69 81,70 80,71 79,71 78,72
13,26 14,27 14,28 15,29 16,28 17,28 18,28 19,28 20,27 21,27 22,27 23,27 24,28 25,29 26,30 27,30 28,30 29,30 30,30 31,29 32,28 32,27 33,26 32,25 32,24 32,23 31,22 31,21 31,20 30,19 29,19 28,19 27,19 26,19 25,20 26,21 25,22 24,22 23,22 22,22 21,22 20,22 19,23 18,23 17,23 16,23 15,23 14,24 13,25
0,37 0,38 1,39 2,38 2,37 2,36 2,35 2,34 1,33 0,34 0,35 0,36
0,87 1,88 2,87 1,86
17,98 18,99 19,99 20,99 21,99 22,98 23,97 22,96 21,96 20,96 19,96 18,96 17,97
30,85 31,86 32,86 33,87 34,88 35,89 35,90 35,91 35,92 36,93 37,93 38,93 39,92 39,91 39,90 39,89 39,88 38,87 37,86 37,85 37,84 37,83 37,82 37,81 38,80 39,80 40,80 41,79 42,78 41,77 40,76 39,76 38,76 37,77 36,78 35,79 34,80 33,80 32,81 32,82 31,83 31,84
94,3 94,4 94,5 94,6 95,7 95,8 96,9 97,10 96,11 96,12 96,13 96,14 97,15 98,15 99,14 99,13 99,12 99,11 99,10 99,9 99,8 99,7 99,6 99,5 99,4 98,3 97,3 96,2 95,2
35,2 36,3 37,3 38,3 39,3 40,3 41,3 42,2 43,2 44,1 43,0 42,0 41,0 40,0 39,0 38,0 37,0 36,0 35,1
87,43 88,44 89,43 88,42
61,53 62,54 63,55 64,56 65,56 66,55 67,54 68,53 68,52 68,51 68,50 68,49 67,48 66,48 65,48 64,48 63,49 62,50 62,51 61,52
50,65 51,66 52,65 51,64
47,3 48,4 49,5 50,6 51,7 52,7 53,6 54,6 55,5 54,4 54,3 53,2 52,1 51,1 50,1 49,1 48,1 47,2
33,28 34,29 35,28 34,27
54,37 54,38 54,39 55,40 55,41 56,42 57,41 57,40 58,39 59,38 59,37 60,36 61,36 62,35 63,34 64,33 65,32 65,31 64,30 63,30 62,30 61,30 60,30 59,31 58,32 57,32 56,33 56,34 55,35 55,36
89,79 90,80 91,80 92,79 92,78 91,77 90,78
76,50 76,51 76,52 77,53 78,53 79,53 80,53 81,54 81,55 81,56 82,57 82,58 81,59 80,60 79,61 79,62 79,63 80,64 81,65 82,65 83,65 84,65 85,64 86,63 87,62 86,61 85,60 85,59 86,58 86,57 87,56 88,56 89,55 90,55 91,54 92,53 91,52 90,51 89,51 88,51 87,51 86,51 85,50 84,50 83,50 82,50 81,50 80,49 79,49 78,49 77,49
76,47 77,48 78,47 77,46
5,67 5,68 6,69 7,70 8,69 9,68 9,67 9,66 8,65 7,66 6,66
0,2 0,3 0,4 0,5 0,6 1,7 2,6 2,5 3,4 4,3 4,2 5,1 4,0 3,0 2,0 1,0 0,1
0,25 0,26 1,27 2,27 3,26 4,25 3,24 2,23 1,22 0,23 0,24
94,88 95,89 95,90 96,91 97,92 98,91 99,90 99,89 99,88 99,87 99,86 98,85 97,85 96,85 95,85 94,86 94,87
34,53 35,54 36,54 37,55 38,55 39,55 40,55 41,55 42,54 42,53 42,52 41,51 40,51 39,50 38,49 37,50 36,51 35,52
95,32 96,33 97,32 96,31
67,83 68,84 69,83 68,82
22,1 23,2 24,3 25,3 26,3 27,2 27,1 26,0 25,0 24,0 23,0
