26,89 27,90 28,91 29,92 30,93 31,94 32,95 33,96 34,97 35,96 36,96 37,97 38,98 39,97 40,98 41,97 42,98 43,98 44,97 45,96 46,95 47,94 48,93 49,92 50,91 51,90 50,89 51,88 50,87 51,86 50,85 51,84 50,83 51,82 50,81 51,80 51,79 51,78 51,77 50,76 49,75 48,75 47,76 46,76 45,77 44,76 43,77 42,77 41,78 40,77 39,78 38,79 37,80 36,81 35,82 34,83 33,84 32,85 31,85 30,84 29,85 28,86 27,87 26,88
75,92 75,93 75,94 76,95 77,96 78,97 79,98 80,99 81,98 82,99 83,98 84,99 85,99 86,99 87,99 88,99 89,99 90,99 91,98 92,99 93,98 94,99 95,99 96,99 97,99 98,99 99,98 99,97 99,96 99,95 98,94 97,93 96,92 95,91 94,90 93,91 92,90 91,91 90,90 89,91 88,90 87,91 86,90 85,91 84,90 83,90 82,90 81,90 80,91 79,90 78,91 77,90 76,91
67,57 68,58 67,59 68,60 68,61 69,62 70,63 71,63 72,62 73,61 73,60 73,59 73,58 73,57 72,56 71,55 70,55 69,55 68,56
7,57 8,58 9,59 9,60 8,61 9,62 8,63 9,64 8,65 9,66 10,67 11,68 12,67 13,68 14,68 15,68 16,67 17,66 18,66 19,67 20,66 21,66 22,65 22,64 21,63 21,62 20,61 19,60 18,59 17,58 16,57 15,56 14,55 13,54 12,54 11,54 10,54 9,54 8,55 7,56
45,52 46,53 47,52 46,51
56,41 57,42 58,43 59,44 60,45 61,44 62,45 63,45 64,45 65,45 66,44 66,43 66,42 66,41 65,40 64,39 63,38 62,37 61,36 60,36 59,36 58,36 57,37 56,38 56,39 56,40
0,48 0,49 0,50 0,51 1,52 1,53 2,54 3,55 4,55 5,54 6,53 5,52 6,51 5,50 5,49 4,48 3,47 2,47 1,47
36,31 37,32 38,32 39,31 40,32 41,31 42,32 43,31 44,32 45,31 46,31 47,30 48,29 48,28 48,27 48,26 47,25 48,24 48,23 47,22 48,21 47,20 48,19 47,18 46,17 45,17 44,17 43,17 42,18 41,19 40,20 39,21 38,22 37,23 36,24 37,25 36,26 36,27 36,28 36,29 36,30
35,19 36,20 37,19 36,18
73,75 74,76 75,75 74,74
88,57 88,58 89,59 90,60 91,60 92,61 93,61 94,61 95,61 96,61 97,61 98,61 99,60 99,59 99,58 99,57 99,56 98,55 97,55 96,55 95,55 94,56 93,55 92,56 91,55 90,56 89,55 88,56
26,66 27,67 28,68 29,69 30,70 31,71 30,72 31,73 30,74 31,75 31,76 32,77 33,78 34,79 35,78 36,77 37,76 38,75 39,74 40,73 41,72 42,71 43,70 44,69 43,68 42,67 41,66 40,65 39,64 38,63 37,62 36,61 35,62 34,62 33,61 32,61 31,61 30,61 29,61 28,62 27,63 26,64 26,65
92,16 93,17 93,18 94,19 94,20 95,21 96,22 97,22 98,21 99,20 99,19 99,18 99,17 99,16 98,15 97,14 96,13 96,12 95,11 94,12 93,12 92,13 92,14 92,15
39,38 39,39 39,40 39,41 40,42 41,43 42,44 42,45 43,46 44,47 45,48 46,49 47,50 48,51 49,52 50,53 51,54 51,55 52,56 53,57 54,58 53,59 54,60 54,61 55,62 56,63 57,62 58,61 59,61 60,60 61,59 61,58 61,57 60,56 59,55 58,54 57,53 57,52 57,51 56,50 55,49 54,48 55,47 55,46 54,45 55,44 54,43 54,42 53,41 52,40 51,39 50,38 49,37 48,38 47,37 46,38 45,37 44,38 43,37 42,37 41,37 40,37
58,71 59,72 59,73 60,74 61,75 62,76 63,77 64,78 65,79 66,80 66,81 67,82 68,82 69,81 70,80 71,79 72,78 73,77 72,76 73,75 73,74 72,73 72,72 71,71 70,70 69,69 68,68 67,67 66,66 65,65 64,65 63,66 62,67 61,68 60,69 59,70
0,3 0,4 0,5 0,6 0,7 0,8 0,9 0,10 0,11 0,12 0,13 0,14 0,15 0,16 0,17 0,18 1,19 2,20 3,21 4,22 5,23 4,24 5,25 4,26 5,27 5,28 6,29 7,28 8,27 8,26 9,25 10,24 11,23 11,22 10,21 11,20 10,19 11,18 10,17 11,16 10,15 11,14 10,13 11,12 10,11 11,10 10,9 9,8 8,7 7,6 6,5 5,4 4,3 3,2 2,2 1,2
3,90 4,91 5,92 6,93 7,94 8,95 7,96 8,97 8,98 9,99 10,99 11,99 12,98 13,99 14,98 15,99 16,98 17,99 18,99 19,99 20,99 21,99 22,99 23,98 23,97 22,96 21,95 20,94 19,93 18,92 17,91 16,90 15,89 14,88 13,87 12,88 11,87 10,88 9,87 8,88 7,87 6,87 5,87 4,87 3,88 3,89
67,47 67,48 68,49 69,49 70,50 71,51 72,52 73,53 74,54 75,55 76,56 77,57 78,56 79,57 80,56 81,57 82,57 83,57 84,57 85,56 86,55 86,54 86,53 86,52 86,51 86,50 85,49 84,48 83,47 82,46 81,45 80,44 79,43 78,42 77,41 76,40 75,39 74,39 73,40 72,41 71,42 70,43 69,44 68,45 67,46
60,22 61,23 62,22 61,21
84,38 84,39 84,40 85,41 86,40 87,39 86,38 87,37 86,36 85,35 84,36 84,37
52,9 53,10 54,9 53,8
30,49 30,50 31,51 32,52 33,53 34,54 35,55 35,56 36,57 37,58 38,58 39,58 40,58 41,58 42,57 43,56 43,55 42,54 42,53 41,52 40,51 39,50 38,49 37,48 36,47 35,47 34,47 33,47 32,47 31,48
70,27 71,28 71,29 72,30 71,31 72,32 71,33 72,34 72,35 73,36 74,36 75,36 76,35 77,36 78,35 79,36 80,35 81,36 82,35 83,35 84,34 85,33 85,32 85,31 84,30 83,29 82,28 81,27 80,26 79,25 78,24 77,24 76,24 75,24 74,25 73,24 72,25 71,26
80,14 81,15 82,15 83,14 84,13 85,12 86,13 87,12 88,11 89,10 89,9 89,8 89,7 89,6 88,5 87,4 86,5 85,5 84,4 83,5 82,6 81,7 80,8 81,9 80,10 80,11 80,12 80,13
17,1 18,2 19,3 20,4 21,3 22,4 23,4 24,3 25,3 26,2 26,1 25,0 24,0 23,0 22,0 21,0 20,0 19,0 18,0
54,9 55,10 55,11 54,12 55,13 54,14 55,15 54,16 55,17 54,18 55,19 56,20 56,21 57,22 58,23 59,23 60,22 61,21 62,20 63,19 64,18 64,17 63,16 64,15 63,14 64,13 64,12 63,11 62,10 61,9 60,8 59,7 58,6 57,6 56,6 55,7 54,8
93,52 94,53 95,52 94,51
1,59 2,60 3,59 2,58
69,1 70,2 71,3 72,2 73,1 72,0 71,0 70,0
49,59 50,60 51,59 50,58
4,32 5,33 6,32 5,31
55,92 56,93 57,92 56,91
45,12 46,13 47,13 48,12 47,11 46,11
51,88 51,89 51,90 52,91 52,92 53,93 54,92 55,91 56,90 57,89 57,88 56,87 55,87 54,87 53,87 52,87
56,87 57,88 58,89 59,90 60,89 61,90 62,90 63,89 64,90 65,89 66,90 67,89 68,90 69,89 70,89 71,88 72,87 72,86 71,85 70,84 69,83 68,83 67,83 66,84 65,85 64,85 63,84 62,85 61,84 60,85 59,84 58,85 57,86
54,98 55,99 56,99 57,99 58,99 59,99 60,98 59,97 58,96 57,95 56,95 55,96 54,97
10,47 10,48 10,49 11,50 11,51 12,52 12,53 13,54 14,55 15,56 16,57 17,56 18,57 19,57 20,57 21,57 22,56 23,55 23,54 23,53 23,52 23,51 23,50 23,49 23,48 22,47 21,46 20,47 19,46 18,47 17,46 16,47 15,46 14,47 13,46 12,46 11,46
76,69 77,70 78,71 79,72 80,73 81,74 82,75 83,76 84,77 85,78 86,77 87,78 88,77 89,78 90,77 91,78 92,77 93,78 94,77 95,76 96,75 96,74 95,73 94,72 93,71 92,70 91,69 90,68 89,67 88,66 87,65 88,64 88,63 87,62 86,61 85,60 84,59 83,59 82,60 81,61 80,62 79,63 78,64 77,65 76,66 76,67 76,68
21,16 22,17 23,18 24,19 25,19 26,18 27,17 28,16 29,15 30,15 31,14 32,13 32,12 32,11 32,10 32,9 31,8 30,8 29,8 28,8 27,8 26,9 25,10 24,11 23,12 23,13 22,14 21,15
68,18 69,19 70,20 71,20 72,20 73,20 74,19 75,18 74,17 75,16 75,15 74,14 73,13 72,13 71,13 70,13 69,14 68,15 68,16 68,17
27,3 28,4 29,5 30,5 31,5 32,4 33,4 34,3 34,2 34,1 33,0 32,0 31,0 30,0 29,1 28,1 27,2
16,32 17,33 18,34 19,35 20,36 21,35 22,35 23,34 22,33 21,32 20,31 19,31 18,31 17,31
66,24 67,25 68,24 67,23
36,81 37,82 38,81 37,80
20,36 20,37 20,38 21,39 21,40 22,41 23,42 24,42 25,42 26,42 27,42 28,42 29,41 30,40 29,39 30,38 29,37 28,36 28,35 27,34 26,34 25,35 24,36 23,36 22,35 21,35
87,79 88,80 89,79 88,78
30,98 31,99 32,99 33,99 34,99 35,99 36,99 37,99 38,98 37,97 36,96 35,97 34,97 33,96 32,96 31,97
16,11 17,12 18,13 19,12 20,11 20,10 20,9 20,8 19,7 18,7 17,7 16,8 16,9 16,10
13,32 14,33 15,33 16,32 15,31 14,31
48,22 49,23 50,22 49,21
