76,90 77,89 78,88 79,87 80,86 79,85 80,84 80,83 81,82 82,81 83,80 84,79 85,78 86,77 87,76 87,75 86,74 87,73 86,72 85,71
47,12 48,13
36,6 35,7 34,8 33,9 32,10 31,11 30,12 29,13 30,14 30,15 31,16 32,17 33,18 34,19 35,20 36,21 37,22 38,23 39,24 39,25 38,26 39,27 40,28 41,28 42,27 43,26 43,25
27,7 26,8 25,9 24,10 23,10 22,9 21,10 20,11 19,11 18,12 17,13 16,14 15,15 14,16 13,17 12,18 11,19 10,20 9,19 8,20 7,20 6,21 5,22 4,23 3,24 2,25 1,25 0,26 0,27 0,28 0,29 0,30
48,57 47,56 46,55 45,54 44,53 45,52 46,51 45,50 46,49 47,48 48,47 49,46
91,39 92,38 93,37 94,36 95,35 96,34 97,33 98,32 99,31 98,30 99,29 99,28 99,27 99,26 99,25 99,24 99,23 99,22 99,21 99,20 99,19 99,18 98,17 99,16 98,15 99,14 98,13 98,12 97,11 96,10 95,9
12,28 11,29 10,30 9,31 8,32 9,33 9,34 8,35 9,36 8,37 9,38 8,39 9,40 8,41 9,42 8,43 9,44 8,45 9,46 9,47 10,48 9,49 10,50
91,18 90,19 89,20 88,21 87,22 86,23 85,23 84,22 83,23 82,23 81,24 80,25 79,26 78,27 77,28 76,29 75,30 74,31 73,31 72,30 71,31 70,30 69,31 68,30 67,31 66,30 65,31 64,30 63,31 62,30 61,31
52,97 53,96 54,95 55,94 56,93 55,92 56,91 55,90 56,89 55,88 56,87 55,86 56,85 55,84 56,83 57,82 58,81 59,81 60,80 61,79 62,78 63,77 64,77 65,78 66,77 67,76 67,75 67,74 68,73 69,72 69,71 68,70
97,90 96,89 95,88 94,87 93,86 94,85 93,84 92,83 91,82 90,81 89,80 88,79 87,78 86,77 85,76 84,75 83,74 82,73 81,72 80,71 79,72 78,71 77,72 76,71 75,72 74,71
22,7 21,8 20,9 19,8 18,9 17,9
99,23 99,24 99,25 99,26 99,27 99,28 99,29 98,30 97,31 96,32 95,32 94,31 93,30 92,29 91,28 90,27 89,26 88,25 87,24 86,23 85,24
27,18 26,19 25,20 24,21 23,22 22,23 21,24 20,25 19,26 18,27 17,28 16,29 17,30 18,31 17,32 18,33 17,34 18,35 17,36
97,61 96,62 95,62 94,63 93,64 92,65 91,66 90,67 89,68 88,68 87,69 86,70 85,71 84,70 83,71 82,70 81,71 80,70 79,71 78,70 77,69 76,70 75,70
42,99 41,98 40,97 39,96 38,95 37,94 36,93 35,92 34,91 33,90 32,89 31,88 30,87 29,86 28,85 27,84 26,83 25,82 24,81 23,80 22,79 23,78 24,77 23,76
45,52 44,51 43,50 44,49 45,48 44,47 43,46 42,45 41,44 40,43 39,42 38,41 37,42 36,41
87,71 88,72 89,73 90,74 91,75 92,76 93,77 94,78 95,79 96,80 97,81 96,82
36,33 35,32 34,31 33,30 32,29 31,28 30,27 29,26 28,25 29,24 30,23 29,22 30,21 29,20 30,19 29,18 30,17 29,16 30,15 30,14 31,13 32,12 32,11 31,10 32,9 31,8 32,7 31,6 32,5 31,4 32,3
1,73 2,72 3,71 4,70 5,69 6,68 7,67 8,66 8,65 8,64 9,63 10,62 11,61 12,60 13,59 14,58 15,57 16,56 17,55 18,54 19,53 20,52 21,51 22,50 23,49 24,48 25,48
23,56 22,56 21,55 20,54 21,53 22,52 23,51 24,50 25,49 26,48 27,47 28,46 28,45 29,44 30,43 31,42 32,41 33,40 34,39 35,38 36,37 37,36 38,35 39,34 40,33 41,32 42,31 43,32 44,32 45,33 46,34 47,33
18,11 19,10 20,9 21,9 22,10 23,9 24,10 25,11 26,12 25,13 25,14 24,15 24,16 23,17 22,18 21,19 20,20 19,21 18,22 19,23 18,24 19,25 18,26 17,27 16,28 15,29 14,30 13,31 12,32 11,33 12,34 12,35
76,44 75,45 74,45 73,46 72,46 71,45 70,46 69,47 68,48 67,49 66,50 65,51 64,52 63,53 63,54 62,55 61,56 62,57 62,58 61,59 62,60 61,61 61,62 60,63 59,64 58,65 57,64 56,65 55,65 54,66 53,65 52,64 51,65 50,65 49,64 48,65
54,8 55,9 56,10 57,11 58,12 57,13 58,14 57,15 58,16 59,17 60,18 61,19 62,20 63,21 64,20 65,19 66,20 67,19 68,19 69,19 70,20 71,19 72,20 73,20 74,21 75,22 76,23 77,23 78,24 79,25 80,26
3,11 4,10 5,9 6,8 7,7 8,6 9,6 10,7 11,6 12,7 13,8 14,9 15,8 16,9 17,8 18,9 19,9 20,10 21,9 22,10 23,9 24,10 25,11 26,12 27,13 28,14 27,15 28,16 27,17 28,18 27,19 28,20 27,21 28,22 27,23 27,24 26,25
72,19 72,18 73,17 74,16 74,15 73,14 74,13 73,12
6,42 7,43 8,44 9,45 9,46 10,47 9,48 10,49 10,50 11,51 12,52 13,53 14,54 15,55 16,56 17,57 18,57
0,89 1,90 2,91 3,90 4,90 5,90 6,89 7,88 8,87 9,86 8,85 7,84 8,83
72,57 71,56 70,55 69,54 68,53 68,52 69,51 68,50 69,49 68,48 69,47 70,46 70,45 69,44 70,43 69,42 70,41 70,40 71,39 70,38 71,37 70,36 71,35 70,34 71,33 70,32
57,37 56,36 55,35 54,34 53,33 52,32 51,31 50,32 49,31 48,32 47,31 46,30 45,29 44,29 43,30 42,29 41,29 40,28 39,27 38,26 37,25 36,24 35,23 34,22 33,21 32,20 31,19 30,18 29,17 28,16 27,15 26,14 27,13
61,58 62,59 62,60 61,61 61,62 60,63 59,64 58,65 57,66 56,67 55,68 54,69 53,70 54,71 54,72 53,73 54,74 53,75 54,76 53,77 54,78 53,79 54,80 53,81 54,82 54,83 55,84 54,85 55,86
80,10 81,11 82,12 81,13 82,14 81,15 82,16 81,17 82,18 83,19 84,20 85,21 86,22 87,21
55,42 54,43 53,44 52,45 51,46 50,45 49,46 48,47 47,48 46,49 46,50 47,51 48,52 49,53 50,54 50,55 49,56 50,57 49,58 50,59 49,60 50,61 49,62 50,63 49,64
8,53 9,54 9,55 8,56 9,57 8,58 9,59 8,60 8,61 7,62 6,63 5,64 4,64 3,63 2,64 1,63
19,21 20,22 21,23 22,24 23,25 24,24 25,23
30,76 31,75 32,74 33,73 33,72 32,71 33,70 32,69 33,68 32,67 33,66 32,65 33,64 33,63 34,62 33,61 34,60 33,59 34,58 33,57 34,56 33,55 34,54 33,53 34,52 33,51
46,11 45,12 44,13 43,14 42,15 41,16 40,17 39,18 38,19 37,18 36,19 35,18 34,19 33,18 32,17 31,16 30,15 29,14 28,13 27,12 26,11 25,12
69,46 68,45 67,44 66,43 65,43 64,42 63,42 62,41 61,40 60,39 59,38 58,37 57,36 56,35 55,34 54,33 53,32 52,31 51,30 50,31 49,32 48,31 47,31 46,30 45,29 44,28 43,27 44,26 44,25
63,39 64,40 65,41 66,42 67,42 68,43 69,44 70,43 71,42 72,43 73,42 74,43 75,43 76,44 77,44 78,45 79,46 80,47 81,48 82,49 83,50 83,51 84,52 85,53 86,54 87,55 86,56 87,57 86,58 87,59 86,60 87,61
19,48 18,49 17,48 16,47 16,46 16,45 17,44 18,43 19,42 20,41 21,40 22,39 23,38 24,37 25,36 26,35 27,34 28,33 29,33 30,32 31,32
89,21 88,22 87,22 86,21 85,21 84,20 83,19 82,18 81,17 80,16 79,15 78,14 77,13 76,12 77,11 76,10
51,70 50,69 49,68 48,67 47,66 46,65 45,64 44,65 43,65 42,64 41,65 40,64 39,65 38,64 37,65 36,66 35,66 34,65 33,66 32,65 31,66 30,65 29,66
34,99 35,99 36,99 37,98 36,97 36,96 35,95 34,94 33,93 32,92 31,91 30,90 29,89 28,88 27,87 26,86 25,85 24,84 23,83 22,82 23,81 23,80 23,79 24,78 23,77 24,76 23,75 24,74
80,42 81,41 82,40 83,41 84,40 85,41 86,40 87,41 88,40 89,40 90,39 91,38 92,37 93,36 94,35 95,34 96,33 97,32 98,31 99,30 99,29 99,28 99,27 99,26 99,25 99,24 99,23 99,22 99,21 99,20 99,19 99,18 98,17
15,64 16,63 17,62 18,61 19,60 20,59 21,58 22,57 23,56 24,57 25,56 26,55 27,54 28,55 29,54 30,53 31,52 32,51
14,36 15,37 16,38 15,39 16,40 15,41 16,42 15,43 16,44 15,45 16,46 16,47 17,48 18,49 18,50 17,51 18,52 17,53 18,54
70,93 71,92 72,91 73,90 74,89 75,88 76,87 76,86 77,85 78,84 79,83 80,82 81,81 82,80 83,79 84,78 85,77 86,76 87,75 88,74 89,73 90,72 91,71 92,70 93,69 92,68 93,67
84,37 83,36 82,35 81,34 80,33 79,32 78,31 77,30 76,29 75,28 74,27 73,28 72,29 71,28 70,29 69,28 68,29 67,28 66,28 65,27 64,26 63,25 62,24 61,23 60,22 59,21 58,20 57,19 56,18 57,17 57,16 56,15 57,14 56,13
25,3 26,4 27,5 28,6 29,7 30,8 31,9 32,9
58,99 57,99 56,99 55,98 54,99 53,99 52,98 51,99 50,98 49,99 48,98 47,99 46,98 45,99 44,98 43,99 42,98 41,99 40,98 39,99 38,98 37,99 36,99 35,99 34,99 33,99 32,99 31,99 30,99 29,99 28,98 29,97
71,68 70,69 69,70 68,71 67,72 66,71 65,72 64,71 63,71 62,70 61,71 60,72 59,72 58,73
