29,183 30,184 31,184 32,184 33,184 34,183 35,182 36,182 37,181 38,180 39,180 40,179 41,178 42,177 43,176 44,175 45,174 46,175 47,174 48,175 49,174 50,175 51,174 52,173 53,172 54,172 55,171 56,172 57,171 58,170 59,169 60,168 61,167 61,166 60,165 60,164 59,163 59,162 58,161 57,161 56,162 55,163 54,164 53,165 52,166 51,166 50,167 49,167 48,168 47,168 46,168 45,167 44,168 43,169 42,169 41,169 40,170 39,171 38,172 37,173 36,174 35,175 34,176 33,177 32,178 31,179 30,180 29,181 29,182
10,29 11,30 12,29 11,28
156,100 157,101 156,102 157,103 158,104 159,104 160,104 161,104 162,103 163,102 164,101 165,100 166,99 167,98 167,97 167,96 167,95 167,94 167,93 166,92 165,91 165,90 165,89 166,88 165,87 164,86 163,86 162,86 161,86 160,87 159,88 158,89 157,90 156,91 157,92 156,93 157,94 156,95 157,96 156,97 157,98 156,99
55,44 55,45 55,46 55,47 56,48 56,49 57,50 58,51 58,52 57,53 58,54 58,55 59,56 59,57 60,58 61,59 62,60 62,61 63,62 64,63 65,64 66,65 67,66 68,67 69,68 70,69 70,70 69,71 70,72 69,73 70,74 69,75 70,76 70,77 71,78 70,79 71,80 72,81 73,82 74,81 75,80 76,79 77,78 78,77 79,76 80,75 81,74 82,73 83,72 84,71 85,70 84,69 85,68 84,67 85,66 84,65 85,64 84,63 85,62 84,61 85,60 86,59 87,58 86,57 87,56 86,55 87,54 86,53 87,52 88,51 88,50 89,49 90,48 91,47 92,46 91,45 92,44 91,43 92,42 91,41 92,40 92,39 93,38 92,37 93,36 92,35 93,34 92,33 93,32 92,31 93,30 92,29 93,28 92,27 93,26 92,25 93,24 92,23 93,22 93,21 93,20 92,19 92,18 91,17 90,16 89,15 88,14 87,13 86,12 85,13 84,13 83,12 82,13 81,12 80,13 79,12 78,13 77,12 76,11 75,12 74,11 73,12 72,11 71,12 70,11 69,12 68,11 67,11 66,11 65,11 64,11 63,12 62,13 61,14 60,15 59,16 58,17 57,18 56,19 55,20 56,21 55,22 56,23 55,24 56,25 55,26 56,27 55,28 56,29 55,30 56,31 55,32 56,33 55,34 56,35 55,36 56,37 55,38 56,39 55,40 56,41 55,42 56,43
17,38 18,39 19,40 20,41 21,42 22,43 23,44 24,43 25,44 26,44 27,44 28,44 29,44 30,44 31,43 32,44 33,43 34,44 35,43 36,42 36,41 35,40 34,39 33,38 32,37 31,36 30,35 29,36 28,35 27,36 26,35 25,36 24,35 23,35 22,35 21,35 20,35 19,35 18,35 17,36 17,37
121,13 121,14 122,15 123,15 124,15 125,14 126,15 127,14 128,15 129,14 130,13 130,12 130,11 130,10 130,9 130,8 130,7 129,6 129,5 128,4 127,3 126,4 125,4 124,5 123,6 122,7 121,8 122,9 121,10 122,11 121,12
188,236 189,237 190,238 191,239 192,240 192,241 191,242 192,243 191,244 192,245 191,246 192,247 191,248 192,249 193,249 194,249 195,249 196,249 197,249 198,249 199,249 200,248 201,247 202,246 203,245 203,244 202,243 202,242 203,241 203,240 202,239 201,238 200,237 199,236 198,235 197,234 196,233 195,232 194,231 194,230 193,229 192,229 191,229 190,230 189,231 188,232 189,233 188,234 188,235
137,95 137,96 137,97 138,98 139,99 140,100 141,101 142,100 143,101 144,101 145,101 146,101 147,100 148,99 149,98 150,97 151,96 151,95 152,94 152,93 151,92 150,91 149,90 148,91 147,90 146,91 145,90 144,91 143,90 142,90 141,91 140,91 139,92 138,93 137,94
219,182 219,183 219,184 220,185 219,186 220,187 219,188 219,189 220,190 221,191 222,192 223,193 224,192 225,193 226,192 227,193 228,192 229,191 230,190 231,189 232,188 233,189 234,188 235,189 236,189 237,190 238,189 239,190 240,189 241,188 242,187 242,186 241,185 240,185 239,184 238,183 237,182 236,181 235,180 234,179 233,178 233,177 232,176 231,175 230,174 229,173 228,172 227,172 226,172 225,173 224,172 223,173 222,174 221,175 220,176 219,177 220,178 219,179 220,180 219,181
104,198 105,199 106,200 107,200 108,199 109,198 109,197 109,196 108,195 107,194 106,195 105,196 104,197
100,9 101,10 100,11 101,12 101,13 102,14 103,15 104,15 105,15 106,14 106,13 106,12 106,11 105,10 105,9 104,8 104,7 103,6 102,7 101,8
197,133 198,134 199,135 200,135 201,135 202,134 203,134 204,133 204,132 203,131 202,130 201,130 200,130 199,131 198,132
60,239 60,240 60,241 60,242 61,243 62,244 63,243 64,243 65,242 66,241 67,240 67,239 67,238 67,237 67,236 67,235 66,234 66,233 65,232 66,231 65,230 64,229 63,228 62,228 61,229 60,230 60,231 60,232 60,233 61,234 60,235 61,236 60,237 61,238
27,235 28,236 29,237 29,238 30,239 31,240 31,241 32,242 33,243 33,244 34,245 35,244 36,244 37,243 38,243 39,242 40,241 41,240 42,239 43,238 43,237 42,236 43,235 42,234 43,233 43,232 42,231 41,230 40,229 39,230 38,229 37,229 36,229 35,229 34,230 33,229 32,230 31,231 30,232 29,232 28,233 27,234
148,236 149,237 150,238 150,239 151,240 151,241 152,242 153,243 154,244 155,245 156,246 157,247 158,246 159,247 160,246 161,247 162,246 163,247 164,247 165,247 166,247 167,246 167,245 167,244 167,243 167,242 167,241 166,240 166,239 165,238 164,237 163,236 162,235 161,234 160,233 159,232 158,231 157,232 156,231 155,232 154,231 153,231 152,232 151,232 150,233 149,234 148,235
101,207 101,208 102,209 103,210 104,211 105,212 106,212 107,212 108,211 108,210 108,209 108,208 108,207 107,206 106,205 105,204 104,204 103,205 102,206
123,217 124,218 124,219 125,220 126,220 127,220 128,220 129,220 130,220 131,220 132,220 133,220 134,220 135,219 136,218 137,217 138,216 139,215 140,214 141,214 142,214 143,213 143,212 144,211 144,210 143,209 143,208 142,207 141,206 140,206 139,207 138,208 137,209 136,210 135,211 134,212 133,213 132,214 131,214 130,213 129,214 128,213 127,214 126,213 125,214 124,215 123,216
104,133 105,134 106,135 107,136 108,137 108,138 107,139 108,140 109,141 110,141 111,141 112,141 113,140 114,139 115,138 115,137 115,136 115,135 114,134 114,133 113,132 112,131 111,130 110,130 109,130 108,130 107,130 106,131 105,132
97,114 98,115 99,116 100,117 101,118 102,118 103,119 104,120 105,121 106,122 107,123 108,124 109,125 110,125 111,124 112,123 111,122 112,121 111,120 110,119 111,118 112,117 112,116 111,115 112,114 111,113 112,112 111,111 110,110 109,109 109,108 108,107 107,106 106,106 105,106 104,107 103,108 102,109 101,110 100,110 99,111 98,112 97,113
0,40 0,41 0,42 0,43 0,44 0,45 0,46 1,47 2,48 3,47 4,48 5,47 6,47 7,46 8,45 9,44 10,43 11,42 12,41 13,40 14,39 15,38 14,37 15,36 15,35 15,34 15,33 14,32 13,32 12,32 11,33 10,34 9,35 8,36 7,37 6,38 5,38 4,38 3,39 2,38 1,39
167,84 167,85 167,86 168,87 169,88 170,89 171,90 172,89 173,89 174,88 175,89 176,88 177,89 178,90 179,91 180,92 181,91 182,92 183,91 184,92 185,92 186,92 187,91 188,90 188,89 188,88 188,87 188,86 188,85 187,84 188,83 187,82 188,81 187,80 188,79 187,78 188,77 187,76 188,75 188,74 188,73 187,72 186,71 185,70 184,71 183,72 182,72 181,71 180,72 179,72 178,73 177,72 176,73 175,74 174,75 173,76 172,76 171,75 170,76 169,77 168,78 167,79 167,80 167,81 167,82 167,83
188,15 188,16 188,17 189,18 190,18 191,18 192,18 193,17 194,16 195,15 195,14 195,13 195,12 194,11 193,11 192,12 191,12 190,13 189,14
56,96 56,97 57,98 58,99 59,100 60,101 60,102 59,103 60,104 59,105 60,106 59,107 60,108 59,109 60,110 61,111 62,112 63,113 64,114 65,115 65,116 64,117 65,118 66,119 67,120 68,120 69,120 70,119 71,118 72,117 73,116 74,115 75,114 76,113 77,112 78,111 79,110 80,109 81,108 82,107 82,106 81,105 82,104 81,103 82,102 83,101 83,100 82,99 83,98 82,97 83,96 82,95 83,94 82,93 83,92 82,91 83,90 83,89 82,88 81,87 80,86 79,86 78,85 77,84 76,83 75,82 74,81 73,82 72,81 71,82 70,81 69,82 68,81 67,82 66,81 65,82 64,81 63,82 62,81 61,82 60,81 59,82 58,83 57,84 56,85 57,86 56,87 57,88 56,89 57,90 56,91 57,92 56,93 57,94 56,95
130,140 131,141 131,142 132,143 133,143 134,143 135,142 136,141 137,140 138,139 139,138 140,137 140,136 140,135 140,134 140,133 140,132 140,131 140,130 140,129 139,128 139,127 138,126 137,125 136,125 135,126 134,127 133,128 132,129 131,130 130,131 131,132 130,133 131,134 130,135 131,136 130,137 131,138 130,139
25,30 26,31 27,31 28,31 29,30 30,29 31,29 32,28 33,27 34,28 35,27 36,28 37,27 38,28 39,27 40,28 41,27 42,28 43,27 44,28 45,27 46,27 47,26 47,25 46,24 45,23 44,22 43,21 42,20 41,20 40,20 39,20 38,20 37,21 36,20 35,20 34,21 33,20 32,20 31,20 30,21 29,22 28,23 27,24 26,25 25,26 26,27 25,28 25,29
32,194 32,195 32,196 33,197 34,198 34,199 35,200 36,201 37,202 38,201 39,201 40,202 41,201 42,202 43,201 44,202 45,201 46,202 47,201 48,202 49,203 50,202 51,203 52,202 53,203 54,203 55,203 56,202 57,201 58,200 57,199 58,198 58,197 58,196 58,195 58,194 58,193 57,192 58,191 57,190 58,189 57,188 57,187 58,186 57,185 58,184 57,183 58,182 57,181 58,180 57,179 56,178 55,178 54,178 53,178 52,179 51,180 50,181 49,182 48,183 47,182 46,183 45,182 44,183 43,182 42,183 41,182 40,183 39,184 38,185 37,186 36,187 35,188 34,189 33,190 32,191 33,192 32,193
109,8 110,9 111,10 112,11 113,11 114,10 115,9 116,8 117,7 118,6 119,7 120,6 121,5 122,5 123,5 124,4 125,3 126,4 127,3 128,2 129,1 128,0 127,0 126,0 125,0 124,0 123,0 122,0 121,0 120,1 119,0 118,0 117,0 116,1 115,0 114,1 113,2 112,3 111,4 110,4 109,5 109,6 109,7
40,43 41,44 42,45 43,46 43,47 44,48 45,49 46,48 47,49 48,48 49,47 50,47 51,46 51,45 51,44 51,43 51,42 50,41 49,40 49,39 48,38 47,38 46,38 45,38 44,39 43,39 42,40 41,41 40,42
144,67 145,68 146,67 145,66
147,115 147,116 148,117 149,118 150,119 151,120 152,119 153,120 154,119 155,120 156,120 157,120 158,119 159,118 160,117 161,116 162,115 163,114 163,113 163,112 162,111 161,110 160,109 159,109 158,110 157,109 156,110 155,109 154,110 153,109 152,110 151,109 150,110 149,110 148,111 147,112 147,113 147,114
92,39 92,40 92,41 93,42 94,43 95,44 96,43 97,44 98,43 99,44 100,43 101,43 102,44 103,44 104,43 105,42 106,41 107,40 108,39 109,38 110,37 111,36 112,35 113,34 114,33 113,32 114,31 114,30 114,29 113,28 112,27 111,26 110,26 109,26 108,26 107,27 106,26 105,27 104,26 103,27 102,26 101,26 100,27 99,28 98,29 97,30 96,31 95,32 94,33 93,34 92,35 93,36 92,37 93,38
205,241 206,242 205,243 206,244 205,245 206,246 205,247 206,248 207,249 208,249 209,249 210,249 211,249 212,249 213,249 214,249 215,249 216,249 217,249 218,249 219,249 220,249 221,249 222,249 223,249 224,249 225,248 226,247 226,246 226,245 226,244 225,243 224,242 223,241 222,240 221,239 220,238 219,237 218,238 217,237 216,238 215,237 214,238 213,237 212,238 211,237 210,238 209,237 208,237 207,238 206,239 205,240
48,244 48,245 49,246 49,247 50,248 51,249 52,249 53,249 54,249 55,248 55,247 55,246 55,245 55,244 55,243 54,242 53,241 52,241 51,241 50,241 49,242 48,243
103,75 104,76 105,75 104,74
226,232 227,233 228,234 229,235 230,236 231,237 232,238 233,239 234,240 235,241 236,242 237,242 238,241 239,240 240,239 241,238 242,237 243,236 243,235 242,234 243,233 242,232 243,231 243,230 243,229 243,228 242,227 241,226 240,227 239,226 238,227 237,226 236,227 235,226 234,226 233,226 232,227 231,228 230,229 229,228 228,229 227,230 226,231
140,157 140,158 140,159 141,160 142,161 142,162 143,163 144,162 144,161 144,160 144,159 143,158 143,157 142,156 141,156
107,215 107,216 107,217 107,218 108,219 109,220 110,220 111,219 112,220 113,219 114,219 115,218 116,217 117,216 116,215 117,214 118,213 118,212 118,211 118,210 117,209 116,209 115,209 114,210 113,211 112,211 111,211 110,212 109,213 108,214
69,137 69,138 70,139 71,140 72,141 73,142 74,143 75,144 76,145 77,144 78,145 79,144 80,145 81,144 82,145 83,144 84,145 85,145 86,144 87,143 86,142 87,141 86,140 85,139 85,138 84,137 85,136 84,135 85,134 84,133 85,132 84,131 83,130 82,130 81,130 80,131 79,131 78,132 77,132 76,133 75,134 74,135 73,134 72,135 71,134 70,135 69,136
41,61 42,62 43,63 44,64 45,64 46,64 47,63 47,62 47,61 47,60 46,59 45,58 44,58 43,59 42,60
5,2 6,3 7,2 6,1
75,225 75,226 76,227 77,227 78,228 79,228 80,228 81,227 82,227 83,226 84,227 85,226 86,227 87,226 88,227 89,226 90,227 91,226 92,227 93,226 94,225 94,224 94,223 93,222 92,221 91,220 90,219 89,218 88,217 87,216 86,217 85,216 84,217 83,217 82,218 81,219 80,220 79,221 78,222 77,223 76,224
65,218 66,219 67,218 66,217
176,101 177,102 178,103 179,104 180,105 180,106 181,107 181,108 182,109 183,109 184,110 185,110 186,111 187,110 188,111 189,110 190,111 191,110 192,111 193,110 194,111 195,111 196,110 197,109 198,108 199,107 200,106 201,105 202,104 203,103 204,102 205,101 206,100 207,99 208,98 208,97 207,96 208,95 207,94 208,93 207,92 208,91 207,90 208,89 207,88 208,87 207,86 208,85 207,84 208,83 209,82 210,81 211,80 211,79 210,78 211,77 210,76 211,75 210,74 211,73 210,72 211,71 210,70 211,69 210,68 211,67 211,66 210,65 211,64 211,63 210,62 211,61 210,60 211,59 210,58 211,57 210,56 209,55 208,56 207,57 206,57 205,56 204,57 203,58 202,59 201,60 200,61 199,62 198,63 197,64 196,65 195,66 194,67 193,68 192,69 191,70 190,71 189,72 188,73 188,74 188,75 187,76 188,77 187,78 188,79 187,80 188,81 187,82 188,83 187,84 188,85 188,86 188,87 189,88 188,89 188,90 187,91 186,92 185,92 184,93 183,94 182,95 181,95 180,95 179,95 178,96 177,97 176,98 177,99 176,100
30,209 31,210 32,211 33,212 34,211 35,210 36,210 37,209 38,209 39,209 40,208 41,209 42,208 43,207 43,206 42,205 41,204 40,205 39,204 38,204 37,204 36,204 35,205 34,206 33,206 32,206 31,207 30,208
236,9 237,10 238,11 239,11 240,11 241,10 242,9 243,9 244,8 245,7 245,6 244,5 243,5 242,5 241,5 240,5 239,5 238,5 237,5 236,6 236,7 236,8
120,123 121,124 122,125 123,126 124,127 125,128 126,129 127,128 128,129 129,129 130,128 131,127 131,126 131,125 130,124 131,123 130,122 131,121 131,120 130,119 129,118 128,118 127,119 126,118 125,118 124,118 123,118 122,118 121,119 120,120 120,121 120,122
97,78 98,79 99,80 100,81 101,82 102,83 103,84 104,85 105,86 106,87 107,88 108,89 107,90 108,91 107,92 108,93 107,94 108,95 107,96 108,97 108,98 109,99 110,100 111,101 112,102 113,103 114,104 115,105 116,106 117,107 118,108 119,109 120,110 121,111 122,112 123,113 124,112 125,113 126,113 127,113 128,113 129,112 130,111 131,110 132,109 133,108 132,107 133,106 132,105 133,104 133,103 133,102 133,101 132,100 133,99 132,98 133,97 132,96 133,95 132,94 133,93 132,92 133,91 132,90 133,89 132,88 133,87 133,86 133,85 132,84 133,83 132,82 131,81 130,80 129,79 128,78 127,77 126,76 127,75 126,74 126,73 125,72 124,71 123,70 122,70 121,69 120,68 119,67 118,68 117,67 116,67 115,67 114,68 113,69 112,69 111,70 110,70 109,71 108,72 107,73 106,74 105,75 104,76 103,75 102,76 101,75 100,76 99,75 98,76 97,77
200,173 201,174 201,175 202,176 203,177 203,178 204,179 205,179 206,178 207,178 208,177 209,176 210,175 211,174 212,173 213,172 214,171 214,170 214,169 213,168 212,167 211,167 210,167 209,167 208,167 207,168 206,169 205,169 204,169 203,170 202,171 201,172
222,55 222,56 222,57 222,58 223,59 223,60 224,61 225,62 226,63 227,64 228,65 229,65 230,65 231,65 232,65 233,64 233,63 232,62 231,61 230,60 230,59 229,58 230,57 229,56 228,55 227,54 226,53 225,53 224,54 223,53 222,54
73,173 74,174 73,175 74,176 74,177 75,178 76,179 76,180 77,181 78,182 79,182 80,183 81,183 82,183 83,183 84,183 85,183 86,183 87,183 88,182 89,181 90,180 90,179 90,178 90,177 89,176 88,175 87,174 86,173 85,172 84,171 83,170 82,169 81,168 80,169 79,168 78,168 77,168 76,169 75,170 74,171 73,172
19,132 20,133 21,134 22,135 23,136 24,137 25,137 26,137 27,136 28,135 28,134 29,133 30,132 31,131 32,130 32,129 31,128 32,127 31,126 32,125 32,124 31,123 32,122 32,121 32,120 32,119 31,118 32,117 31,116 32,115 31,114 32,113 32,112 32,111 32,110 32,109 32,108 32,107 32,106 32,105 31,104 30,103 29,104 28,105 27,105 26,106 25,107 24,107 23,106 22,107 21,106 20,107 19,108 20,109 19,110 20,111 19,112 20,113 19,114 20,115 19,116 20,117 19,118 20,119 19,120 20,121 19,122 20,123 19,124 20,125 19,126 20,127 19,128 20,129 19,130 20,131
39,107 40,108 40,109 41,110 42,111 43,112 44,113 44,114 43,115 44,116 44,117 45,118 46,119 47,119 48,118 49,118 50,117 51,118 52,117 53,116 54,115 54,114 53,113 52,112 51,111 50,110 49,109 50,108 51,107 50,106 51,105 50,104 51,103 50,102 51,101 50,100 49,99 49,98 48,97 47,97 46,98 45,99 44,100 43,101 42,102 41,103 40,104 39,105 39,106
4,186 5,187 6,188 7,189 8,190 9,191 10,192 11,193 12,194 13,195 14,196 14,197 13,198 14,199 15,200 16,201 17,200 18,199 19,198 20,197 21,196 22,195 23,194 23,193 22,192 23,191 22,190 23,189 22,188 23,187 22,186 23,185 23,184 23,183 22,182 21,181 20,180 19,180 18,181 17,182 16,183 15,182 14,183 13,182 12,183 11,182 10,183 9,182 8,182 7,181 6,182 5,182 4,183 4,184 4,185
165,196 166,197 167,198 168,199 169,200 169,201 170,202 171,203 172,204 173,205 174,206 175,207 176,208 176,209 175,210 176,211 175,212 176,213 175,214 175,215 174,216 175,217 176,217 177,218 178,219 179,220 180,221 181,221 182,222 183,223 184,224 185,225 186,224 187,223 188,222 188,221 187,220 188,219 188,218 188,217 187,216 187,215 186,214 186,213 185,212 185,211 184,210 185,209 184,208 183,207 184,206 183,205 184,204 183,203 184,202 184,201 183,200 182,199 181,198 180,197 181,196 182,195 181,194 182,193 181,192 182,191 181,190 180,189 179,189 178,189 177,189 176,190 175,189 174,190 173,189 172,190 171,189 170,190 169,189 168,190 167,191 166,192 165,193 165,194 165,195
37,86 38,87 39,88 40,89 40,90 39,91 40,92 39,93 40,94 41,95 42,96 43,96 44,96 45,96 46,95 47,95 48,94 49,94 50,93 51,92 51,91 50,90 49,89 48,88 47,87 46,86 45,85 44,84 43,85 42,84 41,84 40,84 39,85 38,85
202,106 203,107 204,108 205,109 206,109 207,109 208,108 209,107 210,106 211,105 210,104 211,103 210,102 211,101 211,100 210,99 209,99 208,99 207,99 206,100 205,101 204,102 203,103 202,104 202,105
35,9 35,10 36,11 37,12 38,13 39,12 40,13 41,13 42,12 43,11 44,10 45,9 46,8 47,7 48,6 49,5 50,4 51,4 52,5 53,4 54,5 55,4 56,5 57,4 58,4 59,3 59,2 59,1 58,0 57,0 56,0 55,0 54,0 53,0 52,0 51,0 50,0 49,0 48,0 47,0 46,0 45,0 44,0 43,0 42,1 41,2 40,3 39,4 38,5 37,6 36,7 35,8
109,42 110,43 111,44 112,45 113,45 114,45 115,44 116,43 117,42 118,41 119,40 119,39 119,38 119,37 118,36 117,35 116,35 115,35 114,35 113,35 112,36 111,37 110,38 109,39 110,40 109,41
0,74 0,75 1,76 0,77 0,78 0,79 0,80 0,81 0,82 1,83 2,82 3,83 4,82 5,83 6,82 7,83 8,82 9,82 10,81 11,82 12,83 13,82 14,83 15,82 16,83 17,82 18,81 19,81 20,81 21,80 22,79 22,78 22,77 21,76 21,75 20,74 21,73 20,72 21,71 20,70 19,69 19,68 18,67 17,67 16,67 15,68 14,69 13,70 12,71 11,71 10,70 9,71 8,70 7,71 6,70 5,71 4,70 3,70 2,71 1,72 0,73
162,64 162,65 162,66 163,67 164,68 165,69 166,70 167,71 168,70 169,71 170,70 171,71 172,71 173,71 174,70 175,69 176,68 177,69 178,68 179,69 180,68 181,68 182,67 183,66 184,65 185,64 186,63 187,62 188,61 188,60 187,59 186,58 187,57 186,56 187,55 186,54 187,53 186,52 186,51 185,50 184,50 183,50 182,51 181,52 180,53 179,54 178,55 177,56 176,57 175,58 174,59 173,60 172,60 171,59 170,60 169,59 168,60 167,61 166,62 165,63 164,63 163,63
200,117 200,118 200,119 200,120 201,121 202,122 203,123 204,124 205,125 206,124 207,125 208,124 209,125 210,125 211,125 212,124 212,123 212,122 211,121 210,120 209,119 208,118 207,117 206,117 205,116 204,117 203,116 202,116 201,116
37,152 38,153 39,154 40,154 41,154 42,153 43,153 44,152 45,151 46,150 47,149 48,148 49,147 48,146 49,145 49,144 50,143 51,142 52,141 53,140 54,139 53,138 54,137 53,136 54,135 53,134 54,133 54,132 53,131 52,130 51,131 50,131 49,130 48,129 47,129 46,129 45,129 44,129 43,129 42,129 41,130 40,131 39,132 38,133 37,134 38,135 37,136 38,137 37,138 38,139 37,140 38,141 37,142 38,143 37,144 38,145 37,146 38,147 37,148 38,149 37,150 38,151
162,1 162,2 162,3 163,4 164,3 164,2 164,1 163,0
78,247 78,248 79,249 80,249 81,249 82,249 83,249 84,249 85,248 86,247 87,247 88,246 89,245 90,244 89,243 88,242 87,241 86,241 85,241 84,241 83,241 82,242 81,242 80,243 79,244 78,245 78,246
143,164 144,165 145,166 146,167 147,167 148,167 149,166 149,165 149,164 148,163 147,162 146,162 145,162 144,162 143,163
184,29 185,30 185,31 186,32 187,33 188,34 189,33 190,34 191,33 192,34 193,34 194,34 195,34 196,34 197,33 198,32 199,31 200,30 201,30 202,29 201,28 200,27 199,26 198,25 197,25 196,25 195,25 194,26 193,26 192,25 191,26 190,25 189,26 188,26 187,27 186,28 185,28
135,148 135,149 136,150 137,151 138,152 139,153 140,154 141,153 142,152 143,151 144,150 144,149 143,148 142,147 142,146 141,145 140,145 139,146 138,146 137,147 136,147
221,199 221,200 221,201 221,202 221,203 222,204 222,205 223,206 224,207 225,208 226,209 227,209 228,210 229,211 230,210 231,211 232,210 233,209 234,210 235,211 236,210 237,211 238,210 239,211 240,210 241,211 242,211 243,211 244,210 244,209 244,208 244,207 244,206 244,205 243,204 242,203 241,202 240,201 239,200 238,199 239,198 238,197 237,196 236,196 235,196 234,196 233,197 232,198 231,198 230,197 229,198 228,197 227,198 226,197 225,198 224,197 223,198 222,198
85,62 86,63 87,64 88,65 89,66 90,67 89,68 90,69 89,70 90,71 89,72 89,73 88,74 89,75 90,76 91,75 92,76 93,75 94,74 95,73 96,72 97,71 98,72 99,71 100,72 101,71 102,71 103,70 104,69 105,68 106,67 105,66 106,65 107,64 108,63 109,62 109,61 108,60 109,59 108,58 109,57 108,56 108,55 107,54 106,54 105,54 104,55 103,55 102,56 101,56 100,57 99,57 98,58 97,57 96,58 95,57 94,58 93,57 92,58 91,57 90,58 89,58 88,59 87,58 86,59 85,60 85,61
213,50 214,51 214,52 215,53 216,54 217,54 218,54 219,53 220,52 219,51 220,50 220,49 220,48 220,47 220,46 219,45 218,45 217,45 216,46 215,46 214,47 213,48 213,49
58,113 59,114 60,113 59,112
206,31 206,32 207,33 207,34 208,35 207,36 208,37 207,38 208,39 208,40 209,41 210,41 211,41 212,40 213,39 214,38 215,37 216,36 217,35 218,34 219,33 220,32 220,31 219,30 220,29 220,28 220,27 220,26 220,25 219,24 220,23 220,22 219,21 220,20 219,19 220,18 220,17 220,16 220,15 220,14 220,13 219,12 218,11 217,11 216,11 215,11 214,11 213,11 212,12 211,13 210,14 209,15 208,16 207,17 208,18 209,19 208,20 209,21 208,22 209,23 208,24 207,25 206,26 207,27 206,28 207,29 206,30
139,219 140,220 141,221 141,222 142,223 143,223 144,223 145,222 146,223 147,222 147,221 147,220 147,219 147,218 146,217 145,216 144,216 143,216 142,216 141,217 140,218
180,174 181,175 180,176 180,177 180,178 180,179 180,180 181,181 180,182 181,183 182,184 183,183 184,183 185,182 186,181 187,180 188,181 189,180 190,181 191,180 192,180 193,179 194,178 195,178 196,177 197,176 197,175 196,174 195,173 194,172 193,173 192,172 191,173 190,172 189,172 188,172 187,173 186,172 185,172 184,172 183,172 182,173 181,173
74,199 75,200 76,201 77,201 78,200 79,199 80,199 81,200 82,199 83,200 84,199 85,200 86,199 87,199 88,198 89,198 90,197 90,196 90,195 89,194 88,193 87,192 86,191 85,190 84,189 83,188 82,187 81,188 80,189 79,190 78,191 77,192 76,193 75,193 74,194 74,195 74,196 74,197 74,198
188,202 189,203 190,204 191,204 192,204 193,203 194,202 193,201 192,200 191,200 190,201 189,201
104,69 105,70 106,71 107,71 108,71 109,70 110,69 111,68 112,67 111,66 110,65 109,65 108,64 107,64 106,65 105,66 104,67 105,68
178,130 178,131 178,132 179,133 180,134 181,135 181,136 182,137 183,138 184,138 185,138 186,138 187,138 188,137 189,136 190,135 190,134 191,133 192,132 192,131 192,130 192,129 191,128 190,127 189,126 188,127 187,126 186,127 185,126 184,127 183,126 182,127 181,126 180,127 179,128 178,129
40,160 41,161 42,162 43,162 44,162 45,162 46,162 47,161 48,161 49,160 50,159 51,158 52,157 53,156 54,155 53,154 54,153 53,152 54,151 53,150 54,149 53,148 54,147 53,146 52,145 51,144 50,143 49,144 48,145 47,146 47,147 46,148 45,149 44,150 45,151 44,152 43,153 43,154 42,155 41,156 41,157 40,158 40,159
59,175 59,176 60,177 61,178 62,177 63,178 64,178 65,178 66,177 67,176 68,175 69,174 70,173 71,172 71,171 70,170 71,169 70,168 70,167 69,166 68,166 67,166 66,166 65,166 64,167 63,168 62,169 61,170 60,171 59,172 60,173 59,174
229,223 230,224 231,225 232,226 233,226 234,225 234,224 234,223 234,222 234,221 233,220 232,220 231,220 230,221 229,222
197,186 197,187 198,188 198,189 199,190 200,189 201,190 202,191 203,192 204,192 205,192 206,191 207,190 208,189 208,188 208,187 208,186 207,185 206,184 205,183 204,182 205,181 204,180 204,179 203,178 202,178 201,178 200,179 199,180 198,181 197,182 198,183 197,184 198,185
238,45 239,46 240,47 241,48 242,49 243,48 244,49 245,48 246,49 247,48 248,49 249,48 249,47 249,46 248,45 249,44 248,43 249,42 249,41 249,40 249,39 249,38 249,37 248,36 247,37 246,38 245,39 244,40 243,41 242,42 241,43 240,43 239,44
26,62 27,63 26,64 27,65 26,66 27,67 26,68 27,69 26,70 27,71 28,72 29,73 30,74 31,74 32,73 33,72 34,71 35,70 36,69 37,68 38,67 38,66 38,65 38,64 37,63 36,62 35,61 34,62 33,62 32,61 31,60 30,61 29,60 28,60 27,61
189,48 190,49 191,50 192,49 193,50 194,50 195,50 196,50 197,50 198,49 199,50 200,49 201,48 202,47 203,46 204,45 203,44 204,43 204,42 204,41 203,40 202,39 201,39 200,40 199,39 198,40 197,39 196,38 195,39 194,38 193,38 192,38 191,38 190,39 189,40 190,41 189,42 189,43 189,44 190,45 189,46 190,47
0,53 0,54 1,55 2,56 3,57 4,58 5,59 6,60 7,61 8,61 9,62 10,63 11,64 12,65 13,66 14,66 15,66 16,66 17,66 18,66 19,66 20,66 21,65 21,64 21,63 20,62 19,61 19,60 18,59 17,58 16,57 15,56 14,55 13,54 14,53 13,52 12,51 11,50 10,50 9,50 8,50 7,50 6,50 5,50 4,50 3,50 2,50 1,51 0,52
219,45 220,46 221,46 222,46 223,46 224,46 225,45 226,44 226,43 226,42 226,41 225,40 225,39 224,38 223,39 222,40 221,41 220,42 219,43 220,44
224,28 225,29 226,30 227,31 228,32 229,33 230,34 231,35 232,34 233,35 234,35 235,34 236,35 237,34 238,35 239,34 240,35 241,34 242,34 243,33 244,34 245,33 246,34 247,33 248,33 249,32 249,31 249,30 249,29 248,28 247,27 246,26 245,25 244,24 243,23 242,22 241,21 240,20 239,19 238,19 237,20 236,21 235,22 234,23 233,24 232,23 231,24 230,25 229,24 228,25 227,25 226,25 225,26 224,27
88,88 89,89 90,90 91,91 92,92 93,91 94,92 95,92 96,92 97,92 98,91 99,90 100,89 101,88 100,87 99,86 98,85 97,86 96,85 95,85 94,85 93,86 92,85 91,86 90,86 89,87
4,67 4,68 4,69 4,70 5,71 6,70 7,69 8,68 8,67 8,66 7,65 6,65 5,66
187,168 188,169 189,170 190,170 191,170 192,170 193,170 194,169 195,169 196,168 197,169 198,168 199,167 200,167 201,166 202,166 203,165 204,164 205,163 206,162 207,161 208,160 209,159 209,158 209,157 209,156 208,155 207,154 206,155 205,156 204,157 203,157 202,158 201,159 200,159 199,158 198,159 197,158 196,159 195,158 194,159 193,158 192,159 191,160 190,161 189,162 188,163 187,164 188,165 187,166 187,167
167,218 168,219 169,219 170,218 171,218 172,217 171,216 170,216 169,216 168,217
154,185 155,186 156,187 157,188 158,188 159,187 160,187 161,186 160,185 159,184 158,183 157,182 156,181 155,182 154,183 154,184
99,125 100,126 101,127 102,127 103,126 104,125 104,124 104,123 103,122 102,122 101,122 100,122 99,123 99,124
199,23 200,24 201,25 202,26 203,25 204,26 205,26 206,26 207,25 208,24 207,23 208,22 207,21 206,20 205,19 204,19 203,19 202,19 201,19 200,20 199,21 199,22
117,214 118,215 119,214 118,213
205,135 206,136 207,137 207,138 206,139 207,140 208,141 209,142 210,142 211,142 212,141 213,141 214,140 213,139 212,138 211,137 210,136 210,135 209,134 208,133 207,132 206,133 205,134
220,3 220,4 220,5 221,6 222,7 223,7 224,7 225,6 226,7 227,6 228,7 229,6 230,7 231,7 232,6 233,5 234,4 234,3 234,2 234,1 233,0 232,0 231,0 230,0 229,0 228,1 227,0 226,1 225,0 224,1 223,1 222,2 221,2
88,207 89,208 90,209 91,210 92,210 93,209 94,208 95,207 96,206 97,205 97,204 98,203 99,202 100,201 99,200 100,199 100,198 99,197 98,197 97,197 96,198 95,199 94,200 93,201 92,201 91,202 90,203 89,204 88,205 88,206
72,174 73,175 74,174 73,173
