148,142 148,143 148,144 148,145 149,146 150,146 151,146 152,146 153,145 153,144 153,143 152,142 151,142 150,141 149,141
217,26 217,27 217,28 218,29 219,30 220,30 221,30 222,30 223,30 224,29 225,28 226,27 227,26 227,25 228,24 228,23 229,22 229,21 230,20 230,19 230,18 230,17 229,16 228,15 227,15 226,16 225,16 224,17 223,18 224,19 224,20 225,21 225,22 225,23 224,24 223,25 222,25 221,25 220,25 219,25 218,25
167,1 167,2 168,3 169,3 170,4 171,3 171,2 172,1 171,0 170,0 169,0 168,0
197,98 198,99 199,99 200,100 201,100 202,100 203,100 204,99 205,99 206,98 207,97 206,96 205,96 204,96 203,96 202,96 201,96 200,96 199,96 198,97
142,195 142,196 142,197 142,198 143,199 144,199 145,199 146,199 147,199 148,198 149,197 150,196 151,195 150,194 149,193 148,193 147,192 146,192 145,192 144,193 143,194
63,131 64,132 65,132 66,132 67,132 68,133 69,133 70,134 71,134 72,135 73,135 74,135 75,134 74,133 75,132 74,131 74,130 73,129 72,128 71,127 70,127 69,126 68,126 67,127 66,127 65,128 64,129 64,130
139,248 140,249 141,249 142,249 143,249 144,249 145,249 146,248 145,247 144,246 143,246 142,245 141,245 140,246 139,247
88,93 88,94 88,95 89,96 90,96 91,96 92,95 93,94 94,94 95,94 96,95 97,96 98,97 98,98 99,99 100,100 101,101 102,101 103,102 104,103 105,103 106,104 107,104 108,103 109,102 109,101 110,100 110,99 111,98 112,97 111,96 110,95 109,95 108,95 107,96 106,97 105,97 104,97 103,97 102,97 101,96 100,95 100,94 100,93 100,92 100,91 101,90 102,89 103,89 104,89 105,89 106,89 107,88 108,87 109,86 109,85 109,84 108,83 107,83 106,82 105,82 104,81 103,80 102,79 101,80 100,81 99,81 98,82 98,83 98,84 98,85 97,86 96,86 95,87 94,87 93,88 92,89 91,90 90,91 89,92
65,72 66,73 67,74 67,75 68,76 68,77 69,78 69,79 70,80 71,80 72,80 73,81 74,81 75,80 76,80 77,79 78,78 79,77 80,76 81,75 81,74 81,73 80,72 79,72 78,72 77,73 76,74 75,74 74,74 73,74 72,73 71,72 70,71 69,71 68,70 67,71 66,71
47,40 48,41 49,41 50,40 50,39 51,38 52,38 53,37 54,37 55,38 56,37 56,36 55,35 54,34 53,33 52,32 51,31 50,30 49,30 48,30 47,31 47,32 47,33 48,34 48,35 48,36 47,37 47,38 47,39
239,209 240,210 241,209 240,208
240,180 240,181 241,182 241,183 242,184 243,184 244,184 245,185 246,185 247,185 248,185 249,184 249,183 249,182 249,181 249,180 248,179 247,179 246,178 245,178 244,177 243,177 242,177 241,178 241,179
100,201 100,202 101,203 102,204 103,204 104,203 105,202 105,201 105,200 104,199 103,198 102,198 101,199 100,200
50,148 51,149 52,150 53,151 54,152 55,153 56,154 57,155 58,155 59,156 59,157 60,158 61,159 62,158 63,157 63,156 62,155 62,154 61,153 60,152 60,151 60,150 59,149 59,148 58,147 57,146 56,146 55,146 54,146 53,147 52,147 51,147
112,233 113,234 114,233 113,232
105,162 105,163 105,164 106,165 106,166 107,167 107,168 107,169 108,170 108,171 108,172 108,173 108,174 108,175 107,176 106,177 105,178 105,179 106,180 107,179 108,179 109,179 110,178 111,179 112,179 113,180 113,181 114,182 114,183 114,184 114,185 113,186 113,187 114,188 114,189 114,190 115,191 116,190 117,189 118,188 119,187 119,186 120,185 121,185 122,185 123,185 124,185 125,185 126,185 127,185 128,184 127,183 127,182 127,181 127,180 128,179 128,178 128,177 129,176 128,175 127,175 126,174 125,174 124,174 123,173 122,172 121,171 120,171 119,171 118,171 117,171 116,171 115,170 116,169 115,168 115,167 115,166 115,165 115,164 114,163 113,162 112,161 111,160 110,160 109,160 108,160 107,160 106,161
61,51 61,52 62,53 62,54 63,55 64,55 65,54 66,54 67,53 67,52 68,51 67,50 66,50 65,49 64,48 63,48 62,49 62,50
0,92 0,93 0,94 0,95 0,96 0,97 0,98 0,99 0,100 1,101 0,102 0,103 0,104 0,105 0,106 0,107 0,108 0,109 1,110 1,111 1,112 1,113 2,114 3,114 4,114 5,113 5,112 5,111 5,110 5,109 5,108 6,107 7,106 8,105 8,104 9,103 10,103 11,103 12,104 13,103 14,102 15,101 15,100 15,99 15,98 16,97 17,96 18,95 18,94 19,93 20,93 21,93 22,92 23,92 24,91 24,90 24,89 24,88 25,87 25,86 24,85 23,85 22,85 21,85 20,86 20,87 19,88 19,89 18,90 18,91 17,92 16,92 15,93 14,92 13,93 13,94 12,95 11,96 10,96 9,96 8,96 7,96 6,96 5,96 4,96 3,95 3,94 3,93 4,92 4,91 4,90 3,89 2,89 1,90 1,91
136,140 136,141 137,142 138,143 139,144 140,144 141,143 141,142 142,141 143,140 144,140 145,140 146,140 147,140 148,141 149,140 149,139 148,138 148,137 147,136 146,136 145,135 144,134 144,133 144,132 144,131 144,130 144,129 144,128 144,127 145,126 146,125 147,124 146,123 145,122 144,121 143,121 142,121 141,121 140,122 139,122 138,122 137,123 136,124 136,125 137,126 138,126 139,126 140,127 140,128 141,129 141,130 141,131 141,132 142,133 142,134 141,135 140,136 139,137 138,138 137,139
245,233 246,234 247,234 248,235 249,234 249,233 249,232 249,231 249,230 249,229 248,228 247,228 246,229 246,230 245,231 246,232
168,208 168,209 169,210 170,210 171,210 172,211 173,212 174,212 175,212 176,212 177,212 178,211 179,210 180,210 181,209 182,209 183,209 184,208 184,207 184,206 184,205 183,204 182,203 181,204 180,204 179,204 178,205 177,206 176,206 175,206 174,206 173,205 173,204 172,203 172,202 172,201 172,200 171,199 170,200 169,201 169,202 169,203 169,204 169,205 169,206 169,207
40,173 41,174 42,174 43,175 44,175 45,176 46,177 47,178 48,177 49,177 50,177 51,176 52,176 53,176 54,176 55,175 56,176 56,177 56,178 56,179 55,180 55,181 55,182 56,183 57,183 58,182 59,181 60,180 60,179 60,178 60,177 61,176 61,175 62,174 62,173 62,172 62,171 62,170 63,169 64,168 65,168 66,169 67,170 68,170 69,170 70,170 71,169 72,169 73,169 74,170 74,171 75,172 75,173 75,174 74,175 73,175 72,176 71,177 71,178 72,179 73,179 74,179 75,179 76,180 76,181 77,182 78,182 79,182 80,182 81,181 82,180 83,180 84,179 85,178 85,177 85,176 86,175 86,174 85,173 84,172 83,171 82,171 81,171 80,171 79,170 78,169 77,168 76,167 76,166 76,165 77,164 78,163 79,162 80,161 80,160 79,159 79,158 79,157 79,156 80,155 81,155 82,155 83,154 83,153 83,152 83,151 83,150 82,149 81,148 80,148 79,149 78,150 77,151 77,152 77,153 77,154 77,155 76,156 75,157 75,158 75,159 75,160 74,161 73,162 72,162 71,162 70,163 69,163 68,163 67,164 66,163 65,162 64,162 63,162 62,162 61,163 60,163 59,163 58,163 57,163 56,163 55,164 54,165 54,166 54,167 54,168 53,169 52,170 51,170 50,171 49,171 48,171 47,171 46,171 45,170 44,170 43,170 42,170 41,171 40,172
196,230 196,231 197,232 198,233 199,234 200,234 201,235 202,234 203,233 203,232 204,231 203,230 204,229 205,229 206,229 207,229 208,228 209,227 210,226 211,227 212,227 213,228 214,228 215,228 216,227 217,226 218,226 219,225 219,224 220,223 221,222 222,221 223,220 223,219 223,218 222,217 221,216 220,216 219,215 218,215 217,215 216,215 215,215 214,215 213,215 212,214 211,213 210,213 209,214 208,214 207,213 206,213 205,214 205,215 205,216 206,217 207,218 207,219 208,220 209,219 210,220 211,221 211,222 210,223 209,223 208,223 207,223 206,222 205,223 204,223 203,224 202,225 201,226 200,227 199,227 198,228 197,229
83,26 84,27 85,28 86,28 87,28 88,28 89,28 90,28 91,28 92,28 93,29 94,30 95,31 96,31 97,30 98,29 99,28 99,27 98,26 98,25 97,24 96,23 95,22 94,21 93,21 92,20 91,21 91,22 90,23 89,24 88,23 87,23 86,22 85,22 84,23 83,24 83,25
40,133 40,134 41,135 42,136 43,136 44,135 45,135 46,134 45,133 45,132 44,131 43,131 42,131 41,132
151,175 152,176 152,177 153,178 153,179 153,180 152,181 151,182 151,183 152,184 152,185 153,186 153,187 153,188 153,189 152,190 152,191 151,192 151,193 152,194 153,194 154,194 155,194 156,194 157,193 157,192 156,191 156,190 156,189 157,188 156,187 157,186 157,185 157,184 156,183 156,182 155,181 156,180 157,179 158,179 159,178 160,177 160,176 160,175 160,174 160,173 160,172 160,171 160,170 159,169 159,168 158,167 157,167 156,167 155,168 154,168 153,169 152,170 151,171 151,172 151,173 151,174
110,220 111,221 111,222 112,223 113,223 114,222 115,221 116,220 117,219 118,219 119,219 120,219 121,219 122,220 123,221 124,222 125,222 126,222 127,221 126,220 126,219 126,218 125,217 124,216 124,215 124,214 124,213 124,212 125,211 125,210 124,209 123,210 122,209 121,210 120,211 119,212 118,212 117,212 116,212 115,211 114,210 113,211 112,212 112,213 111,214 111,215 110,216 110,217 110,218 110,219
188,135 189,136 190,137 191,138 191,139 191,140 192,141 193,142 194,141 194,140 193,139 193,138 193,137 194,136 194,135 195,134 196,133 197,133 198,132 199,131 200,130 200,129 200,128 200,127 199,126 199,125 199,124 199,123 199,122 198,121 197,121 196,121 195,120 194,120 193,120 192,121 191,122 191,123 190,124 189,125 190,126 191,126 192,126 193,126 194,126 195,127 195,128 195,129 195,130 194,131 193,131 192,131 191,131 190,131 189,131 188,132 188,133 188,134
59,236 60,237 60,238 61,239 62,239 63,238 64,237 65,236 66,235 67,236 67,237 67,238 68,239 69,240 70,240 71,240 72,240 73,241 73,242 72,243 72,244 72,245 72,246 73,247 74,247 75,248 76,248 77,247 77,246 78,245 77,244 77,243 77,242 76,241 77,240 78,239 79,238 80,238 81,237 81,236 80,235 79,234 78,233 77,232 76,233 75,233 74,233 73,233 72,232 71,231 70,231 69,231 68,230 67,230 66,231 65,232 64,232 63,232 62,233 61,233 60,234 59,235
191,8 192,9 192,10 193,11 193,12 194,13 195,12 196,12 197,11 198,11 199,10 200,9 201,9 202,8 203,7 203,6 203,5 203,4 202,3 202,2 201,1 200,1 199,1 198,1 197,2 196,2 195,3 196,4 195,5 194,6 193,6 192,7
230,160 230,161 230,162 230,163 231,164 232,165 232,166 233,167 234,168 235,169 236,169 237,169 238,170 239,171 240,170 241,169 241,168 240,167 239,166 239,165 239,164 239,163 240,162 240,161 241,160 240,159 239,158 238,158 237,159 236,158 235,158 234,158 233,157 232,158 231,159
50,54 50,55 50,56 50,57 50,58 50,59 50,60 50,61 51,62 52,63 53,64 54,65 54,66 55,67 56,67 57,68 58,68 59,68 60,68 61,67 62,66 61,65 60,64 59,63 59,62 59,61 59,60 59,59 59,58 59,57 58,56 57,55 56,54 55,53 54,52 53,52 52,52 51,53
97,56 98,57 99,56 98,55
110,83 111,84 112,84 113,84 114,84 115,83 116,82 117,81 118,80 117,79 116,78 115,78 114,78 113,77 112,77 111,78 111,79 110,80 110,81 110,82
126,226 126,227 126,228 126,229 127,230 128,230 129,230 130,229 131,228 132,227 133,228 134,229 134,230 135,231 135,232 135,233 136,234 137,233 138,232 138,231 138,230 138,229 138,228 137,227 137,226 138,225 139,224 140,224 141,223 141,222 141,221 140,220 139,220 138,220 137,219 136,219 135,219 134,220 133,221 132,222 131,223 131,224 130,225 129,225 128,225 127,225
199,174 200,175 201,174 201,173 200,172 199,173
174,105 175,106 176,106 177,106 178,106 179,106 180,105 181,106 182,106 183,107 184,107 185,107 186,106 186,105 186,104 186,103 186,102 185,101 184,100 184,99 184,98 185,97 186,96 187,95 188,94 188,93 187,92 186,92 185,93 184,94 183,95 182,95 181,96 180,97 179,98 179,99 179,100 178,101 177,102 176,102 175,103 174,104
103,45 103,46 104,47 104,48 105,49 106,50 107,49 108,50 109,49 110,48 111,47 112,47 113,47 114,46 114,45 115,44 115,43 115,42 114,41 113,40 112,40 111,40 110,41 109,41 108,42 107,43 106,43 105,44 104,44
3,185 3,186 3,187 3,188 4,189 4,190 4,191 4,192 4,193 4,194 5,195 5,196 6,197 6,198 7,199 8,199 9,200 10,200 11,200 12,200 13,200 14,201 15,201 16,202 17,202 18,203 19,204 19,205 18,206 18,207 18,208 18,209 19,210 20,210 21,211 22,212 23,212 24,213 25,212 26,211 26,210 26,209 27,208 28,208 29,209 30,209 31,210 32,209 33,208 33,207 33,206 33,205 32,204 31,203 30,203 29,202 29,201 28,200 28,199 28,198 27,197 26,197 25,197 24,198 24,199 23,200 22,201 21,201 20,201 19,200 18,199 18,198 17,197 17,196 16,195 15,196 14,196 13,196 12,196 11,195 10,194 11,193 11,192 12,191 13,190 14,189 13,188 12,188 11,188 10,188 9,188 8,187 8,186 8,185 7,184 6,184 5,184 4,184
170,41 170,42 170,43 171,44 172,44 173,44 174,44 175,44 176,44 177,44 178,44 179,43 180,42 181,41 181,40 182,39 181,38 180,38 179,38 178,38 177,38 176,39 175,39 174,38 173,38 172,38 171,39 171,40
165,192 166,193 167,194 168,195 169,195 170,195 171,196 172,196 173,196 174,195 175,194 174,193 173,192 172,191 171,191 170,190 169,190 168,190 167,190 166,191
8,167 9,168 10,169 11,170 12,170 13,170 14,169 15,168 15,167 16,166 17,166 18,167 19,167 20,167 21,167 22,166 22,165 23,164 23,163 24,162 23,161 22,161 21,160 20,161 19,161 18,161 17,161 16,161 15,161 14,161 13,161 12,162 11,162 10,162 9,163 9,164 8,165 8,166
44,82 45,83 46,82 45,81
241,140 241,141 241,142 242,143 242,144 243,145 244,145 245,144 246,143 246,142 246,141 245,140 245,139 244,138 243,138 242,139
76,201 77,202 78,203 79,203 80,203 81,203 82,203 83,203 84,203 85,204 86,205 87,206 87,207 88,208 89,209 90,209 91,209 92,210 93,210 94,211 94,212 94,213 94,214 94,215 94,216 95,217 96,218 96,219 97,220 97,221 97,222 98,223 99,224 100,224 101,223 102,223 103,222 104,221 104,220 104,219 104,218 103,217 102,216 101,216 100,215 100,214 100,213 100,212 100,211 100,210 99,209 99,208 98,207 97,206 96,206 95,205 94,204 94,203 93,202 92,201 91,201 90,200 89,199 90,198 90,197 90,196 89,195 89,194 89,193 90,192 90,191 89,190 88,190 87,190 86,191 85,192 85,193 84,194 84,195 83,196 82,196 81,197 80,197 79,198 78,198 77,199 77,200
146,149 146,150 146,151 147,152 148,153 149,152 150,151 150,150 149,149 149,148 148,147 147,148
96,246 97,247 98,246 97,245
232,225 232,226 232,227 232,228 233,229 234,230 235,230 236,230 237,230 238,229 238,228 239,227 239,226 239,225 238,224 237,223 236,223 235,223 234,223 233,224
216,48 217,49 218,50 219,50 220,50 221,49 222,48 222,47 221,46 220,46 219,46 218,46 217,47
144,37 144,38 144,39 144,40 144,41 145,42 146,43 147,43 148,42 149,41 149,40 148,39 148,38 147,37 146,36 145,36
58,188 59,189 60,190 61,191 62,191 63,191 64,192 64,193 65,194 65,195 66,196 65,197 64,197 63,198 62,199 61,200 62,201 62,202 62,203 62,204 63,205 62,206 62,207 61,208 61,209 61,210 60,211 60,212 61,213 62,214 63,215 64,215 65,215 66,214 66,213 66,212 66,211 66,210 67,209 68,208 69,207 70,206 71,205 70,204 69,203 69,202 69,201 70,200 70,199 70,198 70,197 71,196 71,195 71,194 71,193 71,192 70,191 70,190 70,189 71,188 71,187 71,186 71,185 70,184 69,183 68,182 67,182 66,183 65,183 64,184 63,184 62,185 61,184 60,184 59,184 58,185 58,186 58,187
229,36 229,37 230,38 230,39 230,40 231,41 232,42 233,43 233,44 233,45 233,46 233,47 234,48 235,49 236,48 237,47 238,46 239,45 240,44 241,44 242,43 241,42 241,41 240,40 240,39 239,38 238,37 237,37 236,36 236,35 236,34 236,33 235,32 234,31 233,32 232,33 231,34 230,35
45,226 46,227 47,227 48,228 49,228 50,228 51,227 51,226 51,225 50,224 49,224 48,223 47,224 46,225
163,9 163,10 163,11 163,12 163,13 164,14 165,15 166,16 167,16 168,17 169,17 170,17 171,17 172,16 172,15 172,14 172,13 172,12 171,11 170,10 169,10 168,10 167,9 166,9 165,8 164,8
28,246 28,247 28,248 29,249 30,249 31,249 32,249 33,249 34,249 35,249 36,249 37,248 38,247 38,246 38,245 38,244 38,243 37,242 36,241 37,240 38,239 39,238 40,238 41,237 42,236 43,235 44,234 44,233 44,232 44,231 43,230 42,229 41,230 40,231 39,232 38,233 37,233 36,234 35,235 34,236 33,237 32,238 31,239 31,240 30,241 29,242 29,243 29,244 29,245
0,238 0,239 1,240 2,240 3,241 4,241 5,242 6,242 7,243 8,243 9,243 10,242 10,241 11,240 10,239 9,239 8,239 7,238 6,237 5,236 4,235 3,234 2,234 1,234 0,235 0,236 0,237
7,17 8,18 9,17 8,16
83,143 83,144 84,145 85,145 86,145 87,146 88,147 88,148 89,149 90,149 91,150 92,151 93,151 94,151 95,152 96,151 97,151 98,150 97,149 97,148 96,147 96,146 96,145 95,144 94,143 93,142 92,142 91,141 90,141 89,141 88,141 87,142 86,142 85,142 84,142
137,106 138,107 138,108 139,109 140,110 141,111 140,112 140,113 140,114 140,115 141,116 142,117 143,117 144,118 145,118 146,118 147,118 148,118 149,117 150,116 151,115 150,114 149,113 148,112 148,111 147,110 146,109 145,109 144,109 143,108 143,107 142,106 142,105 141,104 140,103 139,104 138,105
179,54 180,55 181,56 181,57 181,58 181,59 180,60 180,61 180,62 180,63 181,64 182,64 183,64 184,63 185,62 186,61 187,61 188,61 189,60 190,59 191,58 191,57 190,56 189,55 188,54 187,53 188,52 189,51 189,50 190,49 191,48 192,47 192,46 193,45 193,44 193,43 192,42 192,41 192,40 192,39 191,38 190,38 189,38 188,38 187,38 186,38 185,38 184,39 185,40 186,41 186,42 186,43 186,44 186,45 185,46 184,47 184,48 184,49 183,50 182,51 181,51 180,52 179,53
199,199 200,200 201,200 202,200 203,200 204,200 205,200 206,201 206,202 205,203 204,204 203,205 203,206 203,207 203,208 204,209 205,210 205,211 206,212 207,212 208,211 209,210 210,209 211,208 212,207 213,206 213,205 213,204 212,203 212,202 211,201 210,200 210,199 210,198 210,197 209,196 209,195 208,194 207,193 206,193 205,193 204,193 203,193 202,194 201,195 200,196 199,197 199,198
224,248 225,249 226,248 225,247
156,31 156,32 156,33 156,34 156,35 156,36 156,37 156,38 156,39 157,40 157,41 158,42 159,42 160,42 161,42 162,42 163,41 164,40 164,39 164,38 163,37 162,36 161,36 160,35 159,34 160,33 161,32 162,31 162,30 162,29 161,28 160,27 159,27 158,28 158,29 157,30
60,106 60,107 60,108 61,109 61,110 61,111 62,112 63,113 64,114 65,114 66,115 67,115 68,115 69,116 70,116 71,116 72,117 73,116 74,115 75,115 76,114 75,113 74,112 73,112 72,111 71,111 70,110 69,110 68,109 67,108 66,108 65,107 66,106 66,105 66,104 66,103 66,102 65,101 64,101 63,101 62,101 61,102 60,103 60,104 60,105
169,218 170,219 171,220 172,221 173,222 173,223 172,224 172,225 172,226 173,227 173,228 174,229 175,230 176,230 177,230 178,230 179,230 180,231 181,232 182,232 183,233 184,234 184,235 184,236 184,237 184,238 184,239 185,240 186,241 187,240 188,239 189,238 189,237 189,236 189,235 189,234 189,233 189,232 189,231 189,230 190,229 189,228 188,227 187,227 186,227 185,227 184,227 183,227 182,227 181,227 180,227 179,226 178,225 178,224 177,223 176,222 175,221 175,220 175,219 175,218 175,217 174,216 173,216 172,216 171,216 170,217
162,58 162,59 162,60 163,61 164,62 165,63 166,62 167,62 168,63 169,63 170,63 171,62 172,62 173,61 173,60 174,59 173,58 172,58 171,57 170,57 169,57 168,56 167,56 166,57 165,57 164,57 163,57
224,209 225,210 225,211 226,212 226,213 227,214 228,215 229,215 230,215 231,214 232,214 233,213 233,212 233,211 233,210 233,209 232,208 231,208 230,208 229,208 228,208 227,208 226,207 225,208
128,164 128,165 128,166 129,167 129,168 130,169 131,170 132,170 133,169 134,168 134,167 135,166 135,165 136,164 135,163 134,162 133,161 132,161 131,161 130,162 129,163
178,17 178,18 178,19 178,20 179,21 180,21 181,21 182,21 183,20 184,20 185,20 186,21 187,21 188,21 189,21 190,20 190,19 190,18 189,17 188,16 187,16 186,16 185,17 184,18 183,17 182,17 181,17 180,16 179,16
231,49 232,50 233,49 232,48
6,78 7,79 8,80 9,80 10,80 11,79 12,79 13,78 14,78 15,77 14,76 14,75 15,74 14,73 13,73 12,72 11,71 10,71 9,70 8,71 8,72 8,73 8,74 7,75 7,76 6,77
100,143 101,144 102,144 103,145 104,145 105,144 106,143 105,142 105,141 104,140 103,140 102,140 101,140 100,141 100,142
165,131 165,132 166,133 167,134 168,134 169,134 170,134 171,134 172,133 172,132 172,131 171,130 170,130 169,130 168,130 167,130 166,130
138,165 139,166 139,167 140,168 141,168 142,167 143,166 143,165 144,164 145,164 146,164 147,165 148,166 149,167 150,167 151,167 152,167 153,166 154,165 154,164 155,163 154,162 154,161 153,160 152,160 151,160 150,160 149,160 148,160 147,159 146,159 145,158 144,158 143,158 142,159 141,160 140,161 139,162 139,163 138,164
35,125 36,126 37,127 38,127 39,126 40,126 41,127 42,127 43,128 44,128 45,128 46,128 47,127 48,128 49,129 50,129 51,130 52,131 53,131 54,132 53,133 54,134 53,135 52,136 52,137 52,138 52,139 53,140 54,141 55,142 56,142 57,142 58,141 58,140 59,139 59,138 59,137 60,136 60,135 59,134 58,133 57,132 57,131 57,130 57,129 57,128 57,127 56,126 55,126 54,126 53,126 52,125 51,126 50,125 49,124 50,123 51,122 51,121 52,120 52,119 52,118 52,117 51,116 50,115 49,116 48,116 47,117 47,118 46,119 45,120 44,121 43,120 43,119 42,118 41,117 40,118 40,119 40,120 41,121 41,122 40,123 39,123 38,123 37,123 36,124
67,12 68,13 69,13 70,14 71,14 72,14 73,14 74,13 75,12 75,11 76,10 75,9 74,9 73,8 72,8 71,8 70,8 69,9 68,10 68,11
71,223 72,224 73,225 74,226 74,227 75,228 75,229 76,230 77,231 78,231 79,230 80,229 81,228 81,227 82,226 83,226 84,227 85,227 86,228 87,229 88,230 89,230 90,230 91,229 92,228 91,227 90,226 90,225 90,224 90,223 90,222 90,221 91,220 90,219 89,218 88,219 87,219 86,219 85,220 84,220 83,219 82,218 81,219 80,220 79,221 78,221 77,221 76,220 75,220 74,220 73,221 72,222
115,124 115,125 115,126 116,127 117,128 118,128 119,128 120,128 121,128 122,128 123,128 124,128 125,129 125,130 125,131 125,132 125,133 126,134 127,135 128,136 129,136 130,137 131,136 132,135 132,134 133,133 132,132 132,131 132,130 132,129 131,128 131,127 130,126 130,125 129,124 128,124 127,123 126,123 125,124 124,125 123,125 122,124 122,123 121,122 120,122 119,121 118,121 117,122 116,123
7,15 8,16 9,17 10,18 11,18 12,19 13,20 14,21 15,21 16,20 17,19 18,18 19,17 19,16 20,15 19,14 18,14 17,14 16,14 15,13 14,13 13,13 12,12 11,12 10,12 9,12 8,13 7,14
14,52 15,53 16,53 17,52 17,51 16,50 15,51
76,32 77,33 78,34 78,35 79,36 79,37 80,38 80,39 80,40 81,41 81,42 82,43 83,43 84,43 85,43 86,43 87,43 88,43 89,43 90,42 90,41 90,40 90,39 89,38 88,37 87,37 86,36 85,36 84,35 84,34 84,33 83,32 83,31 82,30 82,29 81,28 80,27 79,28 78,29 78,30 77,31
13,4 14,5 15,5 16,5 17,4 18,3 18,2 17,1 16,0 15,0 14,1 13,2 13,3
19,13 19,14 20,15 21,15 22,15 23,14 24,14 25,13 26,13 27,13 28,13 29,14 30,15 31,15 32,14 33,14 34,13 34,12 34,11 33,10 32,9 31,9 30,8 29,8 28,7 27,7 26,7 25,6 24,6 23,6 22,7 22,8 21,9 21,10 20,11 20,12
0,42 0,43 0,44 0,45 0,46 0,47 1,48 2,48 3,48 4,47 5,46 5,45 4,44 3,43 3,42 2,41 2,40 2,39 1,38 0,39 0,40 0,41
106,3 107,4 108,3 107,2
58,144 59,145 60,145 61,146 62,146 63,146 64,146 65,146 66,145 67,145 68,144 69,144 70,144 71,144 72,143 71,142 70,141 69,140 68,139 67,139 66,139 65,140 64,140 63,141 62,141 61,140 60,141 60,142 59,143
223,131 223,132 224,133 225,134 226,133 227,133 228,134 229,133 230,133 231,132 230,131 229,131 228,130 227,130 226,130 225,129 224,130
175,87 175,88 175,89 175,90 176,91 177,91 178,91 179,91 180,90 181,89 182,88 183,87 184,86 185,85 186,86 187,87 187,88 187,89 187,90 187,91 188,92 189,92 190,92 191,91 192,90 192,89 192,88 192,87 192,86 192,85 192,84 192,83 191,82 190,81 189,80 188,79 187,79 186,78 187,77 187,76 188,75 188,74 189,73 189,72 188,71 187,71 186,71 185,71 184,71 183,72 182,72 181,73 181,74 180,75 181,76 182,77 183,78 184,79 184,80 183,81 183,82 182,83 181,84 180,84 179,84 178,84 177,84 176,85 176,86
165,234 165,235 165,236 166,237 167,238 168,238 169,238 170,238 171,238 172,238 173,239 172,240 171,241 170,242 169,243 169,244 168,245 168,246 167,247 167,248 168,249 169,249 170,249 171,249 172,249 173,248 173,247 174,246 175,245 176,244 177,244 178,244 179,244 180,243 180,242 179,241 178,240 177,239 176,238 175,237 175,236 175,235 174,234 173,233 172,233 171,233 170,233 169,233 168,233 167,233 166,233
166,119 167,120 168,121 169,121 170,121 171,122 172,121 173,121 174,121 175,122 176,122 177,122 178,121 179,120 179,119 179,118 179,117 180,116 179,115 178,114 178,113 177,112 176,111 175,110 174,110 173,111 172,112 172,113 171,114 171,115 170,116 169,116 168,117 167,118
79,242 79,243 80,244 81,243 81,242 80,241
230,71 231,72 232,71 231,70
218,192 219,193 220,194 220,195 221,196 222,196 223,196 224,196 225,196 226,197 227,197 228,198 229,198 230,198 231,197 232,196 232,195 231,194 230,193 229,193 228,193 227,192 226,191 226,190 226,189 226,188 226,187 227,186 227,185 227,184 227,183 226,182 226,181 225,180 224,180 223,179 222,180 221,181 221,182 221,183 221,184 222,185 222,186 221,187 220,188 219,189 218,190 218,191
99,74 100,75 101,75 102,76 103,76 104,75 105,75 106,74 107,74 108,74 109,74 110,73 110,72 109,71 108,70 107,69 106,69 105,69 104,70 103,70 102,71 101,71 100,72 99,73
83,243 84,244 85,245 86,245 87,244 88,244 89,244 90,245 91,245 92,244 93,243 93,242 92,241 91,240 90,240 89,240 88,240 87,240 86,239 85,239 84,239 83,240 83,241 83,242
118,57 119,58 120,59 121,60 122,61 123,62 124,63 125,63 126,63 127,64 128,64 129,63 130,62 130,61 129,60 128,59 127,59 126,59 125,58 124,57 124,56 123,55 124,54 125,53 126,53 127,52 127,51 126,50 127,49 126,48 127,47 127,46 127,45 127,44 126,43 125,43 124,42 123,42 122,43 121,44 121,45 121,46 121,47 120,48 120,49 119,50 119,51 120,52 120,53 120,54 119,55 119,56
124,14 125,15 126,14 125,13
154,78 155,79 156,80 157,80 158,80 159,80 160,80 161,79 162,78 163,77 164,76 165,75 166,75 167,76 168,76 169,76 170,76 171,77 172,78 172,79 173,80 174,81 175,82 176,82 177,81 177,80 178,79 178,78 179,77 179,76 178,75 178,74 177,73 176,73 175,72 174,73 173,73 172,72 172,71 171,70 170,71 169,70 168,69 167,69 166,68 165,69 164,69 163,69 162,70 161,71 160,72 159,73 159,74 158,75 157,76 156,77 155,77
65,60 65,61 66,62 66,63 67,64 68,64 69,64 70,63 71,62 71,61 71,60 70,59 69,58 68,58 67,58 66,59
36,198 37,199 38,200 39,200 40,199 41,199 42,198 42,197 41,196 41,195 40,194 39,194 38,195 37,196 37,197
