213,188 214,189 215,190 216,191 217,192 218,193 219,194 220,194 221,195 222,195 223,194 224,195 225,194 226,194 227,193 228,192 229,191 230,190 231,189 232,188 231,187 232,186 231,185 232,184 231,183 232,182 232,181 231,180 231,179 230,178 229,177 228,176 227,175 226,174 225,175 224,174 223,175 222,174 221,175 220,174 219,174 218,174 217,175 216,176 216,177 215,178 214,179 215,180 215,181 214,182 215,183 214,184 214,185 213,186 213,187
181,236 182,237 183,238 184,237 185,236 186,236 187,237 188,236 189,237 190,236 191,237 192,236 193,236 194,235 195,236 196,235 197,236 198,235 199,236 200,235 201,234 202,234 203,233 204,232 204,231 203,230 202,229 201,228 200,227 199,227 198,227 197,227 196,227 195,227 194,228 193,229 192,229 191,228 190,229 189,228 188,229 187,229 186,230 185,229 184,230 183,231 182,232 181,233 181,234 181,235
208,213 209,214 210,214 211,214 212,214 213,214 214,213 215,212 216,211 217,210 218,209 219,209 220,208 219,207 219,206 218,205 217,204 216,204 215,205 214,206 213,207 212,208 211,209 210,210 209,211 208,212
26,64 27,65 27,66 28,67 28,68 29,69 30,70 31,71 32,72 33,72 34,71 35,71 36,70 37,69 38,68 39,67 39,66 39,65 38,64 38,63 37,62 36,61 35,60 34,61 33,60 32,60 31,60 30,60 29,61 28,60 27,61 26,62 26,63
159,172 160,173 161,174 162,174 163,174 164,173 165,172 166,172 167,171 168,171 169,170 170,169 170,168 170,167 169,166 168,165 167,164 166,164 165,164 164,165 163,166 162,167 161,168 160,169 159,170 160,171
109,153 110,154 111,155 112,156 113,157 114,158 115,159 116,159 117,159 118,158 119,159 120,158 121,159 122,158 123,159 124,158 125,159 126,158 127,157 128,157 129,156 129,155 128,154 127,153 126,152 125,151 124,150 123,149 122,148 121,147 120,146 119,145 118,144 117,143 116,142 115,142 114,142 113,143 112,144 111,145 110,146 110,147 109,148 110,149 109,150 110,151 109,152
234,187 234,188 234,189 235,190 236,190 237,190 238,189 239,188 240,187 241,186 241,185 241,184 240,183 239,183 238,183 237,184 236,185 235,185 234,186
131,196 131,197 132,198 132,199 133,200 134,201 135,202 136,203 137,204 138,203 139,204 140,203 141,204 142,204 143,203 144,204 145,203 146,202 145,201 144,200 143,199 144,198 144,197 143,196 144,195 143,194 143,193 142,192 142,191 141,190 140,190 139,190 138,190 137,190 136,190 135,190 134,191 133,192 132,193 131,194 132,195
9,112 10,113 11,114 12,115 13,115 14,115 15,114 16,115 17,114 18,115 19,114 20,115 21,114 22,113 23,112 23,111 23,110 23,109 23,108 22,107 21,106 20,107 19,107 18,108 17,109 16,109 15,108 14,109 13,108 12,109 11,110 10,111
55,32 55,33 55,34 55,35 55,36 56,37 57,38 58,39 59,40 60,41 60,42 61,43 60,44 61,45 62,46 63,47 64,47 65,47 66,47 67,46 68,45 69,44 70,44 71,43 72,42 73,41 74,40 74,39 74,38 73,37 72,36 71,35 70,34 69,33 68,32 67,31 66,30 65,29 64,28 63,29 62,28 61,29 60,28 59,29 58,28 57,28 56,29 55,30 56,31
20,145 21,146 22,147 23,148 24,149 25,150 26,151 27,151 28,151 29,150 30,149 30,148 29,147 28,146 27,145 26,144 25,143 24,143 23,143 22,143 21,143 20,144
70,228 70,229 71,230 71,231 72,232 73,233 74,234 75,235 76,236 77,237 78,238 79,239 80,240 81,241 82,242 83,241 84,242 85,241 86,242 87,241 88,242 89,241 90,242 91,241 92,242 93,241 94,242 95,242 96,242 97,242 98,242 99,241 100,240 100,239 100,238 100,237 99,236 98,235 97,234 98,233 99,232 98,231 99,230 98,229 99,228 98,227 97,226 96,225 95,226 94,225 93,226 92,225 91,225 90,225 89,226 88,225 87,225 86,225 85,225 84,226 83,225 82,226 81,225 80,226 79,225 78,226 77,225 76,226 75,225 74,226 73,225 72,226 71,227
173,108 174,109 175,110 176,111 177,112 178,113 179,114 180,113 181,114 182,113 183,114 184,114 185,114 186,114 187,114 188,114 189,113 190,112 191,111 192,110 193,109 194,108 195,107 196,106 197,105 198,104 199,103 200,102 200,101 199,100 200,99 199,98 200,97 201,96 202,95 203,94 204,93 203,92 204,91 203,90 204,89 203,88 204,87 203,86 204,85 203,84 204,83 204,82 203,81 202,81 201,81 200,81 199,81 198,82 197,83 196,84 195,85 194,86 193,87 192,88 191,87 190,88 189,87 188,88 187,87 186,88 185,89 184,90 183,91 182,92 181,93 180,94 179,95 178,96 177,97 177,98 176,99 175,100 174,101 173,102 174,103 173,104 174,105 173,106 174,107
190,143 191,144 192,144 193,144 194,143 195,144 196,143 197,144 198,143 199,144 200,143 201,144 202,144 203,144 204,144 205,144 206,143 207,142 208,142 209,143 210,142 211,143 212,142 213,143 214,142 215,141 216,140 217,139 218,139 219,140 220,139 221,140 222,139 223,138 223,137 222,136 221,135 220,134 221,133 220,132 221,131 221,130 220,129 219,128 218,127 217,128 216,129 215,129 214,128 213,129 212,128 211,129 210,128 209,128 208,128 207,128 206,127 205,128 204,127 203,127 202,127 201,128 200,127 199,128 198,127 197,128 196,127 195,127 194,127 193,128 192,128 191,129 190,130 191,131 190,132 191,133 190,134 191,135 190,136 191,137 190,138 191,139 190,140 190,141 190,142
29,54 30,55 31,56 32,57 33,56 34,57 35,56 36,57 37,56 38,57 39,56 40,57 41,56 42,55 43,54 44,53 43,52 44,51 43,50 44,49 43,48 44,47 43,46 44,45 44,44 44,43 43,42 42,41 41,41 40,41 39,41 38,41 37,42 36,43 35,44 34,44 33,45 32,46 31,47 30,48 29,49 30,50 29,51 30,52 29,53
134,113 135,114 135,115 136,116 136,117 137,118 138,119 139,120 138,121 139,122 140,123 141,124 142,124 143,123 144,123 145,122 146,121 147,120 148,119 147,118 148,117 147,116 148,115 147,114 148,113 147,112 148,111 149,110 149,109 149,108 149,107 149,106 149,105 148,104 147,103 146,102 145,101 144,100 143,99 142,99 141,100 140,101 139,101 138,102 137,103 136,104 135,105 134,106 135,107 134,108 134,109 134,110 134,111 134,112
236,62 236,63 236,64 236,65 236,66 237,67 238,68 239,69 239,70 240,71 239,72 240,73 241,74 242,75 243,76 244,75 245,74 246,73 247,72 247,71 247,70 247,69 247,68 246,67 246,66 245,65 244,64 243,63 242,62 241,61 240,60 239,60 238,60 237,61
172,190 172,191 172,192 173,193 172,194 172,195 173,196 173,197 174,198 175,199 176,199 177,198 178,198 179,197 180,198 181,197 182,196 183,196 184,197 185,196 186,197 187,196 188,197 189,196 190,196 191,195 192,194 192,193 191,192 192,191 191,190 190,189 189,188 188,188 187,188 186,189 185,188 184,188 183,188 182,188 181,188 180,188 179,188 178,188 177,188 176,188 175,188 174,188 173,189
68,128 69,129 69,130 70,131 71,132 72,132 73,132 74,131 75,132 76,131 77,132 78,131 79,132 80,131 81,132 82,131 83,132 84,131 85,132 86,131 87,131 88,130 89,129 90,128 91,127 92,126 93,125 94,124 95,123 94,122 93,121 92,120 91,121 90,120 89,120 88,121 87,121 86,122 85,123 84,124 83,125 82,126 81,125 80,126 79,125 78,126 77,125 76,126 75,125 74,126 73,125 72,126 71,125 70,126 69,127
28,237 28,238 29,239 30,240 31,240 32,240 33,239 34,238 35,237 36,237 37,236 38,235 39,234 40,233 41,232 42,231 43,230 42,229 43,228 43,227 42,226 41,225 40,224 39,223 38,222 37,221 36,220 35,220 34,221 33,222 32,223 31,224 30,225 29,226 28,227 29,228 28,229 29,230 28,231 29,232 28,233 29,234 28,235 29,236
196,106 197,107 197,108 198,109 199,110 200,111 199,112 200,113 199,114 200,115 201,116 202,117 203,118 203,119 202,120 203,121 202,122 203,123 202,124 203,125 204,126 205,127 206,128 207,128 208,128 209,128 210,128 211,128 212,127 212,126 212,125 211,124 212,123 211,122 212,121 211,120 212,119 211,118 212,117 211,116 212,115 211,114 212,113 212,112 212,111 212,110 212,109 211,108 210,107 209,106 208,106 207,105 206,106 205,105 204,106 203,105 202,105 201,105 200,105 199,105 198,105 197,105
164,28 165,29 166,30 167,31 166,32 167,33 166,34 167,35 166,36 167,37 166,38 167,39 168,40 169,40 170,40 171,39 172,39 173,38 174,37 175,36 176,35 177,34 178,33 179,32 180,31 180,30 180,29 180,28 179,27 178,26 177,26 176,25 175,24 174,25 173,24 172,25 171,24 170,25 169,24 168,24 167,24 166,24 165,25 164,26 164,27
110,204 110,205 110,206 110,207 110,208 110,209 110,210 110,211 111,212 110,213 111,214 110,215 111,216 110,217 111,218 110,219 111,220 111,221 112,222 113,222 114,222 115,221 116,220 117,219 118,218 119,217 120,216 120,215 120,214 119,213 120,212 119,211 119,210 118,209 117,208 116,207 115,206 114,205 113,204 112,203 111,202 110,203
59,152 60,153 61,154 62,155 63,156 64,157 65,158 66,159 67,160 67,161 67,162 68,163 67,164 68,165 67,166 68,167 68,168 69,169 70,170 71,170 72,170 73,170 74,169 74,168 74,167 73,166 72,165 71,164 72,163 71,162 72,161 73,160 72,159 72,158 71,157 72,156 71,155 70,154 71,153 71,152 72,151 73,150 72,149 72,148 71,147 72,146 71,145 72,144 71,143 71,142 70,141 69,140 68,139 67,139 66,139 65,140 64,141 63,142 62,143 61,144 60,145 59,146 60,147 59,148 60,149 59,150 60,151
74,24 74,25 75,26 76,27 77,27 78,27 79,26 80,26 81,25 82,25 83,24 82,23 83,22 83,21 83,20 83,19 82,18 81,18 80,18 79,18 78,18 77,19 76,20 75,21 74,22 75,23
37,164 38,165 39,166 40,166 41,166 42,166 43,165 44,164 44,163 43,162 42,162 41,161 40,161 39,161 38,162 37,163
126,78 126,79 126,80 127,81 128,81 129,80 130,79 130,78 130,77 129,76 128,76 127,77
102,209 102,210 103,211 104,211 105,211 106,211 107,210 108,209 108,208 107,207 108,206 107,205 106,205 105,205 104,205 103,206 102,207 103,208
139,67 140,68 139,69 140,70 140,71 141,72 142,72 143,73 144,72 145,71 146,70 147,69 148,68 149,67 149,66 150,65 149,64 150,63 149,62 150,61 149,60 150,59 150,58 149,57 148,56 147,56 146,57 145,58 144,59 143,60 143,61 142,62 141,63 140,64 139,65 139,66
137,22 138,23 139,24 140,24 141,24 142,24 143,24 144,24 145,24 146,24 147,24 148,24 149,24 150,24 151,23 151,22 151,21 150,20 149,19 148,18 147,17 146,16 145,15 144,16 143,15 142,15 141,16 140,16 139,17 138,18 137,19 137,20 137,21
17,197 18,198 18,199 19,200 20,201 21,202 20,203 21,204 20,205 21,206 20,207 21,208 20,209 21,210 20,211 21,212 20,213 20,214 21,215 22,216 23,216 24,216 25,216 26,215 27,214 28,213 29,212 30,211 31,210 32,209 33,208 33,207 33,206 32,205 33,204 32,203 33,202 32,201 33,200 32,199 33,198 32,197 33,196 32,195 33,194 32,193 33,192 32,191 33,190 33,189 32,188 31,187 30,188 29,187 28,188 27,187 26,188 25,187 24,187 23,187 22,187 21,188 20,189 19,190 18,191 17,192 18,193 17,194 17,195 17,196
9,219 10,220 10,221 11,222 12,223 13,224 14,225 15,226 16,225 17,226 18,225 19,226 20,225 21,226 22,225 23,226 24,225 25,224 26,223 27,222 28,221 28,220 27,219 26,218 25,217 24,216 23,217 22,216 21,215 20,214 19,214 18,213 17,214 16,213 15,214 14,213 13,213 12,214 11,215 10,216 9,217 10,218
216,99 216,100 217,101 216,102 217,103 218,104 218,105 217,106 218,107 219,108 220,109 221,110 222,111 223,112 224,112 225,111 226,110 227,110 228,109 229,109 230,108 231,107 232,106 232,105 232,104 231,103 231,102 230,101 229,100 228,99 227,98 226,99 225,98 224,99 223,98 222,99 221,98 220,99 219,98 218,98 217,98
143,137 144,138 145,139 146,140 146,141 147,142 147,143 148,144 149,145 150,145 151,145 152,145 153,144 154,143 154,142 153,141 152,140 151,139 150,138 149,137 148,136 147,136 146,136 145,136 144,136
231,173 232,174 233,175 234,174 235,175 236,174 237,175 238,175 239,175 240,175 241,174 241,173 241,172 240,171 239,170 238,169 237,168 236,167 235,166 234,166 233,166 232,167 231,168 231,169 232,170 231,171 231,172
212,15 213,16 213,17 214,18 215,19 216,20 215,21 216,22 217,23 218,24 219,24 220,23 220,22 220,21 219,20 220,19 220,18 219,17 220,16 220,15 220,14 220,13 220,12 220,11 219,10 218,9 217,10 216,9 215,10 214,9 213,10 212,11 212,12 212,13 212,14
26,177 27,178 28,179 29,179 30,180 31,180 32,180 33,180 34,180 35,179 36,178 37,177 38,176 39,175 40,174 40,173 40,172 40,171 39,170 39,169 38,168 37,167 38,166 38,165 37,164 38,163 38,162 39,161 38,160 39,159 38,158 39,157 38,156 38,155 37,154 36,154 35,155 34,156 33,157 32,158 31,159 30,160 29,161 28,162 27,163 26,164 27,165 26,166 27,167 26,168 27,169 26,170 27,171 28,172 28,173 27,174 26,175 27,176
165,228 166,229 167,230 168,231 169,232 170,233 169,234 170,235 169,236 170,237 169,238 170,239 170,240 170,241 171,242 171,243 172,244 173,243 174,244 175,243 176,242 177,241 178,240 179,239 180,238 181,237 181,236 180,235 181,234 180,233 181,232 180,231 181,230 180,229 181,228 180,227 181,226 180,225 181,224 181,223 180,222 179,221 178,220 177,219 176,218 175,217 174,216 173,217 172,216 171,216 170,217 169,218 168,219 167,220 166,221 165,222 166,223 165,224 165,225 165,226 165,227
127,144 127,145 127,146 128,147 128,148 129,149 130,150 131,150 132,149 133,148 134,147 134,146 133,145 134,144 133,143 134,142 134,141 133,140 132,139 131,140 130,141 129,142 128,143
214,87 215,88 216,89 217,89 218,89 219,88 220,89 221,88 222,87 223,86 224,85 225,84 226,83 227,83 228,84 229,83 230,82 231,82 232,81 233,80 233,79 232,78 231,77 230,78 229,77 228,78 227,77 226,78 225,77 224,78 223,77 222,77 221,78 220,79 219,80 218,81 217,82 216,83 215,84 214,85 215,86
2,4 2,5 3,6 2,7 3,8 2,9 3,10 3,11 4,12 3,13 4,14 3,15 4,16 3,17 4,18 3,19 4,20 3,21 4,22 3,23 4,24 3,25 4,26 3,27 2,28 3,29 2,30 3,31 2,32 3,33 2,34 3,35 3,36 4,37 5,38 6,38 7,38 8,38 9,37 10,38 11,37 12,38 13,38 14,38 15,38 16,37 17,36 18,35 19,34 20,33 21,32 22,31 23,32 24,32 25,32 26,31 27,30 28,30 29,31 30,30 31,31 32,30 33,29 34,28 35,27 36,26 37,25 38,24 39,23 40,22 41,21 42,20 42,19 43,18 44,17 44,16 44,15 44,14 44,13 43,12 42,11 41,10 40,9 39,8 38,7 37,6 36,5 35,4 34,3 33,4 32,4 31,3 30,4 29,3 28,4 27,3 26,4 25,3 24,4 23,3 22,4 21,3 20,2 19,3 18,2 17,3 16,2 15,3 14,2 13,3 12,2 11,3 10,2 9,3 8,2 7,3 6,2 5,2 4,2 3,3
155,105 155,106 155,107 155,108 155,109 155,110 155,111 155,112 156,113 157,113 158,112 159,111 160,110 161,109 162,108 163,107 164,106 165,105 166,104 167,103 168,102 169,101 168,100 167,99 166,100 165,99 164,100 163,99 162,100 161,100 160,101 159,101 158,102 157,103 156,104
85,221 86,222 87,221 86,220
111,244 112,245 113,246 114,246 115,245 116,244 117,243 118,242 119,241 120,240 121,239 122,238 122,237 121,236 122,235 121,234 122,233 121,232 122,231 122,230 122,229 122,228 121,227 120,226 119,225 118,225 117,225 116,226 115,227 114,228 113,229 112,230 112,231 111,232 112,233 111,234 112,235 111,236 112,237 111,238 112,239 111,240 112,241 111,242 111,243
99,174 100,175 101,175 102,175 103,174 104,174 105,173 104,172 103,171 102,171 101,172 100,173
16,201 17,202 18,201 17,200
89,162 90,163 91,164 92,165 93,166 94,165 95,166 96,165 97,166 98,165 99,166 100,166 101,166 102,166 103,166 104,165 105,164 105,163 104,162 103,161 102,160 101,159 100,158 100,157 99,156 98,155 99,154 98,153 97,152 96,151 95,150 96,149 95,148 94,147 93,146 92,145 91,146 90,147 89,148 90,149 89,150 90,151 89,152 90,153 89,154 90,155 89,156 90,157 89,158 89,159 89,160 89,161
0,64 0,65 0,66 0,67 0,68 0,69 1,70 2,70 3,69 4,68 5,67 5,66 4,65 3,64 2,63 1,62 0,63
172,27 173,28 174,27 173,26
225,228 225,229 225,230 225,231 226,232 227,233 228,234 229,235 230,235 231,235 232,234 233,233 234,232 235,233 236,232 237,233 238,232 239,233 240,232 241,232 242,231 243,231 244,230 245,229 246,228 247,227 248,226 247,225 248,224 247,223 248,222 247,221 246,220 245,219 244,219 243,219 242,220 241,219 240,219 239,219 238,219 237,219 236,220 235,221 234,222 233,223 232,224 231,225 230,226 229,226 228,225 227,226 226,227
122,66 122,67 122,68 122,69 122,70 122,71 122,72 123,73 124,73 125,72 126,73 127,72 128,73 129,72 130,73 131,72 132,73 133,72 134,72 135,71 135,70 135,69 135,68 134,67 133,66 132,65 131,64 130,63 129,64 128,63 127,64 126,63 125,63 124,64 123,65
32,95 32,96 32,97 32,98 33,99 34,100 35,101 36,102 37,103 38,104 39,105 40,106 41,107 42,108 43,109 44,110 45,111 46,112 47,113 48,112 49,113 50,113 51,113 52,112 53,111 54,110 55,109 54,108 55,107 54,106 55,105 54,104 55,103 54,102 55,101 54,100 55,99 55,98 55,97 54,96 55,95 54,94 55,93 55,92 55,91 55,90 55,89 55,88 54,87 53,86 52,85 51,86 50,85 49,86 48,85 47,85 46,85 45,85 44,86 43,87 42,87 41,86 40,87 39,86 38,87 37,86 36,87 35,88 34,89 33,90 32,91 33,92 32,93 33,94
47,15 47,16 47,17 47,18 48,19 49,20 50,20 51,20 52,20 53,19 53,18 53,17 52,16 51,15 50,14 49,14 48,14
198,34 199,35 200,36 201,37 200,38 201,39 200,40 201,41 200,42 201,43 202,44 202,45 202,46 203,47 203,48 204,49 205,50 206,51 207,52 208,53 209,53 210,53 211,53 212,52 213,51 214,50 215,49 216,48 217,47 218,46 218,45 217,44 218,43 217,42 218,41 217,40 218,39 218,38 218,37 218,36 218,35 217,34 216,33 215,32 214,31 213,32 212,31 211,32 210,31 209,32 208,31 207,32 206,31 205,32 204,31 203,31 202,31 201,31 200,31 199,32 198,33
118,140 119,141 120,142 121,143 122,143 123,143 124,143 125,142 125,141 125,140 125,139 125,138 124,137 123,136 122,136 121,137 120,137 119,138 118,139
94,74 95,75 96,74 95,73
22,33 23,34 24,33 23,32
151,108 152,109 153,108 152,107
170,172 171,173 172,172 171,171
184,213 185,214 186,213 185,212
225,145 225,146 226,147 226,148 227,149 228,150 229,151 230,151 231,152 232,152 233,152 234,152 235,152 236,151 237,150 238,150 239,151 240,150 241,150 242,149 243,148 243,147 243,146 242,145 241,144 240,143 239,142 238,141 239,140 240,139 239,138 240,137 239,136 238,135 237,135 236,135 235,136 234,135 233,136 232,135 231,136 230,137 229,138 228,139 227,140 226,141 225,142 226,143 225,144
43,62 44,63 45,63 46,63 47,63 48,63 49,62 50,63 51,62 52,61 53,61 54,60 55,59 56,58 56,57 55,56 56,55 55,54 56,53 55,52 56,51 56,50 55,49 54,48 53,47 52,46 51,45 50,44 49,45 48,46 47,47 46,48 45,49 44,50 43,51 44,52 43,53 44,54 43,55 44,56 43,57 44,58 43,59 43,60 43,61
141,181 142,182 143,183 144,184 143,185 144,186 143,187 144,188 143,189 144,190 143,191 144,192 145,193 146,192 147,192 148,191 149,190 150,189 151,188 152,187 151,186 152,185 151,184 152,183 151,182 152,181 151,180 152,179 151,178 152,177 151,176 152,175 151,174 152,173 152,172 152,171 152,170 152,169 152,168 151,167 150,167 149,167 148,167 147,167 146,167 145,168 144,169 143,170 142,171 143,172 142,173 141,174 142,175 141,176 141,177 141,178 141,179 141,180
169,118 169,119 169,120 170,121 171,121 172,121 173,121 174,121 175,121 176,121 177,121 178,121 179,120 180,119 181,118 181,117 180,116 179,115 178,115 177,116 176,115 175,116 174,115 173,116 172,115 171,116 170,117
90,50 91,51 92,51 93,50 94,51 95,50 96,51 97,52 98,51 99,50 100,50 101,51 102,50 103,51 104,52 105,51 106,52 107,51 107,50 107,49 107,48 107,47 107,46 107,45 106,44 107,43 106,42 107,41 106,40 105,39 104,38 103,39 102,39 101,40 100,41 99,42 98,43 97,44 96,45 95,46 94,47 93,47 92,46 91,47 90,48 90,49
82,116 83,117 84,118 85,118 86,117 87,116 88,116 89,115 90,115 91,115 92,114 92,113 92,112 91,111 90,110 89,110 88,110 87,110 86,110 85,111 84,112 83,113 82,114 82,115
196,10 196,11 196,12 196,13 196,14 196,15 196,16 196,17 196,18 197,19 198,20 199,20 200,20 201,20 202,20 203,19 204,18 204,17 203,16 202,15 202,14 201,13 201,12 200,11 199,10 198,9 197,9
120,31 120,32 120,33 121,34 122,35 123,34 124,34 125,35 126,34 127,35 128,36 129,35 130,36 131,35 132,36 133,35 134,34 133,33 134,32 133,31 134,30 134,29 133,28 132,27 131,27 130,27 129,27 128,28 127,29 126,29 125,28 124,29 123,29 122,30 121,30
162,145 163,146 162,147 163,148 163,149 164,150 165,151 166,152 167,153 168,153 169,153 170,153 171,152 172,153 173,152 174,153 175,152 176,153 177,153 178,153 179,152 180,151 180,150 180,149 179,148 178,147 177,146 176,145 175,144 174,143 173,144 172,143 171,144 170,143 169,144 168,144 167,143 166,144 165,143 164,143 163,143 162,144
180,243 181,244 182,244 183,244 184,243 185,242 185,241 185,240 184,239 183,238 182,238 181,239 180,240 180,241 180,242
5,78 6,79 7,80 8,80 9,80 10,80 11,79 12,80 13,80 14,80 15,79 16,78 17,78 18,77 18,76 18,75 17,74 16,73 15,72 14,71 13,70 12,71 11,70 10,70 9,71 8,72 7,73 6,74 5,75 6,76 5,77
188,245 189,246 190,245 189,244
71,212 71,213 71,214 71,215 71,216 71,217 72,218 73,219 74,220 75,221 76,222 77,223 78,223 79,222 80,221 81,220 80,219 81,218 80,217 81,216 80,215 81,214 81,213 81,212 81,211 81,210 80,209 79,209 78,209 77,210 76,209 75,210 74,209 73,210 72,211
160,70 161,71 161,72 162,73 163,74 163,75 162,76 163,77 164,78 165,79 166,80 166,81 167,82 168,83 169,84 170,85 171,86 172,87 173,88 174,89 175,90 176,91 177,90 178,91 179,90 180,89 181,88 182,87 183,86 184,85 185,84 185,83 185,82 185,81 185,80 184,79 185,78 184,77 183,76 182,75 181,74 180,73 179,72 178,71 177,72 176,72 175,71 174,70 173,69 172,68 171,67 170,68 169,67 168,68 167,67 166,68 165,67 164,68 163,67 162,67 161,68 160,69
206,147 207,148 208,149 209,150 210,150 211,150 212,150 213,149 214,148 213,147 212,146 211,146 210,146 209,146 208,146 207,146
152,94 153,95 154,95 155,94 154,93 153,93
106,111 107,112 108,113 109,114 108,115 109,116 108,117 109,118 108,119 109,120 109,121 109,122 109,123 110,124 111,125 112,125 113,126 114,127 115,126 116,127 117,126 118,127 119,126 120,126 121,125 121,124 121,123 120,122 119,121 118,120 117,119 116,118 115,117 114,116 115,115 114,114 115,113 114,112 115,111 116,110 115,109 115,108 114,107 113,106 112,105 111,106 110,105 109,105 108,105 107,106 106,107 107,108 106,109 107,110
8,152 9,153 9,154 10,155 11,156 11,157 10,158 11,159 10,160 11,161 10,162 11,163 12,164 12,165 13,166 14,167 15,168 16,169 17,169 18,169 19,169 20,169 21,169 22,168 22,167 22,166 22,165 21,164 22,163 22,162 21,161 22,160 21,159 22,158 21,157 22,156 21,155 22,154 21,153 22,152 21,151 22,150 21,149 22,148 21,147 20,146 19,145 18,144 17,143 16,142 15,141 15,140 14,139 13,138 12,138 11,139 10,140 9,141 8,142 9,143 8,144 9,145 8,146 9,147 8,148 9,149 8,150 9,151
119,130 120,131 121,131 122,130 121,129 120,129
52,158 52,159 53,160 53,161 54,162 55,163 56,164 56,165 57,166 58,167 59,168 60,169 60,170 60,171 61,172 60,173 61,174 62,175 63,176 64,176 65,177 66,176 66,175 66,174 66,173 66,172 66,171 66,170 65,169 64,168 63,167 64,166 64,165 63,164 64,163 63,162 62,161 61,160 60,159 59,158 58,157 57,156 56,156 55,156 54,156 53,157
39,239 40,240 41,241 42,242 43,241 44,242 45,241 46,242 47,241 48,242 49,242 50,241 51,242 52,241 53,240 54,239 53,238 52,237 51,236 50,235 49,234 48,235 47,234 46,234 45,234 44,235 43,234 42,235 41,235 40,236 39,237 39,238
96,202 97,203 98,202 97,201
168,51 168,52 169,53 170,54 171,54 172,53 173,53 174,52 175,51 176,50 177,49 178,49 179,48 180,48 181,47 181,46 181,45 180,44 179,43 179,42 178,41 177,42 176,43 175,44 174,45 173,46 172,45 171,46 170,46 169,47 168,48 168,49 168,50
136,8 137,9 138,9 139,9 140,9 141,9 142,9 143,8 143,7 143,6 143,5 142,4 141,3 140,3 139,3 138,4 137,5 136,6 137,7
176,212 177,213 178,214 179,214 180,214 181,213 181,212 180,211 179,210 178,210 177,210 176,211
102,100 102,101 103,102 102,103 103,104 104,105 105,105 106,104 107,103 108,102 109,101 110,100 111,99 112,98 113,97 114,96 115,95 116,94 117,93 118,92 119,91 120,90 119,89 120,88 120,87 119,86 118,86 117,87 116,88 115,89 114,89 113,90 112,91 111,92 110,93 109,94 108,94 107,95 106,96 105,97 104,98 103,99
177,63 177,64 177,65 177,66 178,67 178,68 179,69 180,70 181,71 182,72 183,71 184,72 185,71 186,72 187,71 188,72 189,71 190,72 191,71 192,72 193,72 194,72 195,71 196,70 195,69 196,68 196,67 195,66 194,65 193,64 192,63 191,62 190,63 189,62 188,63 187,62 186,63 185,62 184,63 183,62 182,63 181,62 180,63 179,62 178,62
184,218 185,219 186,220 187,221 188,222 189,223 190,224 191,223 192,224 193,223 194,224 195,223 196,222 197,222 198,221 199,220 200,220 201,221 202,220 203,221 204,220 205,220 206,219 207,218 207,217 207,216 207,215 207,214 206,213 205,212 204,212 203,212 202,212 201,212 200,213 199,212 198,213 197,212 196,213 195,212 194,213 193,212 192,213 191,212 190,213 189,212 188,213 187,212 186,213 185,214 184,215 184,216 184,217
32,186 32,187 32,188 33,189 34,190 35,191 36,192 37,193 38,193 39,193 40,193 41,193 42,193 43,192 44,191 44,190 44,189 44,188 43,187 43,186 42,185 41,184 41,183 40,182 39,183 38,182 37,183 36,182 35,182 34,183 33,184 32,185
197,187 198,188 199,189 200,189 201,189 202,188 203,187 204,186 205,185 206,184 207,183 208,182 207,181 206,180 205,179 204,179 203,179 202,179 201,180 200,181 199,182 198,183 197,184 197,185 197,186
196,248 197,249 198,249 199,249 200,249 201,249 202,249 203,249 204,249 205,249 206,249 207,249 208,249 209,248 210,247 211,246 211,245 211,244 211,243 211,242 210,241 209,240 209,239 208,238 207,238 206,238 205,239 204,240 203,241 202,242 201,243 200,243 199,244 198,245 197,246 196,247
139,186 140,187 141,186 140,185
94,197 95,198 96,199 97,200 98,199 99,200 100,200 101,200 102,199 103,200 104,200 105,200 106,200 107,200 108,200 109,199 110,198 111,197 112,196 111,195 112,194 112,193 111,192 110,192 109,192 108,193 107,193 106,194 105,193 104,194 103,193 102,194 101,193 100,194 99,193 98,194 97,193 96,194 95,195 94,196
106,174 107,175 108,174 107,173
66,241 67,242 68,242 69,242 70,241 69,240 68,240 67,240
123,7 124,8 125,9 126,10 127,11 128,12 129,13 130,13 131,12 132,13 133,13 134,13 135,13 136,12 137,11 137,10 137,9 136,8 135,7 134,6 133,5 132,4 131,5 130,4 129,5 128,4 127,4 126,4 125,5 124,6
82,32 82,33 82,34 83,35 84,35 85,34 86,33 86,32 86,31 86,30 85,29 84,30 83,31
198,57 198,58 198,59 198,60 198,61 198,62 198,63 199,64 200,65 200,66 199,67 200,68 200,69 199,70 200,71 201,72 202,73 203,74 204,75 205,76 205,77 206,78 206,79 207,80 208,81 209,82 210,82 211,82 212,82 213,81 214,80 215,79 216,78 217,77 218,76 217,75 218,74 217,73 217,72 216,71 215,70 214,69 213,68 212,67 211,66 210,65 209,64 210,63 211,62 210,61 209,60 209,59 208,58 207,57 206,56 205,57 204,56 203,57 202,56 201,57 200,56 199,56
8,181 9,182 10,183 11,184 12,185 13,186 14,187 15,187 16,187 17,186 18,187 19,186 20,185 21,184 21,183 21,182 21,181 21,180 20,179 19,178 18,177 19,176 19,175 18,174 17,173 16,172 15,171 14,170 13,169 12,169 11,170 10,171 9,172 8,173 9,174 8,175 9,176 8,177 9,178 8,179 8,180
140,246 141,247 142,248 143,249 144,249 145,249 146,249 147,249 148,249 149,248 150,247 151,246 152,245 152,244 152,243 151,242 150,241 149,240 148,239 147,238 146,239 145,238 144,239 143,240 142,241 141,242 140,243 141,244 140,245
