4,26 5,27 6,28 7,28 8,28 9,27 10,28 11,27 12,27 13,26 14,25 14,24 14,23 14,22 14,21 13,20 12,20 11,20 10,20 9,21 8,21 7,22 6,23 5,24 4,25
11,10 12,11 13,10 12,9
0,49 0,50 0,51 1,52 2,51 3,50 3,49 2,48 1,47 0,48
9,96 10,97 11,96 10,95
65,67 65,68 66,69 66,70 67,71 66,72 65,73 65,74 65,75 66,76 66,77 67,78 68,79 69,80 70,81 71,80 72,81 73,80 74,81 75,81 76,80 77,80 78,79 79,78 80,77 81,76 82,75 83,74 83,73 83,72 82,71 81,71 80,70 79,69 78,68 77,67 76,66 75,65 74,65 73,64 72,65 71,64 70,65 69,64 68,64 67,64 66,65 65,66
8,48 9,49 10,50 11,51 12,52 13,53 14,54 15,55 14,56 15,57 15,58 16,59 16,60 17,61 16,62 17,63 16,64 17,65 16,66 17,67 17,68 18,69 18,70 19,71 20,70 21,69 22,69 23,69 24,68 24,67 23,66 22,65 21,64 22,63 23,62 22,61 23,60 22,59 22,58 21,57 21,56 20,55 19,54 20,53 19,52 20,51 19,50 20,49 19,48 20,47 19,46 18,45 17,44 16,44 15,45 14,45 13,46 12,45 11,46 10,46 9,47
12,84 13,85 14,85 15,84 14,83 13,83
40,81 40,82 40,83 41,84 41,85 42,86 43,87 44,88 45,89 46,90 47,90 48,90 49,89 50,90 51,89 52,90 53,89 54,90 55,89 56,90 57,90 58,90 59,90 60,89 61,88 61,87 61,86 61,85 61,84 61,83 61,82 61,81 61,80 60,79 59,78 58,79 57,80 56,80 55,79 54,78 53,79 52,80 51,81 50,80 49,79 48,79 47,78 46,79 45,78 44,79 43,78 42,79 41,80
27,69 28,70 29,70 30,69 29,68 28,68
88,69 89,70 90,71 91,71 92,70 93,69 94,68 94,67 94,66 93,65 92,65 91,65 90,65 89,66 88,67 88,68
16,5 17,6 18,5 17,4
56,41 57,42 58,41 57,40
20,30 21,31 22,31 23,31 24,31 25,31 26,30 25,29 26,28 25,27 26,26 26,25 25,24 24,23 23,23 22,24 21,25 20,26 21,27 20,28 20,29
11,93 11,94 12,95 13,96 14,97 15,98 16,99 17,99 18,99 19,99 20,98 20,97 19,96 18,95 19,94 18,93 17,92 16,91 15,90 14,90 13,90 12,91 12,92
53,98 54,99 55,99 56,99 57,99 58,99 59,98 59,97 59,96 59,95 58,94 57,94 56,94 55,95 54,96 53,97
55,47 55,48 55,49 56,50 57,51 57,52 56,53 57,54 57,55 58,56 58,57 59,58 60,59 61,60 62,61 63,60 64,59 65,58 64,57 65,56 65,55 65,54 64,53 64,52 63,51 62,50 61,49 60,48 61,47 60,46 59,45 58,45 57,45 56,46
71,61 72,62 72,63 73,64 74,65 75,65 76,65 77,65 78,65 79,64 80,65 81,64 82,63 83,62 84,61 85,60 84,59 85,58 85,57 84,56 83,55 82,55 81,55 80,56 79,57 78,58 77,59 76,60 75,59 74,60 73,59 72,60
37,47 38,48 39,49 40,50 41,50 42,50 43,50 44,49 44,48 44,47 43,46 42,45 41,45 40,45 39,46 38,46
20,91 21,92 22,93 23,94 24,94 25,94 26,94 27,93 28,92 29,91 30,90 31,89 32,88 33,87 33,86 33,85 33,84 32,83 31,82 30,83 29,82 28,83 27,82 26,83 25,82 24,83 23,82 22,82 21,83 20,84 20,85 20,86 20,87 21,88 20,89 20,90
84,76 85,77 86,78 86,79 87,80 87,81 86,82 87,83 86,84 87,85 86,86 87,87 87,88 88,89 89,89 90,89 91,89 92,89 93,88 94,87 95,86 96,85 97,84 98,83 99,82 99,81 98,80 99,79 98,78 99,77 98,76 99,75 99,74 99,73 98,72 97,72 96,72 95,72 94,72 93,72 92,72 91,73 90,72 89,73 88,73 87,74 86,75 85,75
86,38 87,39 87,40 88,41 89,42 90,42 91,41 92,40 93,39 93,38 93,37 92,36 91,35 90,35 89,35 88,36 87,37
28,75 29,76 30,75 29,74
60,1 61,2 62,3 63,4 64,5 65,6 66,7 66,8 67,9 67,10 66,11 67,12 67,13 68,14 69,15 70,15 71,14 72,15 73,14 74,15 75,14 76,15 77,14 78,15 79,14 80,15 81,15 82,14 82,13 81,12 80,11 79,10 80,9 80,8 79,7 80,6 79,5 80,4 80,3 81,2 80,1 79,0 78,0 77,0 76,0 75,0 74,0 73,0 72,0 71,0 70,0 69,0 68,0 67,0 66,0 65,0 64,0 63,0 62,0 61,0
0,1 0,2 0,3 0,4 0,5 0,6 0,7 0,8 0,9 0,10 0,11 0,12 0,13 0,14 0,15 1,16 2,15 3,14 4,13 4,12 5,11 6,10 7,9 8,8 9,7 9,6 9,5 8,4 9,3 8,2 9,1 8,0 7,0 6,0 5,0 4,0 3,0 2,0 1,0
37,44 38,45 39,44 38,43
43,66 43,67 43,68 44,69 43,70 44,71 43,72 44,73 44,74 45,75 45,76 46,77 47,78 48,79 49,80 50,80 51,80 52,80 53,79 54,78 55,77 56,78 57,77 58,77 59,76 59,75 59,74 59,73 58,72 58,71 57,70 56,69 55,68 54,67 53,66 52,65 51,64 50,65 49,64 48,64 47,64 46,64 45,64 44,65
66,50 67,51 68,51 69,50 70,49 71,48 72,48 73,47 74,46 74,45 74,44 73,43 72,42 71,41 70,42 69,43 68,43 67,44 66,45 67,46 66,47 66,48 66,49
68,86 69,87 70,86 69,85
46,21 47,22 48,22 49,21 48,20 47,19 46,20
48,22 49,23 49,24 50,25 51,26 51,27 50,28 51,29 50,30 51,31 50,32 51,33 50,34 51,35 52,36 53,36 54,36 55,36 56,36 57,36 58,35 59,34 60,33 60,32 59,31 60,30 60,29 60,28 60,27 59,26 58,25 57,24 56,23 56,22 55,21 54,21 53,21 52,21 51,21 50,21 49,21
26,6 27,7 28,8 29,9 29,10 30,11 31,12 31,13 30,14 31,15 32,16 33,17 34,18 34,19 33,20 34,21 33,22 34,23 33,24 34,25 33,26 34,27 33,28 34,29 33,30 34,31 35,32 36,32 37,31 38,31 39,30 40,29 41,28 41,27 40,26 41,25 40,24 41,23 41,22 40,21 39,20 40,19 39,18 38,17 39,16 38,15 39,14 38,13 39,12 38,11 39,10 38,9 39,8 38,7 39,6 38,5 39,4 38,3 39,2 38,1 37,0 36,0 35,0 34,0 33,0 32,0 31,0 30,1 30,2 29,3 28,4 27,5
89,58 90,59 91,58 90,57
7,13 8,14 9,15 10,16 11,15 12,14 13,13 12,12 12,11 11,10 10,9 9,9 8,10 7,11 7,12
12,39 12,40 13,41 14,42 15,43 16,44 17,44 18,43 19,42 20,41 19,40 20,39 20,38 19,37 18,36 17,35 16,36 15,37 14,37 13,38
23,51 24,52 25,53 26,54 27,53 28,54 29,54 30,53 31,52 32,51 33,50 34,50 35,49 36,48 37,47 38,46 38,45 37,44 38,43 37,42 36,41 35,40 34,40 33,40 32,41 31,42 30,43 29,42 28,43 27,43 26,44 25,44 24,45 23,46 23,47 23,48 23,49 23,50
0,83 0,84 0,85 1,86 2,87 3,88 4,89 5,89 6,89 7,89 8,89 9,88 10,89 11,88 12,87 12,86 12,85 11,84 10,83 9,82 8,82 7,83 6,83 5,82 4,83 3,82 2,82 1,82
0,91 0,92 0,93 0,94 0,95 0,96 0,97 0,98 1,99 2,98 3,97 4,96 4,95 3,94 4,93 4,92 4,91 4,90 4,89 3,88 2,89 1,90
0,73 0,74 0,75 0,76 1,77 2,77 3,77 4,77 5,77 6,77 7,76 7,75 6,74 5,73 4,72 3,72 2,72 1,72
94,90 94,91 95,92 96,93 97,93 98,93 99,92 99,91 99,90 99,89 98,88 97,88 96,88 95,89
43,95 44,96 45,95 44,94
25,33 26,34 25,35 25,36 25,37 25,38 25,39 26,40 27,39 28,40 29,39 30,39 31,38 32,37 33,36 33,35 33,34 33,33 32,32 31,31 30,30 29,31 28,30 27,31 26,32
7,74 7,75 8,76 9,77 10,78 11,78 12,77 13,76 14,75 13,74 12,73 11,72 10,72 9,72 8,73
95,1 96,2 97,3 98,4 99,3 99,2 99,1 98,0 97,0 96,0
61,24 62,25 63,26 64,27 63,28 64,29 65,30 65,31 66,32 67,33 68,34 69,35 70,34 71,35 72,35 73,34 74,33 75,32 76,31 77,30 78,29 78,28 78,27 77,26 76,25 75,24 74,23 73,22 72,22 71,21 70,20 69,19 68,20 67,19 66,20 65,19 64,19 63,19 62,19 61,20 61,21 61,22 61,23
19,15 20,16 21,15 20,14
28,98 29,99 30,99 31,99 32,99 33,99 34,98 34,97 33,96 32,95 31,95 30,95 29,95 28,96 28,97
22,18 23,19 24,20 25,21 26,21 27,20 28,19 29,18 29,17 29,16 29,15 28,14 27,14 26,14 25,14 24,15 23,15 22,16 22,17
81,20 81,21 82,22 83,23 84,24 85,25 86,24 87,25 88,25 89,25 90,25 91,24 92,23 92,22 92,21 91,20 90,19 89,18 88,18 87,18 86,18 85,18 84,18 83,18 82,19
39,59 40,60 41,61 42,60 43,59 43,58 43,57 43,56 42,55 41,56 40,57 39,58
95,26 96,27 97,28 98,28 99,27 99,26 99,25 99,24 99,23 99,22 98,21 97,22 96,23 95,24 96,25
